Log file open, 10/07/18 02:14:39
LogWindows: Failed to load 'aqProf.dll' (GetLastError=126)
LogWindows: File 'aqProf.dll' does not exist
LogWindows: Failed to load 'VtuneApi.dll' (GetLastError=126)
LogWindows: File 'VtuneApi.dll' does not exist
LogWindows: Failed to load 'VtuneApi32e.dll' (GetLastError=126)
LogWindows: File 'VtuneApi32e.dll' does not exist
LogInit: Display: Running engine for game: SurvivalProject
LogPlatformFile: Not using cached read wrapper
LogTaskGraph: Started task graph with 5 named threads and 14 total threads with 3 sets of task threads.
LogStats: Stats thread started at 0.173277
LogD3D11RHI: Loaded GFSDK_Aftermath_Lib.x64.dll
LogICUInternationalization: Display: ICU TimeZone Detection - Raw Offset: +9:00, Platform Override: ''
LogPluginManager: Mounting plugin Paper2D
LogPluginManager: Mounting plugin AISupport
LogPluginManager: Mounting plugin LightPropagationVolume
LogPluginManager: Mounting plugin CLionSourceCodeAccess
LogPluginManager: Mounting plugin CodeLiteSourceCodeAccess
LogPluginManager: Mounting plugin GitSourceControl
LogPluginManager: Mounting plugin KDevelopSourceCodeAccess
LogPluginManager: Mounting plugin NullSourceCodeAccess
LogPluginManager: Mounting plugin PerforceSourceControl
LogPluginManager: Mounting plugin SubversionSourceControl
LogPluginManager: Mounting plugin UObjectPlugin
LogPluginManager: Mounting plugin VisualStudioCodeSourceCodeAccess
LogPluginManager: Mounting plugin VisualStudioSourceCodeAccess
LogPluginManager: Mounting plugin XCodeSourceCodeAccess
LogPluginManager: Mounting plugin AssetManagerEditor
LogPluginManager: Mounting plugin CryptoKeys
LogPluginManager: Mounting plugin DataValidation
LogPluginManager: Mounting plugin FacialAnimation
LogPluginManager: Mounting plugin GameplayTagsEditor
LogPluginManager: Mounting plugin MacGraphicsSwitching
LogPluginManager: Mounting plugin MeshEditor
LogPluginManager: Mounting plugin MobileLauncherProfileWizard
LogPluginManager: Mounting plugin PluginBrowser
LogPluginManager: Mounting plugin SpeedTreeImporter
LogPluginManager: Mounting plugin DatasmithContent
LogPluginManager: Mounting plugin AlembicImporter
LogPluginManager: Mounting plugin AppleImageUtils
LogPluginManager: Mounting plugin AppleVision
LogPluginManager: Mounting plugin BackChannel
LogPluginManager: Mounting plugin CharacterAI
LogPluginManager: Mounting plugin GeometryCache
LogPluginManager: Mounting plugin HTML5Networking
LogPluginManager: Mounting plugin ProxyLODPlugin
LogPluginManager: Mounting plugin MagicLeap
LogPluginManager: Mounting plugin MagicLeapEmulator
LogPluginManager: Mounting plugin MagicLeapMedia
LogPluginManager: Mounting plugin AndroidMedia
LogPluginManager: Mounting plugin AvfMedia
LogPluginManager: Mounting plugin ImgMedia
LogPluginManager: Mounting plugin LinearTimecode
LogPluginManager: Mounting plugin MediaCompositing
LogPluginManager: Mounting plugin MediaPlayerEditor
LogPluginManager: Mounting plugin WmfMedia
LogPluginManager: Mounting plugin TcpMessaging
LogPluginManager: Mounting plugin UdpMessaging
LogPluginManager: Mounting plugin ActorSequence
LogPluginManager: Mounting plugin LevelSequenceEditor
LogPluginManager: Mounting plugin MatineeToLevelSequence
LogPluginManager: Mounting plugin NetcodeUnitTest
LogPluginManager: Mounting plugin NUTUnrealEngine4
LogPluginManager: Mounting plugin OnlineSubsystemGooglePlay
LogPluginManager: Mounting plugin OnlineSubsystemIOS
LogPluginManager: Mounting plugin OnlineSubsystem
LogPluginManager: Mounting plugin OnlineSubsystemNull
LogPluginManager: Mounting plugin OnlineSubsystemUtils
LogPluginManager: Mounting plugin LauncherChunkInstaller
LogPluginManager: Mounting plugin AndroidDeviceProfileSelector
LogPluginManager: Mounting plugin AndroidMoviePlayer
LogPluginManager: Mounting plugin AndroidPermission
LogPluginManager: Mounting plugin AppleMoviePlayer
LogPluginManager: Mounting plugin ArchVisCharacter
LogPluginManager: Mounting plugin AudioCapture
LogPluginManager: Mounting plugin CableComponent
LogPluginManager: Mounting plugin CustomMeshComponent
LogPluginManager: Mounting plugin EditableMesh
LogPluginManager: Mounting plugin ExampleDeviceProfileSelector
LogPluginManager: Mounting plugin GoogleCloudMessaging
LogPluginManager: Mounting plugin ImmediatePhysics
LogPluginManager: Mounting plugin IOSDeviceProfileSelector
LogPluginManager: Mounting plugin LinuxDeviceProfileSelector
LogPluginManager: Mounting plugin LocationServicesBPLibrary
LogPluginManager: Mounting plugin MobilePatchingUtils
LogPluginManager: Mounting plugin OculusVR
LogPluginManager: Plugin shader directory ../../../Engine/Plugins/Runtime/Oculus/OculusVR/Shaders found
LogPluginManager: Mapping shader source directory ../../../Engine/Plugins/Runtime/Oculus/OculusVR/Shaders to virtual directory /Plugin/OculusVR
LogPluginManager: Mounting plugin PhysXVehicles
LogPluginManager: Mounting plugin ProceduralMeshComponent
LogPluginManager: Mounting plugin RuntimePhysXCooking
LogPluginManager: Mounting plugin SteamVR
LogPluginManager: Mounting plugin WindowsMoviePlayer
LogStreaming: Display: Took  0.255s to configure plugins.
LogInit: Using libcurl 7.55.1-DEV
LogInit:  - built for x86_64-pc-win32
LogInit:  - supports SSL with OpenSSL/1.0.2h
LogInit:  - supports HTTP deflate (compression) using libz 1.2.8
LogInit:  - other features:
LogInit:      CURL_VERSION_SSL
LogInit:      CURL_VERSION_LIBZ
LogInit:      CURL_VERSION_IPV6
LogInit:      CURL_VERSION_ASYNCHDNS
LogInit:      CURL_VERSION_LARGEFILE
LogInit:      CURL_VERSION_IDN
LogInit:  CurlRequestOptions (configurable via config and command line):
LogInit:  - bVerifyPeer = false  - Libcurl will NOT verify peer certificate
LogInit:  - bUseHttpProxy = false  - Libcurl will NOT use HTTP proxy
LogInit:  - bDontReuseConnections = false  - Libcurl will reuse connections
LogInit:  - CertBundlePath = nullptr  - Libcurl will use whatever was configured at build time.
LogInit:  - MaxHostConnections = 16  - Libcurl will limit the number of connections to a host
LogInit:  - LocalHostAddr = Default
LogInit:  - BufferSize = 65536
LogInit: WinSock: version 1.1 (2.2), MaxSocks=32767, MaxUdp=65467
LogInit: Build: ++UE4+Release-4.20-CL-4369336
LogInit: Engine Version: 4.20.3-4369336+++UE4+Release-4.20
LogInit: Compatible Engine Version: 4.20.0-4212847+++UE4+Release-4.20
LogInit: Net CL: 4212847
LogInit: OS: Windows 7 (Service Pack 1), CPU: Intel(R) Core(TM) i5-6600 CPU @ 3.30GHz, GPU: NVIDIA GeForce GTX 960
LogInit: Compiled (64-bit): Sep 17 2018 12:26:19
LogInit: Compiled with Visual C++: 19.13.26129.00
LogInit: Build Configuration: Development
LogInit: Branch Name: ++UE4+Release-4.20
LogInit: Command Line: -EpicPortal 
LogInit: Base Directory: C:/Epic Games/UE_4.20/Engine/Binaries/Win64/
LogInit: Installed Engine Build: 1
LogDevObjectVersion: Number of dev versions registered: 20
LogDevObjectVersion:   Dev-Blueprints (B0D832E4-1F89-4F0D-ACCF-7EB736FD4AA2): 10
LogDevObjectVersion:   Dev-Build (E1C64328-A22C-4D53-A36C-8E866417BD8C): 0
LogDevObjectVersion:   Dev-Core (375EC13C-06E4-48FB-B500-84F0262A717E): 2
LogDevObjectVersion:   Dev-Editor (E4B068ED-F494-42E9-A231-DA0B2E46BB41): 24
LogDevObjectVersion:   Dev-Framework (CFFC743F-43B0-4480-9391-14DF171D2073): 34
LogDevObjectVersion:   Dev-Mobile (B02B49B5-BB20-44E9-A304-32B752E40360): 2
LogDevObjectVersion:   Dev-Networking (A4E4105C-59A1-49B5-A7C5-40C4547EDFEE): 0
LogDevObjectVersion:   Dev-Online (39C831C9-5AE6-47DC-9A44-9C173E1C8E7C): 0
LogDevObjectVersion:   Dev-Physics (78F01B33-EBEA-4F98-B9B4-84EACCB95AA2): 0
LogDevObjectVersion:   Dev-Platform (6631380F-2D4D-43E0-8009-CF276956A95A): 0
LogDevObjectVersion:   Dev-Rendering (12F88B9F-8875-4AFC-A67C-D90C383ABD29): 26
LogDevObjectVersion:   Dev-Sequencer (7B5AE74C-D270-4C10-A958-57980B212A5A): 9
LogDevObjectVersion:   Dev-VR (D7296918-1DD6-4BDD-9DE2-64A83CC13884): 2
LogDevObjectVersion:   Dev-LoadTimes (C2A15278-BFE7-4AFE-6C17-90FF531DF755): 1
LogDevObjectVersion:   Private-Geometry (6EACA3D4-40EC-4CC1-B786-8BED09428FC5): 3
LogDevObjectVersion:   Dev-AnimPhys (29E575DD-E0A3-4627-9D10-D276232CDCEA): 17
LogDevObjectVersion:   Dev-ReflectionCapture (6B266CEC-1EC7-4B8F-A30B-E4D90942FC07): 1
LogDevObjectVersion:   Dev-Automation (0DF73D61-A23F-47EA-B727-89E90C41499A): 1
LogDevObjectVersion:   FortniteMain (601D1886-AC64-4F84-AA16-D3DE0DEAC7D6): 12
LogDevObjectVersion:   Dev-Enterprise (9DFFBCD6-494F-0158-E221-12823C92A888): 1
LogStreaming: Display: Took  0.000s to delete old logs.
LogInit: Presizing for max 8388607 objects, including 0 objects not considered by GC, pre-allocating 0 bytes for permanent pool.
LogInit: Object subsystem initialized
[2018.10.06-17.14.39:922][  0]LogInit: Selected Device Profile: [Windows]
[2018.10.06-17.14.39:922][  0]LogInit: Applying CVar settings loaded from the selected device profile: [Windows]
[2018.10.06-17.14.39:932][  0]LogHAL: Display: Platform has ~ 16 GB [17113346048 / 17179869184 / 16], which maps to Larger [LargestMinGB=32, LargerMinGB=12, DefaultMinGB=8, SmallerMinGB=6, SmallestMinGB=0)
[2018.10.06-17.14.39:932][  0]LogInit: Setting Device Profile CVar: [[r.Vulkan.UseRealUBs:1]]
[2018.10.06-17.14.39:932][  0]LogInit: Going up to parent DeviceProfile []
[2018.10.06-17.14.39:933][  0]LogInit: Computer: MSDN-SPECIAL
[2018.10.06-17.14.39:933][  0]LogInit: User: Administrator
[2018.10.06-17.14.39:933][  0]LogInit: CPU Page size=4096, Cores=4
[2018.10.06-17.14.39:933][  0]LogInit: High frequency timer resolution =3.234570 MHz
[2018.10.06-17.14.39:933][  0]LogMemory: Memory total: Physical=15.9GB (16GB approx)
[2018.10.06-17.14.39:933][  0]LogMemory: Platform Memory Stats for Windows
[2018.10.06-17.14.39:933][  0]LogMemory: Process Physical Memory: 101.49 MB used, 101.49 MB peak
[2018.10.06-17.14.39:933][  0]LogMemory: Process Virtual Memory: 90.79 MB used, 90.79 MB peak
[2018.10.06-17.14.39:933][  0]LogMemory: Physical Memory: 12081.44 MB used,  4239.12 MB free, 16320.56 MB total
[2018.10.06-17.14.39:933][  0]LogMemory: Virtual Memory: 482.19 MB used,  4239.12 MB free, 8388608.00 MB total
[2018.10.06-17.14.39:969][  0]LogInit: Using OS detected language (ko-KR).
[2018.10.06-17.14.39:970][  0]LogInit: Using OS detected locale (ko-KR).
[2018.10.06-17.14.39:970][  0]LogTextLocalizationManager: No specific localization for 'ko-KR' exists, so the 'ko' localization will be used.
[2018.10.06-17.14.40:343][  0]LogStreaming: Display: Took  0.374s to InitEngineTextLocalization.
[2018.10.06-17.14.40:344][  0]LogWindows: Failed to load 'shcore.dll' (GetLastError=126)
[2018.10.06-17.14.40:344][  0]LogWindows: File 'shcore.dll' does not exist
[2018.10.06-17.14.40:344][  0]LogInit: Setting process to DPI aware
[2018.10.06-17.14.40:398][  0]LogSlate: New Slate User Created.  User Index 0, Is Virtual User: 0
[2018.10.06-17.14.40:398][  0]LogSlate: Slate User Registered.  User Index 0, Is Virtual User: 0
[2018.10.06-17.14.40:760][  0]LogHMD: Failed to initialize OpenVR with code 110
[2018.10.06-17.14.40:760][  0]LogD3D11RHI: D3D11 adapters:
[2018.10.06-17.14.40:792][  0]LogD3D11RHI:    0. 'NVIDIA GeForce GTX 960' (Feature Level 11_0)
[2018.10.06-17.14.40:792][  0]LogD3D11RHI:       1969/0/7904 MB DedicatedVideo/DedicatedSystem/SharedSystem, Outputs:2, VendorId:0x10de
[2018.10.06-17.14.40:792][  0]LogD3D11RHI: Chosen D3D11 Adapter: 0
[2018.10.06-17.14.40:799][  0]LogD3D11RHI: Creating new Direct3DDevice
[2018.10.06-17.14.40:799][  0]LogD3D11RHI:     GPU DeviceId: 0x1401 (for the marketing name, search the web for "GPU Device Id")
[2018.10.06-17.14.40:799][  0]LogWindows: EnumDisplayDevices:
[2018.10.06-17.14.40:799][  0]LogWindows:    0. 'NVIDIA GeForce GTX 960' (P:1 D:1)
[2018.10.06-17.14.40:800][  0]LogWindows:    1. 'NVIDIA GeForce GTX 960' (P:0 D:1)
[2018.10.06-17.14.40:800][  0]LogWindows:    2. 'NVIDIA GeForce GTX 960' (P:0 D:0)
[2018.10.06-17.14.40:801][  0]LogWindows:    3. 'NVIDIA GeForce GTX 960' (P:0 D:0)
[2018.10.06-17.14.40:801][  0]LogWindows:    4. 'RDPDD Chained DD' (P:0 D:0)
[2018.10.06-17.14.40:802][  0]LogWindows:    5. 'RDP Encoder Mirror Driver' (P:0 D:0)
[2018.10.06-17.14.40:802][  0]LogWindows:    6. 'RDP Reflector Display Driver' (P:0 D:0)
[2018.10.06-17.14.40:803][  0]LogWindows: DebugString: GetVideoDriverDetailsInvalid PrimaryIsNotTheChoosenAdapter GetVideoDriverDetailsInvalid PrimaryIsNotTheChoosenAdapter GetVideoDriverDetailsInvalid PrimaryIsNotTheChoosenAdapter FoundDriverCount:4 
[2018.10.06-17.14.40:803][  0]LogD3D11RHI:     Adapter Name: NVIDIA GeForce GTX 960
[2018.10.06-17.14.40:803][  0]LogD3D11RHI:   Driver Version: 388.13 (internal:23.21.13.8813, unified:388.13)
[2018.10.06-17.14.40:803][  0]LogD3D11RHI:      Driver Date: 10-27-2017
[2018.10.06-17.14.40:803][  0]LogRHI: Texture pool is 1378 MB (70% of 1969 MB)
[2018.10.06-17.14.40:816][  0]LogD3D11RHI: Async texture creation enabled
[2018.10.06-17.14.41:065][  0]LogD3D11RHI: GPU Timing Frequency: 1000.000000 (Debug: 2 2)
[2018.10.06-17.14.41:073][  0]LogShaderCompilers: Guid format shader working directory is 20 characters bigger than the processId version (D:/Epic Games/2PAC/SurvivalProject/Intermediate/Shaders/WorkingDirectory/7424/).
[2018.10.06-17.14.41:073][  0]LogShaderCompilers: Cleaned the shader compiler working directory 'C:/Users/Administrator/AppData/Local/Temp/UnrealShaderWorkingDir/A3A6067D42556802E9532DBA99EC8A61/'.
[2018.10.06-17.14.41:456][  0]LogTemp: Display: Loaded TP AllDesktopTargetPlatform
[2018.10.06-17.14.41:477][  0]LogTemp: Display: Loaded TP MacClientTargetPlatform
[2018.10.06-17.14.41:489][  0]LogTemp: Display: Loaded TP MacNoEditorTargetPlatform
[2018.10.06-17.14.41:502][  0]LogTemp: Display: Loaded TP MacServerTargetPlatform
[2018.10.06-17.14.41:515][  0]LogTemp: Display: Loaded TP MacTargetPlatform
[2018.10.06-17.14.41:528][  0]LogTemp: Display: Loaded TP WindowsClientTargetPlatform
[2018.10.06-17.14.41:541][  0]LogTemp: Display: Loaded TP WindowsNoEditorTargetPlatform
[2018.10.06-17.14.41:555][  0]LogTemp: Display: Loaded TP WindowsServerTargetPlatform
[2018.10.06-17.14.41:560][  0]LogTemp: Display: Loaded TP WindowsTargetPlatform
[2018.10.06-17.14.41:637][  0]LogTemp: Display: Loaded TP AndroidTargetPlatform
[2018.10.06-17.14.41:637][  0]LogTemp: Display: Loaded TP AndroidTargetPlatform
[2018.10.06-17.14.41:637][  0]LogTemp: Display: Loaded TP AndroidTargetPlatform
[2018.10.06-17.14.41:637][  0]LogTemp: Display: Loaded TP AndroidTargetPlatform
[2018.10.06-17.14.41:637][  0]LogTemp: Display: Loaded TP AndroidTargetPlatform
[2018.10.06-17.14.41:637][  0]LogTemp: Display: Loaded TP AndroidTargetPlatform
[2018.10.06-17.14.41:637][  0]LogTemp: Display: Loaded TP AndroidTargetPlatform
[2018.10.06-17.14.41:637][  0]LogTemp: Display: Loaded TP AndroidTargetPlatform
[2018.10.06-17.14.41:637][  0]LogTemp: Display: Loaded TP AndroidTargetPlatform
[2018.10.06-17.14.41:637][  0]LogTemp: Display: Loaded TP AndroidTargetPlatform
[2018.10.06-17.14.41:637][  0]LogTemp: Display: Loaded TP AndroidTargetPlatform
[2018.10.06-17.14.41:637][  0]LogTemp: Display: Loaded TP AndroidTargetPlatform
[2018.10.06-17.14.41:637][  0]LogTemp: Display: Loaded TP AndroidTargetPlatform
[2018.10.06-17.14.41:637][  0]LogTemp: Display: Loaded TP AndroidTargetPlatform
[2018.10.06-17.14.41:637][  0]LogTemp: Display: Loaded TP AndroidTargetPlatform
[2018.10.06-17.14.41:637][  0]LogTemp: Display: Loaded TP AndroidTargetPlatform
[2018.10.06-17.14.41:637][  0]LogTemp: Display: Loaded TP AndroidTargetPlatform
[2018.10.06-17.14.41:637][  0]LogTemp: Display: Loaded TP AndroidTargetPlatform
[2018.10.06-17.14.41:639][  0]LogTemp: Display: Loaded TP HTML5TargetPlatform
[2018.10.06-17.14.41:696][  0]LogTemp: Display: Loaded TP IOSTargetPlatform
[2018.10.06-17.14.41:696][  0]LogTemp: Display: Loaded TP IOSTargetPlatform
[2018.10.06-17.14.41:718][  0]LogTemp: Display: Loaded TP TVOSTargetPlatform
[2018.10.06-17.14.41:718][  0]LogTemp: Display: Loaded TP TVOSTargetPlatform
[2018.10.06-17.14.41:729][  0]LogTemp: Display: Loaded TP LinuxClientTargetPlatform
[2018.10.06-17.14.41:741][  0]LogTemp: Display: Loaded TP LinuxNoEditorTargetPlatform
[2018.10.06-17.14.41:753][  0]LogTemp: Display: Loaded TP LinuxServerTargetPlatform
[2018.10.06-17.14.41:765][  0]LogTemp: Display: Loaded TP LinuxTargetPlatform
[2018.10.06-17.14.41:773][  0]LogTemp: Display: Loaded TP LuminTargetPlatform
[2018.10.06-17.14.41:774][  0]LogTargetPlatformManager: Display: Building Assets For Windows
[2018.10.06-17.14.41:824][  0]LogXGEController: Cannot use XGE Controller as Incredibuild is not installed on this machine.
[2018.10.06-17.14.41:825][  0]LogShaderCompilers: Cannot use XGE Shader Compiler as Incredibuild is not installed on this machine.
[2018.10.06-17.14.41:825][  0]LogShaderCompilers: Display: Using Local Shader Compiler.
[2018.10.06-17.14.42:643][  0]LogDerivedDataCache: Display: Max Cache Size: 512 MB
[2018.10.06-17.14.42:732][  0]LogDerivedDataCache: Loaded boot cache 0.09s 87MB C:/Users/Administrator/AppData/Local/UnrealEngine/4.20/DerivedDataCache/Boot.ddc.
[2018.10.06-17.14.42:732][  0]LogDerivedDataCache: Display: Loaded Boot cache: C:/Users/Administrator/AppData/Local/UnrealEngine/4.20/DerivedDataCache/Boot.ddc
[2018.10.06-17.14.42:732][  0]LogDerivedDataCache: FDerivedDataBackendGraph:  Pak pak cache file D:/Epic Games/2PAC/SurvivalProject/DerivedDataCache/DDC.ddp not found, will not use a pak cache.
[2018.10.06-17.14.42:732][  0]LogDerivedDataCache: Unable to find inner node Pak for hierarchical cache Hierarchy.
[2018.10.06-17.14.42:732][  0]LogDerivedDataCache: FDerivedDataBackendGraph:  CompressedPak pak cache file D:/Epic Games/2PAC/SurvivalProject/DerivedDataCache/Compressed.ddp not found, will not use a pak cache.
[2018.10.06-17.14.42:732][  0]LogDerivedDataCache: Unable to find inner node CompressedPak for hierarchical cache Hierarchy.
[2018.10.06-17.14.42:748][  0]LogDerivedDataCache: Display: Pak cache opened for reading ../../../Engine/DerivedDataCache/Compressed.ddp.
[2018.10.06-17.14.42:761][  0]LogDerivedDataCache: Using Local data cache path C:/Users/Administrator/AppData/Local/UnrealEngine/Common/DerivedDataCache: Writable
[2018.10.06-17.14.42:761][  0]LogDerivedDataCache: Shared data cache path not found in *engine.ini, will not use an Shared cache.
[2018.10.06-17.14.42:761][  0]LogDerivedDataCache: Unable to find inner node Shared for hierarchical cache Hierarchy.
[2018.10.06-17.14.42:780][  0]LogMaterial: Verifying Global Shaders for PCD3D_SM5
[2018.10.06-17.14.42:781][  0]LogSlate: Using FreeType 2.6.0
[2018.10.06-17.14.42:782][  0]LogSlate: SlateFontServices - WITH_FREETYPE: 1, WITH_HARFBUZZ: 1
[2018.10.06-17.14.42:868][  0]LogAssetRegistry: FAssetRegistry took 0.0318 seconds to start up
[2018.10.06-17.14.43:183][  0]LogInit: Selected Device Profile: [Windows]
[2018.10.06-17.14.43:354][  0]LogSimplygon: Simplygon DLL not present - disabling.
[2018.10.06-17.14.43:358][  0]LogMeshReduction: Using SimplygonSwarm for distributed automatic mesh merging
[2018.10.06-17.14.43:358][  0]LogMeshReduction: Using ProxyLODMeshReduction for automatic mesh merging
[2018.10.06-17.14.43:358][  0]LogMeshReduction: Using QuadricMeshReduction for automatic static mesh reduction
[2018.10.06-17.14.43:358][  0]LogMeshReduction: No automatic skeletal mesh reduction module available
[2018.10.06-17.14.43:395][  0]LogNetVersion: SurvivalProject 1.0.0, NetCL: 4212847, EngineNetVer: 5, GameNetVer: 0 (Checksum: 3991842112)
[2018.10.06-17.14.44:287][  0]LogPackageLocalizationCache: Processed 11 localized package path(s) for 2 prioritized culture(s) in 0.154651 seconds
[2018.10.06-17.14.44:293][  0]LogUObjectArray: 38425 objects as part of root set at end of initial load.
[2018.10.06-17.14.44:293][  0]LogUObjectAllocator: 6690864 out of 0 bytes used by permanent object pool.
[2018.10.06-17.14.44:293][  0]LogUObjectArray: CloseDisregardForGC: 0/0 objects in disregard for GC pool
[2018.10.06-17.14.45:352][  0]LogTcpMessaging: Initializing TcpMessaging bridge
[2018.10.06-17.14.45:374][  0]LogUdpMessaging: Initializing bridge on interface 0.0.0.0:0 to multicast group 230.0.0.1:6666.
[2018.10.06-17.14.45:553][  0]SourceControl: 소스 컨트롤이 꺼졌습니다.
[2018.10.06-17.14.45:553][  0]SourceControl: 소스 컨트롤이 꺼졌습니다.
[2018.10.06-17.14.45:554][  0]SourceControl: 소스 컨트롤이 꺼졌습니다.
[2018.10.06-17.14.45:555][  0]SourceControl: 소스 컨트롤이 꺼졌습니다.
[2018.10.06-17.14.45:725][  0]LogAndroidPermission: UAndroidPermissionCallbackProxy::GetInstance
[2018.10.06-17.14.45:934][  0]LogOcInput: OculusInput pre-init called
[2018.10.06-17.14.46:001][  0]LogEngine: Initializing Engine...
[2018.10.06-17.14.46:002][  0]LogHMD: Failed to initialize OpenVR with code 110
[2018.10.06-17.14.46:003][  0]LogStats: UGameplayTagsManager::ConstructGameplayTagTree: ImportINI prefixes -  0.000 s
[2018.10.06-17.14.46:004][  0]LogStats: UGameplayTagsManager::ConstructGameplayTagTree: Construct from data asset -  0.000 s
[2018.10.06-17.14.46:004][  0]LogStats: UGameplayTagsManager::ConstructGameplayTagTree: ImportINI -  0.000 s
[2018.10.06-17.14.46:004][  0]LogStats: UGameplayTagsManager::ConstructGameplayTagTree: GameplayTagTreeChangedEvent.Broadcast -  0.000 s
[2018.10.06-17.14.46:296][  0]LogInit: Initializing FReadOnlyCVARCache
[2018.10.06-17.14.46:309][  0]LogAIModule: Creating AISystem for world Untitled
[2018.10.06-17.14.46:367][  0]LogInit: XAudio2 using '스피커(Realtek High Definition Audio)' : 2 channels at 48 kHz using 32 bits per sample (channel mask 0x3)
[2018.10.06-17.14.46:406][  0]LogInit: FAudioDevice initialized.
[2018.10.06-17.14.46:406][  0]LogNetVersion: Set ProjectVersion to 1.0.0.0. Version Checksum will be recalculated on next use.
[2018.10.06-17.14.46:496][  0]LogDerivedDataCache: Saved boot cache 0.09s 87MB C:/Users/Administrator/AppData/Local/UnrealEngine/4.20/DerivedDataCache/Boot.ddc.
[2018.10.06-17.14.46:503][  0]LogInit: Texture streaming: Enabled
[2018.10.06-17.14.46:520][  0]LogEngineSessionManager: EngineSessionManager initialized
[2018.10.06-17.14.46:533][  0]LogInit: Transaction tracking system initialized
[2018.10.06-17.14.46:552][  0]BlueprintLog: New page: 에디터 로드
[2018.10.06-17.14.46:668][  0]LocalizationService: 현지화 서비스가 비활성화되었습니다.
[2018.10.06-17.14.47:097][  0]LogCook: Display: Max memory allowance for cook 16384mb min free memory 0mb
[2018.10.06-17.14.47:097][  0]LogCook: Display: Mobile HDR setting 1
[2018.10.06-17.14.47:097][  0]LogGameplayTags: Display: UGameplayTagsManager::DoneAddingNativeTags. DelegateIsBound: 0
[2018.10.06-17.14.47:097][  0]LogStats: UGameplayTagsManager::ConstructGameplayTagTree: ImportINI prefixes -  0.000 s
[2018.10.06-17.14.47:097][  0]LogStats: UGameplayTagsManager::ConstructGameplayTagTree: Construct from data asset -  0.000 s
[2018.10.06-17.14.47:098][  0]LogStats: UGameplayTagsManager::ConstructGameplayTagTree: ImportINI -  0.000 s
[2018.10.06-17.14.47:098][  0]LogStats: UGameplayTagsManager::ConstructGameplayTagTree: GameplayTagTreeChangedEvent.Broadcast -  0.000 s
[2018.10.06-17.14.47:145][  0]LogFileCache: Scanning file cache for directory 'D:/Epic Games/2PAC/SurvivalProject/Content/' took 0.01s
[2018.10.06-17.14.47:229][  0]SourceControl: 소스 컨트롤이 꺼졌습니다.
[2018.10.06-17.14.47:232][  0]LogFactory: FactoryCreateFile: PackFactory with PackFactory (0 0 C:/Epic Games/UE_4.20/FeaturePacks/StarterContent.upack)
[2018.10.06-17.14.47:237][  0]LogPackFactory: Finished extracting 8 files (including 0 errors).
[2018.10.06-17.14.47:246][  0]LogPackFactory: Copied "../../../Samples/StarterContent/Content/StarterContent/Architecture/Floor_400x400.uasset" to "D:/Epic Games/2PAC/SurvivalProject/Content/StarterContent/Architecture/Floor_400x400.uasset"
[2018.10.06-17.14.47:249][  0]LogPackFactory: Copied "../../../Samples/StarterContent/Content/StarterContent/Architecture/Pillar_50x500.uasset" to "D:/Epic Games/2PAC/SurvivalProject/Content/StarterContent/Architecture/Pillar_50x500.uasset"
[2018.10.06-17.14.47:255][  0]LogPackFactory: Copied "../../../Samples/StarterContent/Content/StarterContent/Architecture/SM_AssetPlatform.uasset" to "D:/Epic Games/2PAC/SurvivalProject/Content/StarterContent/Architecture/SM_AssetPlatform.uasset"
[2018.10.06-17.14.47:260][  0]LogPackFactory: Copied "../../../Samples/StarterContent/Content/StarterContent/Architecture/Wall_400x200.uasset" to "D:/Epic Games/2PAC/SurvivalProject/Content/StarterContent/Architecture/Wall_400x200.uasset"
[2018.10.06-17.14.47:264][  0]LogPackFactory: Copied "../../../Samples/StarterContent/Content/StarterContent/Architecture/Wall_400x300.uasset" to "D:/Epic Games/2PAC/SurvivalProject/Content/StarterContent/Architecture/Wall_400x300.uasset"
[2018.10.06-17.14.47:266][  0]LogPackFactory: Copied "../../../Samples/StarterContent/Content/StarterContent/Architecture/Wall_400x400.uasset" to "D:/Epic Games/2PAC/SurvivalProject/Content/StarterContent/Architecture/Wall_400x400.uasset"
[2018.10.06-17.14.47:269][  0]LogPackFactory: Copied "../../../Samples/StarterContent/Content/StarterContent/Architecture/Wall_500x500.uasset" to "D:/Epic Games/2PAC/SurvivalProject/Content/StarterContent/Architecture/Wall_500x500.uasset"
[2018.10.06-17.14.47:310][  0]LogPackFactory: Copied "../../../Samples/StarterContent/Content/StarterContent/Architecture/Wall_Door_400x300.uasset" to "D:/Epic Games/2PAC/SurvivalProject/Content/StarterContent/Architecture/Wall_Door_400x300.uasset"
[2018.10.06-17.14.47:314][  0]LogPackFactory: Copied "../../../Samples/StarterContent/Content/StarterContent/Architecture/Wall_Door_400x400.uasset" to "D:/Epic Games/2PAC/SurvivalProject/Content/StarterContent/Architecture/Wall_Door_400x400.uasset"
[2018.10.06-17.14.47:317][  0]LogPackFactory: Copied "../../../Samples/StarterContent/Content/StarterContent/Architecture/Wall_Window_400x300.uasset" to "D:/Epic Games/2PAC/SurvivalProject/Content/StarterContent/Architecture/Wall_Window_400x300.uasset"
[2018.10.06-17.14.47:320][  0]LogPackFactory: Copied "../../../Samples/StarterContent/Content/StarterContent/Architecture/Wall_Window_400x400.uasset" to "D:/Epic Games/2PAC/SurvivalProject/Content/StarterContent/Architecture/Wall_Window_400x400.uasset"
[2018.10.06-17.14.47:326][  0]LogPackFactory: Copied "../../../Samples/StarterContent/Content/StarterContent/Audio/Collapse01.uasset" to "D:/Epic Games/2PAC/SurvivalProject/Content/StarterContent/Audio/Collapse01.uasset"
[2018.10.06-17.14.47:333][  0]LogPackFactory: Copied "../../../Samples/StarterContent/Content/StarterContent/Audio/Collapse02.uasset" to "D:/Epic Games/2PAC/SurvivalProject/Content/StarterContent/Audio/Collapse02.uasset"
[2018.10.06-17.14.47:337][  0]LogPackFactory: Copied "../../../Samples/StarterContent/Content/StarterContent/Audio/Collapse_Cue.uasset" to "D:/Epic Games/2PAC/SurvivalProject/Content/StarterContent/Audio/Collapse_Cue.uasset"
[2018.10.06-17.14.47:477][  0]LogPackFactory: Copied "../../../Samples/StarterContent/Content/StarterContent/Audio/Explosion01.uasset" to "D:/Epic Games/2PAC/SurvivalProject/Content/StarterContent/Audio/Explosion01.uasset"
[2018.10.06-17.14.47:483][  0]LogPackFactory: Copied "../../../Samples/StarterContent/Content/StarterContent/Audio/Explosion02.uasset" to "D:/Epic Games/2PAC/SurvivalProject/Content/StarterContent/Audio/Explosion02.uasset"
[2018.10.06-17.14.47:489][  0]LogPackFactory: Copied "../../../Samples/StarterContent/Content/StarterContent/Audio/Explosion_Cue.uasset" to "D:/Epic Games/2PAC/SurvivalProject/Content/StarterContent/Audio/Explosion_Cue.uasset"
[2018.10.06-17.14.47:498][  0]LogPackFactory: Copied "../../../Samples/StarterContent/Content/StarterContent/Audio/Fire01.uasset" to "D:/Epic Games/2PAC/SurvivalProject/Content/StarterContent/Audio/Fire01.uasset"
[2018.10.06-17.14.47:535][  0]LogPackFactory: Copied "../../../Samples/StarterContent/Content/StarterContent/Audio/Fire01_Cue.uasset" to "D:/Epic Games/2PAC/SurvivalProject/Content/StarterContent/Audio/Fire01_Cue.uasset"
[2018.10.06-17.14.47:542][  0]LogPackFactory: Copied "../../../Samples/StarterContent/Content/StarterContent/Audio/Fire_Sparks01.uasset" to "D:/Epic Games/2PAC/SurvivalProject/Content/StarterContent/Audio/Fire_Sparks01.uasset"
[2018.10.06-17.14.47:544][  0]LogPackFactory: Copied "../../../Samples/StarterContent/Content/StarterContent/Audio/Fire_Sparks01_Cue.uasset" to "D:/Epic Games/2PAC/SurvivalProject/Content/StarterContent/Audio/Fire_Sparks01_Cue.uasset"
[2018.10.06-17.14.47:550][  0]LogPackFactory: Copied "../../../Samples/StarterContent/Content/StarterContent/Audio/Light01.uasset" to "D:/Epic Games/2PAC/SurvivalProject/Content/StarterContent/Audio/Light01.uasset"
[2018.10.06-17.14.47:576][  0]LogPackFactory: Copied "../../../Samples/StarterContent/Content/StarterContent/Audio/Light01_Cue.uasset" to "D:/Epic Games/2PAC/SurvivalProject/Content/StarterContent/Audio/Light01_Cue.uasset"
[2018.10.06-17.14.47:582][  0]LogPackFactory: Copied "../../../Samples/StarterContent/Content/StarterContent/Audio/Light02.uasset" to "D:/Epic Games/2PAC/SurvivalProject/Content/StarterContent/Audio/Light02.uasset"
[2018.10.06-17.14.47:585][  0]LogPackFactory: Copied "../../../Samples/StarterContent/Content/StarterContent/Audio/Light02_Cue.uasset" to "D:/Epic Games/2PAC/SurvivalProject/Content/StarterContent/Audio/Light02_Cue.uasset"
[2018.10.06-17.14.47:591][  0]LogPackFactory: Copied "../../../Samples/StarterContent/Content/StarterContent/Audio/Smoke01.uasset" to "D:/Epic Games/2PAC/SurvivalProject/Content/StarterContent/Audio/Smoke01.uasset"
[2018.10.06-17.14.47:599][  0]LogPackFactory: Copied "../../../Samples/StarterContent/Content/StarterContent/Audio/Smoke01_Cue.uasset" to "D:/Epic Games/2PAC/SurvivalProject/Content/StarterContent/Audio/Smoke01_Cue.uasset"
[2018.10.06-17.14.47:601][  0]LogPackFactory: Copied "../../../Samples/StarterContent/Content/StarterContent/Audio/Starter_Background_Cue.uasset" to "D:/Epic Games/2PAC/SurvivalProject/Content/StarterContent/Audio/Starter_Background_Cue.uasset"
[2018.10.06-17.14.47:605][  0]LogPackFactory: Copied "../../../Samples/StarterContent/Content/StarterContent/Audio/Starter_Birds01.uasset" to "D:/Epic Games/2PAC/SurvivalProject/Content/StarterContent/Audio/Starter_Birds01.uasset"
[2018.10.06-17.14.47:612][  0]LogPackFactory: Copied "../../../Samples/StarterContent/Content/StarterContent/Audio/Starter_Music01.uasset" to "D:/Epic Games/2PAC/SurvivalProject/Content/StarterContent/Audio/Starter_Music01.uasset"
[2018.10.06-17.14.47:634][  0]LogPackFactory: Copied "../../../Samples/StarterContent/Content/StarterContent/Audio/Starter_Music_Cue.uasset" to "D:/Epic Games/2PAC/SurvivalProject/Content/StarterContent/Audio/Starter_Music_Cue.uasset"
[2018.10.06-17.14.47:637][  0]LogPackFactory: Copied "../../../Samples/StarterContent/Content/StarterContent/Audio/Starter_Wind05.uasset" to "D:/Epic Games/2PAC/SurvivalProject/Content/StarterContent/Audio/Starter_Wind05.uasset"
[2018.10.06-17.14.47:640][  0]LogPackFactory: Copied "../../../Samples/StarterContent/Content/StarterContent/Audio/Starter_Wind06.uasset" to "D:/Epic Games/2PAC/SurvivalProject/Content/StarterContent/Audio/Starter_Wind06.uasset"
[2018.10.06-17.14.47:648][  0]LogPackFactory: Copied "../../../Samples/StarterContent/Content/StarterContent/Audio/Steam01.uasset" to "D:/Epic Games/2PAC/SurvivalProject/Content/StarterContent/Audio/Steam01.uasset"
[2018.10.06-17.14.47:650][  0]LogPackFactory: Copied "../../../Samples/StarterContent/Content/StarterContent/Audio/Steam01_Cue.uasset" to "D:/Epic Games/2PAC/SurvivalProject/Content/StarterContent/Audio/Steam01_Cue.uasset"
[2018.10.06-17.14.47:654][  0]LogPackFactory: Copied "../../../Samples/StarterContent/Content/StarterContent/Blueprints/Blueprint_CeilingLight.uasset" to "D:/Epic Games/2PAC/SurvivalProject/Content/StarterContent/Blueprints/Blueprint_CeilingLight.uasset"
[2018.10.06-17.14.47:657][  0]LogPackFactory: Copied "../../../Samples/StarterContent/Content/StarterContent/Blueprints/Blueprint_Effect_Explosion.uasset" to "D:/Epic Games/2PAC/SurvivalProject/Content/StarterContent/Blueprints/Blueprint_Effect_Explosion.uasset"
[2018.10.06-17.14.47:732][  0]LogPackFactory: Copied "../../../Samples/StarterContent/Content/StarterContent/Blueprints/Blueprint_Effect_Fire.uasset" to "D:/Epic Games/2PAC/SurvivalProject/Content/StarterContent/Blueprints/Blueprint_Effect_Fire.uasset"
[2018.10.06-17.14.47:736][  0]LogPackFactory: Copied "../../../Samples/StarterContent/Content/StarterContent/Blueprints/Blueprint_Effect_Smoke.uasset" to "D:/Epic Games/2PAC/SurvivalProject/Content/StarterContent/Blueprints/Blueprint_Effect_Smoke.uasset"
[2018.10.06-17.14.47:739][  0]LogPackFactory: Copied "../../../Samples/StarterContent/Content/StarterContent/Blueprints/Blueprint_Effect_Sparks.uasset" to "D:/Epic Games/2PAC/SurvivalProject/Content/StarterContent/Blueprints/Blueprint_Effect_Sparks.uasset"
[2018.10.06-17.14.47:741][  0]LogPackFactory: Copied "../../../Samples/StarterContent/Content/StarterContent/Blueprints/Blueprint_Effect_Steam.uasset" to "D:/Epic Games/2PAC/SurvivalProject/Content/StarterContent/Blueprints/Blueprint_Effect_Steam.uasset"
[2018.10.06-17.14.47:811][  0]LogPackFactory: Copied "../../../Samples/StarterContent/Content/StarterContent/Blueprints/Blueprint_WallSconce.uasset" to "D:/Epic Games/2PAC/SurvivalProject/Content/StarterContent/Blueprints/Blueprint_WallSconce.uasset"
[2018.10.06-17.14.47:818][  0]LogPackFactory: Copied "../../../Samples/StarterContent/Content/StarterContent/Blueprints/BP_LightStudio.uasset" to "D:/Epic Games/2PAC/SurvivalProject/Content/StarterContent/Blueprints/BP_LightStudio.uasset"
[2018.10.06-17.14.47:820][  0]LogPackFactory: Copied "../../../Samples/StarterContent/Content/StarterContent/Blueprints/Assets/FogBrightnessLUT.uasset" to "D:/Epic Games/2PAC/SurvivalProject/Content/StarterContent/Blueprints/Assets/FogBrightnessLUT.uasset"
[2018.10.06-17.14.47:823][  0]LogPackFactory: Copied "../../../Samples/StarterContent/Content/StarterContent/Blueprints/Assets/M_LightStage_Arrows.uasset" to "D:/Epic Games/2PAC/SurvivalProject/Content/StarterContent/Blueprints/Assets/M_LightStage_Arrows.uasset"
[2018.10.06-17.14.47:850][  0]LogPackFactory: Copied "../../../Samples/StarterContent/Content/StarterContent/Blueprints/Assets/M_LightStage_Skybox_Black.uasset" to "D:/Epic Games/2PAC/SurvivalProject/Content/StarterContent/Blueprints/Assets/M_LightStage_Skybox_Black.uasset"
[2018.10.06-17.14.47:853][  0]LogPackFactory: Copied "../../../Samples/StarterContent/Content/StarterContent/Blueprints/Assets/M_LightStage_Skybox_HDRI.uasset" to "D:/Epic Games/2PAC/SurvivalProject/Content/StarterContent/Blueprints/Assets/M_LightStage_Skybox_HDRI.uasset"
[2018.10.06-17.14.47:857][  0]LogPackFactory: Copied "../../../Samples/StarterContent/Content/StarterContent/Blueprints/Assets/M_LightStage_Skybox_Master.uasset" to "D:/Epic Games/2PAC/SurvivalProject/Content/StarterContent/Blueprints/Assets/M_LightStage_Skybox_Master.uasset"
[2018.10.06-17.14.47:872][  0]LogPackFactory: Copied "../../../Samples/StarterContent/Content/StarterContent/Blueprints/Assets/Skybox.uasset" to "D:/Epic Games/2PAC/SurvivalProject/Content/StarterContent/Blueprints/Assets/Skybox.uasset"
[2018.10.06-17.14.47:878][  0]LogPackFactory: Copied "../../../Samples/StarterContent/Content/StarterContent/Blueprints/Assets/SM_Arrows.uasset" to "D:/Epic Games/2PAC/SurvivalProject/Content/StarterContent/Blueprints/Assets/SM_Arrows.uasset"
[2018.10.06-17.14.47:880][  0]LogPackFactory: Copied "../../../Samples/StarterContent/Content/StarterContent/Blueprints/Assets/SunlightColorLUT.uasset" to "D:/Epic Games/2PAC/SurvivalProject/Content/StarterContent/Blueprints/Assets/SunlightColorLUT.uasset"
[2018.10.06-17.14.48:073][  0]LogPackFactory: Copied "../../../Samples/StarterContent/Content/StarterContent/HDRI/HDRI_Epic_Courtyard_Daylight.uasset" to "D:/Epic Games/2PAC/SurvivalProject/Content/StarterContent/HDRI/HDRI_Epic_Courtyard_Daylight.uasset"
[2018.10.06-17.14.48:077][  0]LogPackFactory: Copied "../../../Samples/StarterContent/Content/StarterContent/Maps/Advanced_Lighting.umap" to "D:/Epic Games/2PAC/SurvivalProject/Content/StarterContent/Maps/Advanced_Lighting.umap"
[2018.10.06-17.14.48:085][  0]LogPackFactory: Copied "../../../Samples/StarterContent/Content/StarterContent/Maps/Advanced_Lighting_BuiltData.uasset" to "D:/Epic Games/2PAC/SurvivalProject/Content/StarterContent/Maps/Advanced_Lighting_BuiltData.uasset"
[2018.10.06-17.14.48:091][  0]LogPackFactory: Copied "../../../Samples/StarterContent/Content/StarterContent/Maps/Minimal_Default.umap" to "D:/Epic Games/2PAC/SurvivalProject/Content/StarterContent/Maps/Minimal_Default.umap"
[2018.10.06-17.14.48:095][  0]LogPackFactory: Copied "../../../Samples/StarterContent/Content/StarterContent/Maps/Minimal_Default_BuiltData.uasset" to "D:/Epic Games/2PAC/SurvivalProject/Content/StarterContent/Maps/Minimal_Default_BuiltData.uasset"
[2018.10.06-17.14.48:101][  0]LogPackFactory: Copied "../../../Samples/StarterContent/Content/StarterContent/Maps/StarterMap.umap" to "D:/Epic Games/2PAC/SurvivalProject/Content/StarterContent/Maps/StarterMap.umap"
[2018.10.06-17.14.48:117][  0]LogPackFactory: Copied "../../../Samples/StarterContent/Content/StarterContent/Maps/StarterMap_BuiltData.uasset" to "D:/Epic Games/2PAC/SurvivalProject/Content/StarterContent/Maps/StarterMap_BuiltData.uasset"
[2018.10.06-17.14.48:138][  0]LogPackFactory: Copied "../../../Samples/StarterContent/Content/StarterContent/Materials/M_AssetPlatform.uasset" to "D:/Epic Games/2PAC/SurvivalProject/Content/StarterContent/Materials/M_AssetPlatform.uasset"
[2018.10.06-17.14.48:141][  0]LogPackFactory: Copied "../../../Samples/StarterContent/Content/StarterContent/Materials/M_Basic_Floor.uasset" to "D:/Epic Games/2PAC/SurvivalProject/Content/StarterContent/Materials/M_Basic_Floor.uasset"
[2018.10.06-17.14.48:145][  0]LogPackFactory: Copied "../../../Samples/StarterContent/Content/StarterContent/Materials/M_Basic_Wall.uasset" to "D:/Epic Games/2PAC/SurvivalProject/Content/StarterContent/Materials/M_Basic_Wall.uasset"
[2018.10.06-17.14.48:150][  0]LogPackFactory: Copied "../../../Samples/StarterContent/Content/StarterContent/Materials/M_Brick_Clay_Beveled.uasset" to "D:/Epic Games/2PAC/SurvivalProject/Content/StarterContent/Materials/M_Brick_Clay_Beveled.uasset"
[2018.10.06-17.14.48:153][  0]LogPackFactory: Copied "../../../Samples/StarterContent/Content/StarterContent/Materials/M_Brick_Clay_New.uasset" to "D:/Epic Games/2PAC/SurvivalProject/Content/StarterContent/Materials/M_Brick_Clay_New.uasset"
[2018.10.06-17.14.48:158][  0]LogPackFactory: Copied "../../../Samples/StarterContent/Content/StarterContent/Materials/M_Brick_Clay_Old.uasset" to "D:/Epic Games/2PAC/SurvivalProject/Content/StarterContent/Materials/M_Brick_Clay_Old.uasset"
[2018.10.06-17.14.48:162][  0]LogPackFactory: Copied "../../../Samples/StarterContent/Content/StarterContent/Materials/M_Brick_Cut_Stone.uasset" to "D:/Epic Games/2PAC/SurvivalProject/Content/StarterContent/Materials/M_Brick_Cut_Stone.uasset"
[2018.10.06-17.14.48:167][  0]LogPackFactory: Copied "../../../Samples/StarterContent/Content/StarterContent/Materials/M_Brick_Hewn_Stone.uasset" to "D:/Epic Games/2PAC/SurvivalProject/Content/StarterContent/Materials/M_Brick_Hewn_Stone.uasset"
[2018.10.06-17.14.48:171][  0]LogPackFactory: Copied "../../../Samples/StarterContent/Content/StarterContent/Materials/M_Ceramic_Tile_Checker.uasset" to "D:/Epic Games/2PAC/SurvivalProject/Content/StarterContent/Materials/M_Ceramic_Tile_Checker.uasset"
[2018.10.06-17.14.48:176][  0]LogPackFactory: Copied "../../../Samples/StarterContent/Content/StarterContent/Materials/M_CobbleStone_Pebble.uasset" to "D:/Epic Games/2PAC/SurvivalProject/Content/StarterContent/Materials/M_CobbleStone_Pebble.uasset"
[2018.10.06-17.14.48:182][  0]LogPackFactory: Copied "../../../Samples/StarterContent/Content/StarterContent/Materials/M_CobbleStone_Rough.uasset" to "D:/Epic Games/2PAC/SurvivalProject/Content/StarterContent/Materials/M_CobbleStone_Rough.uasset"
[2018.10.06-17.14.48:188][  0]LogPackFactory: Copied "../../../Samples/StarterContent/Content/StarterContent/Materials/M_CobbleStone_Smooth.uasset" to "D:/Epic Games/2PAC/SurvivalProject/Content/StarterContent/Materials/M_CobbleStone_Smooth.uasset"
[2018.10.06-17.14.48:192][  0]LogPackFactory: Copied "../../../Samples/StarterContent/Content/StarterContent/Materials/M_ColorGrid_LowSpec.uasset" to "D:/Epic Games/2PAC/SurvivalProject/Content/StarterContent/Materials/M_ColorGrid_LowSpec.uasset"
[2018.10.06-17.14.48:197][  0]LogPackFactory: Copied "../../../Samples/StarterContent/Content/StarterContent/Materials/M_Concrete_Grime.uasset" to "D:/Epic Games/2PAC/SurvivalProject/Content/StarterContent/Materials/M_Concrete_Grime.uasset"
[2018.10.06-17.14.48:205][  0]LogPackFactory: Copied "../../../Samples/StarterContent/Content/StarterContent/Materials/M_Concrete_Panels.uasset" to "D:/Epic Games/2PAC/SurvivalProject/Content/StarterContent/Materials/M_Concrete_Panels.uasset"
[2018.10.06-17.14.48:209][  0]LogPackFactory: Copied "../../../Samples/StarterContent/Content/StarterContent/Materials/M_Concrete_Poured.uasset" to "D:/Epic Games/2PAC/SurvivalProject/Content/StarterContent/Materials/M_Concrete_Poured.uasset"
[2018.10.06-17.14.48:214][  0]LogPackFactory: Copied "../../../Samples/StarterContent/Content/StarterContent/Materials/M_Concrete_Tiles.uasset" to "D:/Epic Games/2PAC/SurvivalProject/Content/StarterContent/Materials/M_Concrete_Tiles.uasset"
[2018.10.06-17.14.48:217][  0]LogPackFactory: Copied "../../../Samples/StarterContent/Content/StarterContent/Materials/M_Glass.uasset" to "D:/Epic Games/2PAC/SurvivalProject/Content/StarterContent/Materials/M_Glass.uasset"
[2018.10.06-17.14.48:222][  0]LogPackFactory: Copied "../../../Samples/StarterContent/Content/StarterContent/Materials/M_Ground_Grass.uasset" to "D:/Epic Games/2PAC/SurvivalProject/Content/StarterContent/Materials/M_Ground_Grass.uasset"
[2018.10.06-17.14.48:227][  0]LogPackFactory: Copied "../../../Samples/StarterContent/Content/StarterContent/Materials/M_Ground_Gravel.uasset" to "D:/Epic Games/2PAC/SurvivalProject/Content/StarterContent/Materials/M_Ground_Gravel.uasset"
[2018.10.06-17.14.48:231][  0]LogPackFactory: Copied "../../../Samples/StarterContent/Content/StarterContent/Materials/M_Ground_Moss.uasset" to "D:/Epic Games/2PAC/SurvivalProject/Content/StarterContent/Materials/M_Ground_Moss.uasset"
[2018.10.06-17.14.48:235][  0]LogPackFactory: Copied "../../../Samples/StarterContent/Content/StarterContent/Materials/M_Metal_Brushed_Nickel.uasset" to "D:/Epic Games/2PAC/SurvivalProject/Content/StarterContent/Materials/M_Metal_Brushed_Nickel.uasset"
[2018.10.06-17.14.48:239][  0]LogPackFactory: Copied "../../../Samples/StarterContent/Content/StarterContent/Materials/M_Metal_Burnished_Steel.uasset" to "D:/Epic Games/2PAC/SurvivalProject/Content/StarterContent/Materials/M_Metal_Burnished_Steel.uasset"
[2018.10.06-17.14.48:243][  0]LogPackFactory: Copied "../../../Samples/StarterContent/Content/StarterContent/Materials/M_Metal_Chrome.uasset" to "D:/Epic Games/2PAC/SurvivalProject/Content/StarterContent/Materials/M_Metal_Chrome.uasset"
[2018.10.06-17.14.48:247][  0]LogPackFactory: Copied "../../../Samples/StarterContent/Content/StarterContent/Materials/M_Metal_Copper.uasset" to "D:/Epic Games/2PAC/SurvivalProject/Content/StarterContent/Materials/M_Metal_Copper.uasset"
[2018.10.06-17.14.48:439][  0]LogPackFactory: Copied "../../../Samples/StarterContent/Content/StarterContent/Materials/M_Metal_Gold.uasset" to "D:/Epic Games/2PAC/SurvivalProject/Content/StarterContent/Materials/M_Metal_Gold.uasset"
[2018.10.06-17.14.48:443][  0]LogPackFactory: Copied "../../../Samples/StarterContent/Content/StarterContent/Materials/M_Metal_Rust.uasset" to "D:/Epic Games/2PAC/SurvivalProject/Content/StarterContent/Materials/M_Metal_Rust.uasset"
[2018.10.06-17.14.48:448][  0]LogPackFactory: Copied "../../../Samples/StarterContent/Content/StarterContent/Materials/M_Metal_Steel.uasset" to "D:/Epic Games/2PAC/SurvivalProject/Content/StarterContent/Materials/M_Metal_Steel.uasset"
[2018.10.06-17.14.48:453][  0]LogPackFactory: Copied "../../../Samples/StarterContent/Content/StarterContent/Materials/M_Rock_Basalt.uasset" to "D:/Epic Games/2PAC/SurvivalProject/Content/StarterContent/Materials/M_Rock_Basalt.uasset"
[2018.10.06-17.14.48:457][  0]LogPackFactory: Copied "../../../Samples/StarterContent/Content/StarterContent/Materials/M_Rock_Marble_Polished.uasset" to "D:/Epic Games/2PAC/SurvivalProject/Content/StarterContent/Materials/M_Rock_Marble_Polished.uasset"
[2018.10.06-17.14.48:462][  0]LogPackFactory: Copied "../../../Samples/StarterContent/Content/StarterContent/Materials/M_Rock_Sandstone.uasset" to "D:/Epic Games/2PAC/SurvivalProject/Content/StarterContent/Materials/M_Rock_Sandstone.uasset"
[2018.10.06-17.14.48:466][  0]LogPackFactory: Copied "../../../Samples/StarterContent/Content/StarterContent/Materials/M_Rock_Slate.uasset" to "D:/Epic Games/2PAC/SurvivalProject/Content/StarterContent/Materials/M_Rock_Slate.uasset"
[2018.10.06-17.14.48:470][  0]LogPackFactory: Copied "../../../Samples/StarterContent/Content/StarterContent/Materials/M_Tech_Checker_Dot.uasset" to "D:/Epic Games/2PAC/SurvivalProject/Content/StarterContent/Materials/M_Tech_Checker_Dot.uasset"
[2018.10.06-17.14.48:475][  0]LogPackFactory: Copied "../../../Samples/StarterContent/Content/StarterContent/Materials/M_Tech_Hex_Tile.uasset" to "D:/Epic Games/2PAC/SurvivalProject/Content/StarterContent/Materials/M_Tech_Hex_Tile.uasset"
[2018.10.06-17.14.48:482][  0]LogPackFactory: Copied "../../../Samples/StarterContent/Content/StarterContent/Materials/M_Tech_Hex_Tile_Pulse.uasset" to "D:/Epic Games/2PAC/SurvivalProject/Content/StarterContent/Materials/M_Tech_Hex_Tile_Pulse.uasset"
[2018.10.06-17.14.48:487][  0]LogPackFactory: Copied "../../../Samples/StarterContent/Content/StarterContent/Materials/M_Tech_Panel.uasset" to "D:/Epic Games/2PAC/SurvivalProject/Content/StarterContent/Materials/M_Tech_Panel.uasset"
[2018.10.06-17.14.48:491][  0]LogPackFactory: Copied "../../../Samples/StarterContent/Content/StarterContent/Materials/M_Water_Lake.uasset" to "D:/Epic Games/2PAC/SurvivalProject/Content/StarterContent/Materials/M_Water_Lake.uasset"
[2018.10.06-17.14.48:494][  0]LogPackFactory: Copied "../../../Samples/StarterContent/Content/StarterContent/Materials/M_Water_Ocean.uasset" to "D:/Epic Games/2PAC/SurvivalProject/Content/StarterContent/Materials/M_Water_Ocean.uasset"
[2018.10.06-17.14.48:498][  0]LogPackFactory: Copied "../../../Samples/StarterContent/Content/StarterContent/Materials/M_Wood_Floor_Walnut_Polished.uasset" to "D:/Epic Games/2PAC/SurvivalProject/Content/StarterContent/Materials/M_Wood_Floor_Walnut_Polished.uasset"
[2018.10.06-17.14.48:502][  0]LogPackFactory: Copied "../../../Samples/StarterContent/Content/StarterContent/Materials/M_Wood_Floor_Walnut_Worn.uasset" to "D:/Epic Games/2PAC/SurvivalProject/Content/StarterContent/Materials/M_Wood_Floor_Walnut_Worn.uasset"
[2018.10.06-17.14.48:506][  0]LogPackFactory: Copied "../../../Samples/StarterContent/Content/StarterContent/Materials/M_Wood_Oak.uasset" to "D:/Epic Games/2PAC/SurvivalProject/Content/StarterContent/Materials/M_Wood_Oak.uasset"
[2018.10.06-17.14.48:510][  0]LogPackFactory: Copied "../../../Samples/StarterContent/Content/StarterContent/Materials/M_Wood_Pine.uasset" to "D:/Epic Games/2PAC/SurvivalProject/Content/StarterContent/Materials/M_Wood_Pine.uasset"
[2018.10.06-17.14.48:513][  0]LogPackFactory: Copied "../../../Samples/StarterContent/Content/StarterContent/Materials/M_Wood_Walnut.uasset" to "D:/Epic Games/2PAC/SurvivalProject/Content/StarterContent/Materials/M_Wood_Walnut.uasset"
[2018.10.06-17.14.48:534][  0]LogPackFactory: Copied "../../../Samples/StarterContent/Content/StarterContent/Particles/P_Ambient_Dust.uasset" to "D:/Epic Games/2PAC/SurvivalProject/Content/StarterContent/Particles/P_Ambient_Dust.uasset"
[2018.10.06-17.14.48:539][  0]LogPackFactory: Copied "../../../Samples/StarterContent/Content/StarterContent/Particles/P_Explosion.uasset" to "D:/Epic Games/2PAC/SurvivalProject/Content/StarterContent/Particles/P_Explosion.uasset"
[2018.10.06-17.14.48:544][  0]LogPackFactory: Copied "../../../Samples/StarterContent/Content/StarterContent/Particles/P_Fire.uasset" to "D:/Epic Games/2PAC/SurvivalProject/Content/StarterContent/Particles/P_Fire.uasset"
[2018.10.06-17.14.48:548][  0]LogPackFactory: Copied "../../../Samples/StarterContent/Content/StarterContent/Particles/P_Smoke.uasset" to "D:/Epic Games/2PAC/SurvivalProject/Content/StarterContent/Particles/P_Smoke.uasset"
[2018.10.06-17.14.48:551][  0]LogPackFactory: Copied "../../../Samples/StarterContent/Content/StarterContent/Particles/P_Sparks.uasset" to "D:/Epic Games/2PAC/SurvivalProject/Content/StarterContent/Particles/P_Sparks.uasset"
[2018.10.06-17.14.48:555][  0]LogPackFactory: Copied "../../../Samples/StarterContent/Content/StarterContent/Particles/P_Steam_Lit.uasset" to "D:/Epic Games/2PAC/SurvivalProject/Content/StarterContent/Particles/P_Steam_Lit.uasset"
[2018.10.06-17.14.48:558][  0]LogPackFactory: Copied "../../../Samples/StarterContent/Content/StarterContent/Particles/Materials/M_Burst.uasset" to "D:/Epic Games/2PAC/SurvivalProject/Content/StarterContent/Particles/Materials/M_Burst.uasset"
[2018.10.06-17.14.48:562][  0]LogPackFactory: Copied "../../../Samples/StarterContent/Content/StarterContent/Particles/Materials/M_Dust_Particle.uasset" to "D:/Epic Games/2PAC/SurvivalProject/Content/StarterContent/Particles/Materials/M_Dust_Particle.uasset"
[2018.10.06-17.14.48:565][  0]LogPackFactory: Copied "../../../Samples/StarterContent/Content/StarterContent/Particles/Materials/M_explosion_subUV.uasset" to "D:/Epic Games/2PAC/SurvivalProject/Content/StarterContent/Particles/Materials/M_explosion_subUV.uasset"
[2018.10.06-17.14.48:568][  0]LogPackFactory: Copied "../../../Samples/StarterContent/Content/StarterContent/Particles/Materials/M_Fire_SubUV.uasset" to "D:/Epic Games/2PAC/SurvivalProject/Content/StarterContent/Particles/Materials/M_Fire_SubUV.uasset"
[2018.10.06-17.14.48:571][  0]LogPackFactory: Copied "../../../Samples/StarterContent/Content/StarterContent/Particles/Materials/m_flare_01.uasset" to "D:/Epic Games/2PAC/SurvivalProject/Content/StarterContent/Particles/Materials/m_flare_01.uasset"
[2018.10.06-17.14.48:574][  0]LogPackFactory: Copied "../../../Samples/StarterContent/Content/StarterContent/Particles/Materials/M_Heat_Distortion.uasset" to "D:/Epic Games/2PAC/SurvivalProject/Content/StarterContent/Particles/Materials/M_Heat_Distortion.uasset"
[2018.10.06-17.14.48:577][  0]LogPackFactory: Copied "../../../Samples/StarterContent/Content/StarterContent/Particles/Materials/M_Radial_Gradient.uasset" to "D:/Epic Games/2PAC/SurvivalProject/Content/StarterContent/Particles/Materials/M_Radial_Gradient.uasset"
[2018.10.06-17.14.48:580][  0]LogPackFactory: Copied "../../../Samples/StarterContent/Content/StarterContent/Particles/Materials/M_radial_ramp.uasset" to "D:/Epic Games/2PAC/SurvivalProject/Content/StarterContent/Particles/Materials/M_radial_ramp.uasset"
[2018.10.06-17.14.48:584][  0]LogPackFactory: Copied "../../../Samples/StarterContent/Content/StarterContent/Particles/Materials/M_smoke_subUV.uasset" to "D:/Epic Games/2PAC/SurvivalProject/Content/StarterContent/Particles/Materials/M_smoke_subUV.uasset"
[2018.10.06-17.14.48:587][  0]LogPackFactory: Copied "../../../Samples/StarterContent/Content/StarterContent/Particles/Materials/M_Spark.uasset" to "D:/Epic Games/2PAC/SurvivalProject/Content/StarterContent/Particles/Materials/M_Spark.uasset"
[2018.10.06-17.14.48:591][  0]LogPackFactory: Copied "../../../Samples/StarterContent/Content/StarterContent/Props/MaterialSphere.uasset" to "D:/Epic Games/2PAC/SurvivalProject/Content/StarterContent/Props/MaterialSphere.uasset"
[2018.10.06-17.14.48:606][  0]LogPackFactory: Copied "../../../Samples/StarterContent/Content/StarterContent/Props/SM_Bush.uasset" to "D:/Epic Games/2PAC/SurvivalProject/Content/StarterContent/Props/SM_Bush.uasset"
[2018.10.06-17.14.48:614][  0]LogPackFactory: Copied "../../../Samples/StarterContent/Content/StarterContent/Props/SM_Chair.uasset" to "D:/Epic Games/2PAC/SurvivalProject/Content/StarterContent/Props/SM_Chair.uasset"
[2018.10.06-17.14.48:618][  0]LogPackFactory: Copied "../../../Samples/StarterContent/Content/StarterContent/Props/SM_CornerFrame.uasset" to "D:/Epic Games/2PAC/SurvivalProject/Content/StarterContent/Props/SM_CornerFrame.uasset"
[2018.10.06-17.14.48:623][  0]LogPackFactory: Copied "../../../Samples/StarterContent/Content/StarterContent/Props/SM_Couch.uasset" to "D:/Epic Games/2PAC/SurvivalProject/Content/StarterContent/Props/SM_Couch.uasset"
[2018.10.06-17.14.48:640][  0]LogPackFactory: Copied "../../../Samples/StarterContent/Content/StarterContent/Props/SM_Door.uasset" to "D:/Epic Games/2PAC/SurvivalProject/Content/StarterContent/Props/SM_Door.uasset"
[2018.10.06-17.14.48:643][  0]LogPackFactory: Copied "../../../Samples/StarterContent/Content/StarterContent/Props/SM_DoorFrame.uasset" to "D:/Epic Games/2PAC/SurvivalProject/Content/StarterContent/Props/SM_DoorFrame.uasset"
[2018.10.06-17.14.48:647][  0]LogPackFactory: Copied "../../../Samples/StarterContent/Content/StarterContent/Props/SM_GlassWindow.uasset" to "D:/Epic Games/2PAC/SurvivalProject/Content/StarterContent/Props/SM_GlassWindow.uasset"
[2018.10.06-17.14.48:654][  0]LogPackFactory: Copied "../../../Samples/StarterContent/Content/StarterContent/Props/SM_Lamp_Ceiling.uasset" to "D:/Epic Games/2PAC/SurvivalProject/Content/StarterContent/Props/SM_Lamp_Ceiling.uasset"
[2018.10.06-17.14.48:657][  0]LogPackFactory: Copied "../../../Samples/StarterContent/Content/StarterContent/Props/SM_Lamp_Wall.uasset" to "D:/Epic Games/2PAC/SurvivalProject/Content/StarterContent/Props/SM_Lamp_Wall.uasset"
[2018.10.06-17.14.48:660][  0]LogPackFactory: Copied "../../../Samples/StarterContent/Content/StarterContent/Props/SM_MatPreviewMesh_02.uasset" to "D:/Epic Games/2PAC/SurvivalProject/Content/StarterContent/Props/SM_MatPreviewMesh_02.uasset"
[2018.10.06-17.14.48:665][  0]LogPackFactory: Copied "../../../Samples/StarterContent/Content/StarterContent/Props/SM_PillarFrame.uasset" to "D:/Epic Games/2PAC/SurvivalProject/Content/StarterContent/Props/SM_PillarFrame.uasset"
[2018.10.06-17.14.48:668][  0]LogPackFactory: Copied "../../../Samples/StarterContent/Content/StarterContent/Props/SM_PillarFrame300.uasset" to "D:/Epic Games/2PAC/SurvivalProject/Content/StarterContent/Props/SM_PillarFrame300.uasset"
[2018.10.06-17.14.48:672][  0]LogPackFactory: Copied "../../../Samples/StarterContent/Content/StarterContent/Props/SM_Rock.uasset" to "D:/Epic Games/2PAC/SurvivalProject/Content/StarterContent/Props/SM_Rock.uasset"
[2018.10.06-17.14.48:676][  0]LogPackFactory: Copied "../../../Samples/StarterContent/Content/StarterContent/Props/SM_Shelf.uasset" to "D:/Epic Games/2PAC/SurvivalProject/Content/StarterContent/Props/SM_Shelf.uasset"
[2018.10.06-17.14.48:678][  0]LogPackFactory: Copied "../../../Samples/StarterContent/Content/StarterContent/Props/SM_Stairs.uasset" to "D:/Epic Games/2PAC/SurvivalProject/Content/StarterContent/Props/SM_Stairs.uasset"
[2018.10.06-17.14.48:684][  0]LogPackFactory: Copied "../../../Samples/StarterContent/Content/StarterContent/Props/SM_Statue.uasset" to "D:/Epic Games/2PAC/SurvivalProject/Content/StarterContent/Props/SM_Statue.uasset"
[2018.10.06-17.14.48:690][  0]LogPackFactory: Copied "../../../Samples/StarterContent/Content/StarterContent/Props/SM_TableRound.uasset" to "D:/Epic Games/2PAC/SurvivalProject/Content/StarterContent/Props/SM_TableRound.uasset"
[2018.10.06-17.14.48:692][  0]LogPackFactory: Copied "../../../Samples/StarterContent/Content/StarterContent/Props/SM_WindowFrame.uasset" to "D:/Epic Games/2PAC/SurvivalProject/Content/StarterContent/Props/SM_WindowFrame.uasset"
[2018.10.06-17.14.48:703][  0]LogPackFactory: Copied "../../../Samples/StarterContent/Content/StarterContent/Props/Materials/M_Bush.uasset" to "D:/Epic Games/2PAC/SurvivalProject/Content/StarterContent/Props/Materials/M_Bush.uasset"
[2018.10.06-17.14.48:707][  0]LogPackFactory: Copied "../../../Samples/StarterContent/Content/StarterContent/Props/Materials/M_Chair.uasset" to "D:/Epic Games/2PAC/SurvivalProject/Content/StarterContent/Props/Materials/M_Chair.uasset"
[2018.10.06-17.14.48:732][  0]LogPackFactory: Copied "../../../Samples/StarterContent/Content/StarterContent/Props/Materials/M_Door.uasset" to "D:/Epic Games/2PAC/SurvivalProject/Content/StarterContent/Props/Materials/M_Door.uasset"
[2018.10.06-17.14.48:735][  0]LogPackFactory: Copied "../../../Samples/StarterContent/Content/StarterContent/Props/Materials/M_Frame.uasset" to "D:/Epic Games/2PAC/SurvivalProject/Content/StarterContent/Props/Materials/M_Frame.uasset"
[2018.10.06-17.14.48:740][  0]LogPackFactory: Copied "../../../Samples/StarterContent/Content/StarterContent/Props/Materials/M_Lamp.uasset" to "D:/Epic Games/2PAC/SurvivalProject/Content/StarterContent/Props/Materials/M_Lamp.uasset"
[2018.10.06-17.14.48:743][  0]LogPackFactory: Copied "../../../Samples/StarterContent/Content/StarterContent/Props/Materials/M_MaterialSphere.uasset" to "D:/Epic Games/2PAC/SurvivalProject/Content/StarterContent/Props/Materials/M_MaterialSphere.uasset"
[2018.10.06-17.14.48:746][  0]LogPackFactory: Copied "../../../Samples/StarterContent/Content/StarterContent/Props/Materials/M_MaterialSphere_Plain.uasset" to "D:/Epic Games/2PAC/SurvivalProject/Content/StarterContent/Props/Materials/M_MaterialSphere_Plain.uasset"
[2018.10.06-17.14.48:750][  0]LogPackFactory: Copied "../../../Samples/StarterContent/Content/StarterContent/Props/Materials/M_Rock.uasset" to "D:/Epic Games/2PAC/SurvivalProject/Content/StarterContent/Props/Materials/M_Rock.uasset"
[2018.10.06-17.14.48:754][  0]LogPackFactory: Copied "../../../Samples/StarterContent/Content/StarterContent/Props/Materials/M_Shelf.uasset" to "D:/Epic Games/2PAC/SurvivalProject/Content/StarterContent/Props/Materials/M_Shelf.uasset"
[2018.10.06-17.14.48:757][  0]LogPackFactory: Copied "../../../Samples/StarterContent/Content/StarterContent/Props/Materials/M_Statue.uasset" to "D:/Epic Games/2PAC/SurvivalProject/Content/StarterContent/Props/Materials/M_Statue.uasset"
[2018.10.06-17.14.48:761][  0]LogPackFactory: Copied "../../../Samples/StarterContent/Content/StarterContent/Props/Materials/M_StatueGlass.uasset" to "D:/Epic Games/2PAC/SurvivalProject/Content/StarterContent/Props/Materials/M_StatueGlass.uasset"
[2018.10.06-17.14.48:765][  0]LogPackFactory: Copied "../../../Samples/StarterContent/Content/StarterContent/Props/Materials/M_TableRound.uasset" to "D:/Epic Games/2PAC/SurvivalProject/Content/StarterContent/Props/Materials/M_TableRound.uasset"
[2018.10.06-17.14.48:783][  0]LogPackFactory: Copied "../../../Samples/StarterContent/Content/StarterContent/Shapes/Shape_Cone.uasset" to "D:/Epic Games/2PAC/SurvivalProject/Content/StarterContent/Shapes/Shape_Cone.uasset"
[2018.10.06-17.14.48:787][  0]LogPackFactory: Copied "../../../Samples/StarterContent/Content/StarterContent/Shapes/Shape_Cube.uasset" to "D:/Epic Games/2PAC/SurvivalProject/Content/StarterContent/Shapes/Shape_Cube.uasset"
[2018.10.06-17.14.48:792][  0]LogPackFactory: Copied "../../../Samples/StarterContent/Content/StarterContent/Shapes/Shape_Cylinder.uasset" to "D:/Epic Games/2PAC/SurvivalProject/Content/StarterContent/Shapes/Shape_Cylinder.uasset"
[2018.10.06-17.14.48:822][  0]LogPackFactory: Copied "../../../Samples/StarterContent/Content/StarterContent/Shapes/Shape_NarrowCapsule.uasset" to "D:/Epic Games/2PAC/SurvivalProject/Content/StarterContent/Shapes/Shape_NarrowCapsule.uasset"
[2018.10.06-17.14.48:825][  0]LogPackFactory: Copied "../../../Samples/StarterContent/Content/StarterContent/Shapes/Shape_Pipe.uasset" to "D:/Epic Games/2PAC/SurvivalProject/Content/StarterContent/Shapes/Shape_Pipe.uasset"
[2018.10.06-17.14.48:830][  0]LogPackFactory: Copied "../../../Samples/StarterContent/Content/StarterContent/Shapes/Shape_Pipe_180.uasset" to "D:/Epic Games/2PAC/SurvivalProject/Content/StarterContent/Shapes/Shape_Pipe_180.uasset"
[2018.10.06-17.14.48:834][  0]LogPackFactory: Copied "../../../Samples/StarterContent/Content/StarterContent/Shapes/Shape_Pipe_90.uasset" to "D:/Epic Games/2PAC/SurvivalProject/Content/StarterContent/Shapes/Shape_Pipe_90.uasset"
[2018.10.06-17.14.48:837][  0]LogPackFactory: Copied "../../../Samples/StarterContent/Content/StarterContent/Shapes/Shape_Plane.uasset" to "D:/Epic Games/2PAC/SurvivalProject/Content/StarterContent/Shapes/Shape_Plane.uasset"
[2018.10.06-17.14.48:840][  0]LogPackFactory: Copied "../../../Samples/StarterContent/Content/StarterContent/Shapes/Shape_QuadPyramid.uasset" to "D:/Epic Games/2PAC/SurvivalProject/Content/StarterContent/Shapes/Shape_QuadPyramid.uasset"
[2018.10.06-17.14.48:844][  0]LogPackFactory: Copied "../../../Samples/StarterContent/Content/StarterContent/Shapes/Shape_Sphere.uasset" to "D:/Epic Games/2PAC/SurvivalProject/Content/StarterContent/Shapes/Shape_Sphere.uasset"
[2018.10.06-17.14.48:850][  0]LogPackFactory: Copied "../../../Samples/StarterContent/Content/StarterContent/Shapes/Shape_Torus.uasset" to "D:/Epic Games/2PAC/SurvivalProject/Content/StarterContent/Shapes/Shape_Torus.uasset"
[2018.10.06-17.14.48:854][  0]LogPackFactory: Copied "../../../Samples/StarterContent/Content/StarterContent/Shapes/Shape_Trim.uasset" to "D:/Epic Games/2PAC/SurvivalProject/Content/StarterContent/Shapes/Shape_Trim.uasset"
[2018.10.06-17.14.48:857][  0]LogPackFactory: Copied "../../../Samples/StarterContent/Content/StarterContent/Shapes/Shape_Trim_90_In.uasset" to "D:/Epic Games/2PAC/SurvivalProject/Content/StarterContent/Shapes/Shape_Trim_90_In.uasset"
[2018.10.06-17.14.48:860][  0]LogPackFactory: Copied "../../../Samples/StarterContent/Content/StarterContent/Shapes/Shape_Trim_90_Out.uasset" to "D:/Epic Games/2PAC/SurvivalProject/Content/StarterContent/Shapes/Shape_Trim_90_Out.uasset"
[2018.10.06-17.14.48:863][  0]LogPackFactory: Copied "../../../Samples/StarterContent/Content/StarterContent/Shapes/Shape_TriPyramid.uasset" to "D:/Epic Games/2PAC/SurvivalProject/Content/StarterContent/Shapes/Shape_TriPyramid.uasset"
[2018.10.06-17.14.48:868][  0]LogPackFactory: Copied "../../../Samples/StarterContent/Content/StarterContent/Shapes/Shape_Tube.uasset" to "D:/Epic Games/2PAC/SurvivalProject/Content/StarterContent/Shapes/Shape_Tube.uasset"
[2018.10.06-17.14.48:871][  0]LogPackFactory: Copied "../../../Samples/StarterContent/Content/StarterContent/Shapes/Shape_Wedge_A.uasset" to "D:/Epic Games/2PAC/SurvivalProject/Content/StarterContent/Shapes/Shape_Wedge_A.uasset"
[2018.10.06-17.14.48:874][  0]LogPackFactory: Copied "../../../Samples/StarterContent/Content/StarterContent/Shapes/Shape_Wedge_B.uasset" to "D:/Epic Games/2PAC/SurvivalProject/Content/StarterContent/Shapes/Shape_Wedge_B.uasset"
[2018.10.06-17.14.48:878][  0]LogPackFactory: Copied "../../../Samples/StarterContent/Content/StarterContent/Shapes/Shape_WideCapsule.uasset" to "D:/Epic Games/2PAC/SurvivalProject/Content/StarterContent/Shapes/Shape_WideCapsule.uasset"
[2018.10.06-17.14.48:895][  0]LogPackFactory: Copied "../../../Samples/StarterContent/Content/StarterContent/Textures/T_Brick_Clay_Beveled_D.uasset" to "D:/Epic Games/2PAC/SurvivalProject/Content/StarterContent/Textures/T_Brick_Clay_Beveled_D.uasset"
[2018.10.06-17.14.48:902][  0]LogPackFactory: Copied "../../../Samples/StarterContent/Content/StarterContent/Textures/T_Brick_Clay_Beveled_M.uasset" to "D:/Epic Games/2PAC/SurvivalProject/Content/StarterContent/Textures/T_Brick_Clay_Beveled_M.uasset"
[2018.10.06-17.14.48:917][  0]LogPackFactory: Copied "../../../Samples/StarterContent/Content/StarterContent/Textures/T_Brick_Clay_Beveled_N.uasset" to "D:/Epic Games/2PAC/SurvivalProject/Content/StarterContent/Textures/T_Brick_Clay_Beveled_N.uasset"
[2018.10.06-17.14.48:922][  0]LogPackFactory: Copied "../../../Samples/StarterContent/Content/StarterContent/Textures/T_Brick_Clay_New_D.uasset" to "D:/Epic Games/2PAC/SurvivalProject/Content/StarterContent/Textures/T_Brick_Clay_New_D.uasset"
[2018.10.06-17.14.48:929][  0]LogPackFactory: Copied "../../../Samples/StarterContent/Content/StarterContent/Textures/T_Brick_Clay_New_M.uasset" to "D:/Epic Games/2PAC/SurvivalProject/Content/StarterContent/Textures/T_Brick_Clay_New_M.uasset"
[2018.10.06-17.14.48:936][  0]LogPackFactory: Copied "../../../Samples/StarterContent/Content/StarterContent/Textures/T_Brick_Clay_New_N.uasset" to "D:/Epic Games/2PAC/SurvivalProject/Content/StarterContent/Textures/T_Brick_Clay_New_N.uasset"
[2018.10.06-17.14.48:960][  0]LogPackFactory: Copied "../../../Samples/StarterContent/Content/StarterContent/Textures/T_Brick_Clay_Old_D.uasset" to "D:/Epic Games/2PAC/SurvivalProject/Content/StarterContent/Textures/T_Brick_Clay_Old_D.uasset"
[2018.10.06-17.14.48:967][  0]LogPackFactory: Copied "../../../Samples/StarterContent/Content/StarterContent/Textures/T_Brick_Clay_Old_N.uasset" to "D:/Epic Games/2PAC/SurvivalProject/Content/StarterContent/Textures/T_Brick_Clay_Old_N.uasset"
[2018.10.06-17.14.48:979][  0]LogPackFactory: Copied "../../../Samples/StarterContent/Content/StarterContent/Textures/T_Brick_Cut_Stone_D.uasset" to "D:/Epic Games/2PAC/SurvivalProject/Content/StarterContent/Textures/T_Brick_Cut_Stone_D.uasset"
[2018.10.06-17.14.48:989][  0]LogPackFactory: Copied "../../../Samples/StarterContent/Content/StarterContent/Textures/T_Brick_Cut_Stone_N.uasset" to "D:/Epic Games/2PAC/SurvivalProject/Content/StarterContent/Textures/T_Brick_Cut_Stone_N.uasset"
[2018.10.06-17.14.48:995][  0]LogPackFactory: Copied "../../../Samples/StarterContent/Content/StarterContent/Textures/T_Brick_Hewn_Stone_D.uasset" to "D:/Epic Games/2PAC/SurvivalProject/Content/StarterContent/Textures/T_Brick_Hewn_Stone_D.uasset"
[2018.10.06-17.14.49:003][  0]LogPackFactory: Copied "../../../Samples/StarterContent/Content/StarterContent/Textures/T_Brick_Hewn_Stone_M.uasset" to "D:/Epic Games/2PAC/SurvivalProject/Content/StarterContent/Textures/T_Brick_Hewn_Stone_M.uasset"
[2018.10.06-17.14.49:010][  0]LogPackFactory: Copied "../../../Samples/StarterContent/Content/StarterContent/Textures/T_Brick_Hewn_Stone_N.uasset" to "D:/Epic Games/2PAC/SurvivalProject/Content/StarterContent/Textures/T_Brick_Hewn_Stone_N.uasset"
[2018.10.06-17.14.49:016][  0]LogPackFactory: Copied "../../../Samples/StarterContent/Content/StarterContent/Textures/T_Burst_M.uasset" to "D:/Epic Games/2PAC/SurvivalProject/Content/StarterContent/Textures/T_Burst_M.uasset"
[2018.10.06-17.14.49:023][  0]LogPackFactory: Copied "../../../Samples/StarterContent/Content/StarterContent/Textures/T_Bush_D.uasset" to "D:/Epic Games/2PAC/SurvivalProject/Content/StarterContent/Textures/T_Bush_D.uasset"
[2018.10.06-17.14.49:028][  0]LogPackFactory: Copied "../../../Samples/StarterContent/Content/StarterContent/Textures/T_Bush_N.uasset" to "D:/Epic Games/2PAC/SurvivalProject/Content/StarterContent/Textures/T_Bush_N.uasset"
[2018.10.06-17.14.49:034][  0]LogPackFactory: Copied "../../../Samples/StarterContent/Content/StarterContent/Textures/T_Ceramic_Tile_M.uasset" to "D:/Epic Games/2PAC/SurvivalProject/Content/StarterContent/Textures/T_Ceramic_Tile_M.uasset"
[2018.10.06-17.14.49:039][  0]LogPackFactory: Copied "../../../Samples/StarterContent/Content/StarterContent/Textures/T_Ceramic_Tile_N.uasset" to "D:/Epic Games/2PAC/SurvivalProject/Content/StarterContent/Textures/T_Ceramic_Tile_N.uasset"
[2018.10.06-17.14.49:042][  0]LogPackFactory: Copied "../../../Samples/StarterContent/Content/StarterContent/Textures/T_Chair_M.uasset" to "D:/Epic Games/2PAC/SurvivalProject/Content/StarterContent/Textures/T_Chair_M.uasset"
[2018.10.06-17.14.49:049][  0]LogPackFactory: Copied "../../../Samples/StarterContent/Content/StarterContent/Textures/T_Chair_N.uasset" to "D:/Epic Games/2PAC/SurvivalProject/Content/StarterContent/Textures/T_Chair_N.uasset"
[2018.10.06-17.14.49:056][  0]LogPackFactory: Copied "../../../Samples/StarterContent/Content/StarterContent/Textures/T_Checker_Noise_M.uasset" to "D:/Epic Games/2PAC/SurvivalProject/Content/StarterContent/Textures/T_Checker_Noise_M.uasset"
[2018.10.06-17.14.49:066][  0]LogPackFactory: Copied "../../../Samples/StarterContent/Content/StarterContent/Textures/T_CobbleStone_Pebble_D.uasset" to "D:/Epic Games/2PAC/SurvivalProject/Content/StarterContent/Textures/T_CobbleStone_Pebble_D.uasset"
[2018.10.06-17.14.49:073][  0]LogPackFactory: Copied "../../../Samples/StarterContent/Content/StarterContent/Textures/T_CobbleStone_Pebble_M.uasset" to "D:/Epic Games/2PAC/SurvivalProject/Content/StarterContent/Textures/T_CobbleStone_Pebble_M.uasset"
[2018.10.06-17.14.49:082][  0]LogPackFactory: Copied "../../../Samples/StarterContent/Content/StarterContent/Textures/T_CobbleStone_Pebble_N.uasset" to "D:/Epic Games/2PAC/SurvivalProject/Content/StarterContent/Textures/T_CobbleStone_Pebble_N.uasset"
[2018.10.06-17.14.49:107][  0]LogPackFactory: Copied "../../../Samples/StarterContent/Content/StarterContent/Textures/T_CobbleStone_Rough_D.uasset" to "D:/Epic Games/2PAC/SurvivalProject/Content/StarterContent/Textures/T_CobbleStone_Rough_D.uasset"
[2018.10.06-17.14.49:111][  0]LogPackFactory: Copied "../../../Samples/StarterContent/Content/StarterContent/Textures/T_CobbleStone_Rough_N.uasset" to "D:/Epic Games/2PAC/SurvivalProject/Content/StarterContent/Textures/T_CobbleStone_Rough_N.uasset"
[2018.10.06-17.14.49:117][  0]LogPackFactory: Copied "../../../Samples/StarterContent/Content/StarterContent/Textures/T_CobbleStone_Smooth_D.uasset" to "D:/Epic Games/2PAC/SurvivalProject/Content/StarterContent/Textures/T_CobbleStone_Smooth_D.uasset"
[2018.10.06-17.14.49:124][  0]LogPackFactory: Copied "../../../Samples/StarterContent/Content/StarterContent/Textures/T_CobbleStone_Smooth_M.uasset" to "D:/Epic Games/2PAC/SurvivalProject/Content/StarterContent/Textures/T_CobbleStone_Smooth_M.uasset"
[2018.10.06-17.14.49:132][  0]LogPackFactory: Copied "../../../Samples/StarterContent/Content/StarterContent/Textures/T_CobbleStone_Smooth_N.uasset" to "D:/Epic Games/2PAC/SurvivalProject/Content/StarterContent/Textures/T_CobbleStone_Smooth_N.uasset"
[2018.10.06-17.14.49:139][  0]LogPackFactory: Copied "../../../Samples/StarterContent/Content/StarterContent/Textures/T_Concrete_Grime_D.uasset" to "D:/Epic Games/2PAC/SurvivalProject/Content/StarterContent/Textures/T_Concrete_Grime_D.uasset"
[2018.10.06-17.14.49:155][  0]LogPackFactory: Copied "../../../Samples/StarterContent/Content/StarterContent/Textures/T_Concrete_Panels_D.uasset" to "D:/Epic Games/2PAC/SurvivalProject/Content/StarterContent/Textures/T_Concrete_Panels_D.uasset"
[2018.10.06-17.14.49:161][  0]LogPackFactory: Copied "../../../Samples/StarterContent/Content/StarterContent/Textures/T_Concrete_Panels_N.uasset" to "D:/Epic Games/2PAC/SurvivalProject/Content/StarterContent/Textures/T_Concrete_Panels_N.uasset"
[2018.10.06-17.14.49:170][  0]LogPackFactory: Copied "../../../Samples/StarterContent/Content/StarterContent/Textures/T_Concrete_Poured_D.uasset" to "D:/Epic Games/2PAC/SurvivalProject/Content/StarterContent/Textures/T_Concrete_Poured_D.uasset"
[2018.10.06-17.14.49:177][  0]LogPackFactory: Copied "../../../Samples/StarterContent/Content/StarterContent/Textures/T_Concrete_Poured_N.uasset" to "D:/Epic Games/2PAC/SurvivalProject/Content/StarterContent/Textures/T_Concrete_Poured_N.uasset"
[2018.10.06-17.14.49:182][  0]LogPackFactory: Copied "../../../Samples/StarterContent/Content/StarterContent/Textures/T_Concrete_Tiles_D.uasset" to "D:/Epic Games/2PAC/SurvivalProject/Content/StarterContent/Textures/T_Concrete_Tiles_D.uasset"
[2018.10.06-17.14.49:187][  0]LogPackFactory: Copied "../../../Samples/StarterContent/Content/StarterContent/Textures/T_Concrete_Tiles_M.uasset" to "D:/Epic Games/2PAC/SurvivalProject/Content/StarterContent/Textures/T_Concrete_Tiles_M.uasset"
[2018.10.06-17.14.49:210][  0]LogPackFactory: Copied "../../../Samples/StarterContent/Content/StarterContent/Textures/T_Concrete_Tiles_N.uasset" to "D:/Epic Games/2PAC/SurvivalProject/Content/StarterContent/Textures/T_Concrete_Tiles_N.uasset"
[2018.10.06-17.14.49:212][  0]LogPackFactory: Copied "../../../Samples/StarterContent/Content/StarterContent/Textures/T_Concrete_Tiles_Variation_M.uasset" to "D:/Epic Games/2PAC/SurvivalProject/Content/StarterContent/Textures/T_Concrete_Tiles_Variation_M.uasset"
[2018.10.06-17.14.49:220][  0]LogPackFactory: Copied "../../../Samples/StarterContent/Content/StarterContent/Textures/T_Detail_Rocky_N.uasset" to "D:/Epic Games/2PAC/SurvivalProject/Content/StarterContent/Textures/T_Detail_Rocky_N.uasset"
[2018.10.06-17.14.49:249][  0]LogPackFactory: Copied "../../../Samples/StarterContent/Content/StarterContent/Textures/T_Door_M.uasset" to "D:/Epic Games/2PAC/SurvivalProject/Content/StarterContent/Textures/T_Door_M.uasset"
[2018.10.06-17.14.49:256][  0]LogPackFactory: Copied "../../../Samples/StarterContent/Content/StarterContent/Textures/T_Door_N.uasset" to "D:/Epic Games/2PAC/SurvivalProject/Content/StarterContent/Textures/T_Door_N.uasset"
[2018.10.06-17.14.49:258][  0]LogPackFactory: Copied "../../../Samples/StarterContent/Content/StarterContent/Textures/T_Dust_Particle_D.uasset" to "D:/Epic Games/2PAC/SurvivalProject/Content/StarterContent/Textures/T_Dust_Particle_D.uasset"
[2018.10.06-17.14.49:261][  0]LogPackFactory: Copied "../../../Samples/StarterContent/Content/StarterContent/Textures/T_Explosion_SubUV.uasset" to "D:/Epic Games/2PAC/SurvivalProject/Content/StarterContent/Textures/T_Explosion_SubUV.uasset"
[2018.10.06-17.14.49:268][  0]LogPackFactory: Copied "../../../Samples/StarterContent/Content/StarterContent/Textures/T_Fire_SubUV.uasset" to "D:/Epic Games/2PAC/SurvivalProject/Content/StarterContent/Textures/T_Fire_SubUV.uasset"
[2018.10.06-17.14.49:279][  0]LogPackFactory: Copied "../../../Samples/StarterContent/Content/StarterContent/Textures/T_Fire_Tiled_D.uasset" to "D:/Epic Games/2PAC/SurvivalProject/Content/StarterContent/Textures/T_Fire_Tiled_D.uasset"
[2018.10.06-17.14.49:298][  0]LogPackFactory: Copied "../../../Samples/StarterContent/Content/StarterContent/Textures/T_Frame_M.uasset" to "D:/Epic Games/2PAC/SurvivalProject/Content/StarterContent/Textures/T_Frame_M.uasset"
[2018.10.06-17.14.49:304][  0]LogPackFactory: Copied "../../../Samples/StarterContent/Content/StarterContent/Textures/T_Frame_N.uasset" to "D:/Epic Games/2PAC/SurvivalProject/Content/StarterContent/Textures/T_Frame_N.uasset"
[2018.10.06-17.14.49:315][  0]LogPackFactory: Copied "../../../Samples/StarterContent/Content/StarterContent/Textures/T_Gradinet_01.uasset" to "D:/Epic Games/2PAC/SurvivalProject/Content/StarterContent/Textures/T_Gradinet_01.uasset"
[2018.10.06-17.14.49:325][  0]LogPackFactory: Copied "../../../Samples/StarterContent/Content/StarterContent/Textures/T_Ground_Grass_D.uasset" to "D:/Epic Games/2PAC/SurvivalProject/Content/StarterContent/Textures/T_Ground_Grass_D.uasset"
[2018.10.06-17.14.49:335][  0]LogPackFactory: Copied "../../../Samples/StarterContent/Content/StarterContent/Textures/T_Ground_Grass_N.uasset" to "D:/Epic Games/2PAC/SurvivalProject/Content/StarterContent/Textures/T_Ground_Grass_N.uasset"
[2018.10.06-17.14.49:346][  0]LogPackFactory: Copied "../../../Samples/StarterContent/Content/StarterContent/Textures/T_Ground_Gravel_D.uasset" to "D:/Epic Games/2PAC/SurvivalProject/Content/StarterContent/Textures/T_Ground_Gravel_D.uasset"
[2018.10.06-17.14.49:373][  0]LogPackFactory: Copied "../../../Samples/StarterContent/Content/StarterContent/Textures/T_Ground_Gravel_N.uasset" to "D:/Epic Games/2PAC/SurvivalProject/Content/StarterContent/Textures/T_Ground_Gravel_N.uasset"
[2018.10.06-17.14.49:385][  0]LogPackFactory: Copied "../../../Samples/StarterContent/Content/StarterContent/Textures/T_ground_Moss_D.uasset" to "D:/Epic Games/2PAC/SurvivalProject/Content/StarterContent/Textures/T_ground_Moss_D.uasset"
[2018.10.06-17.14.49:394][  0]LogPackFactory: Copied "../../../Samples/StarterContent/Content/StarterContent/Textures/T_Ground_Moss_N.uasset" to "D:/Epic Games/2PAC/SurvivalProject/Content/StarterContent/Textures/T_Ground_Moss_N.uasset"
[2018.10.06-17.14.49:400][  0]LogPackFactory: Copied "../../../Samples/StarterContent/Content/StarterContent/Textures/T_Lamp_M.uasset" to "D:/Epic Games/2PAC/SurvivalProject/Content/StarterContent/Textures/T_Lamp_M.uasset"
[2018.10.06-17.14.49:403][  0]LogPackFactory: Copied "../../../Samples/StarterContent/Content/StarterContent/Textures/T_Lamp_N.uasset" to "D:/Epic Games/2PAC/SurvivalProject/Content/StarterContent/Textures/T_Lamp_N.uasset"
[2018.10.06-17.14.49:412][  0]LogPackFactory: Copied "../../../Samples/StarterContent/Content/StarterContent/Textures/T_MacroVariation.uasset" to "D:/Epic Games/2PAC/SurvivalProject/Content/StarterContent/Textures/T_MacroVariation.uasset"
[2018.10.06-17.14.49:432][  0]LogPackFactory: Copied "../../../Samples/StarterContent/Content/StarterContent/Textures/T_Metal_Aluminum_D.uasset" to "D:/Epic Games/2PAC/SurvivalProject/Content/StarterContent/Textures/T_Metal_Aluminum_D.uasset"
[2018.10.06-17.14.49:439][  0]LogPackFactory: Copied "../../../Samples/StarterContent/Content/StarterContent/Textures/T_Metal_Copper_D.uasset" to "D:/Epic Games/2PAC/SurvivalProject/Content/StarterContent/Textures/T_Metal_Copper_D.uasset"
[2018.10.06-17.14.49:448][  0]LogPackFactory: Copied "../../../Samples/StarterContent/Content/StarterContent/Textures/T_Metal_Gold_D.uasset" to "D:/Epic Games/2PAC/SurvivalProject/Content/StarterContent/Textures/T_Metal_Gold_D.uasset"
[2018.10.06-17.14.49:454][  0]LogPackFactory: Copied "../../../Samples/StarterContent/Content/StarterContent/Textures/T_Metal_Gold_N.uasset" to "D:/Epic Games/2PAC/SurvivalProject/Content/StarterContent/Textures/T_Metal_Gold_N.uasset"
[2018.10.06-17.14.49:463][  0]LogPackFactory: Copied "../../../Samples/StarterContent/Content/StarterContent/Textures/T_Metal_Rust_D.uasset" to "D:/Epic Games/2PAC/SurvivalProject/Content/StarterContent/Textures/T_Metal_Rust_D.uasset"
[2018.10.06-17.14.49:471][  0]LogPackFactory: Copied "../../../Samples/StarterContent/Content/StarterContent/Textures/T_Metal_Rust_N.uasset" to "D:/Epic Games/2PAC/SurvivalProject/Content/StarterContent/Textures/T_Metal_Rust_N.uasset"
[2018.10.06-17.14.49:475][  0]LogPackFactory: Copied "../../../Samples/StarterContent/Content/StarterContent/Textures/T_Metal_Steel_D.uasset" to "D:/Epic Games/2PAC/SurvivalProject/Content/StarterContent/Textures/T_Metal_Steel_D.uasset"
[2018.10.06-17.14.49:495][  0]LogPackFactory: Copied "../../../Samples/StarterContent/Content/StarterContent/Textures/T_Metal_Steel_N.uasset" to "D:/Epic Games/2PAC/SurvivalProject/Content/StarterContent/Textures/T_Metal_Steel_N.uasset"
[2018.10.06-17.14.49:502][  0]LogPackFactory: Copied "../../../Samples/StarterContent/Content/StarterContent/Textures/T_Perlin_Noise_M.uasset" to "D:/Epic Games/2PAC/SurvivalProject/Content/StarterContent/Textures/T_Perlin_Noise_M.uasset"
[2018.10.06-17.14.49:505][  0]LogPackFactory: Copied "../../../Samples/StarterContent/Content/StarterContent/Textures/T_RockMesh_M.uasset" to "D:/Epic Games/2PAC/SurvivalProject/Content/StarterContent/Textures/T_RockMesh_M.uasset"
[2018.10.06-17.14.49:510][  0]LogPackFactory: Copied "../../../Samples/StarterContent/Content/StarterContent/Textures/T_RockMesh_N.uasset" to "D:/Epic Games/2PAC/SurvivalProject/Content/StarterContent/Textures/T_RockMesh_N.uasset"
[2018.10.06-17.14.49:525][  0]LogPackFactory: Copied "../../../Samples/StarterContent/Content/StarterContent/Textures/T_Rock_Basalt_D.uasset" to "D:/Epic Games/2PAC/SurvivalProject/Content/StarterContent/Textures/T_Rock_Basalt_D.uasset"
[2018.10.06-17.14.49:532][  0]LogPackFactory: Copied "../../../Samples/StarterContent/Content/StarterContent/Textures/T_Rock_Basalt_N.uasset" to "D:/Epic Games/2PAC/SurvivalProject/Content/StarterContent/Textures/T_Rock_Basalt_N.uasset"
[2018.10.06-17.14.49:559][  0]LogPackFactory: Copied "../../../Samples/StarterContent/Content/StarterContent/Textures/T_Rock_Marble_Polished_D.uasset" to "D:/Epic Games/2PAC/SurvivalProject/Content/StarterContent/Textures/T_Rock_Marble_Polished_D.uasset"
[2018.10.06-17.14.49:567][  0]LogPackFactory: Copied "../../../Samples/StarterContent/Content/StarterContent/Textures/T_Rock_Sandstone_D.uasset" to "D:/Epic Games/2PAC/SurvivalProject/Content/StarterContent/Textures/T_Rock_Sandstone_D.uasset"
[2018.10.06-17.14.49:575][  0]LogPackFactory: Copied "../../../Samples/StarterContent/Content/StarterContent/Textures/T_Rock_Sandstone_N.uasset" to "D:/Epic Games/2PAC/SurvivalProject/Content/StarterContent/Textures/T_Rock_Sandstone_N.uasset"
[2018.10.06-17.14.49:586][  0]LogPackFactory: Copied "../../../Samples/StarterContent/Content/StarterContent/Textures/T_Rock_Slate_D.uasset" to "D:/Epic Games/2PAC/SurvivalProject/Content/StarterContent/Textures/T_Rock_Slate_D.uasset"
[2018.10.06-17.14.49:594][  0]LogPackFactory: Copied "../../../Samples/StarterContent/Content/StarterContent/Textures/T_Rock_Slate_N.uasset" to "D:/Epic Games/2PAC/SurvivalProject/Content/StarterContent/Textures/T_Rock_Slate_N.uasset"
[2018.10.06-17.14.49:613][  0]LogPackFactory: Copied "../../../Samples/StarterContent/Content/StarterContent/Textures/T_Rock_Smooth_Granite_D.uasset" to "D:/Epic Games/2PAC/SurvivalProject/Content/StarterContent/Textures/T_Rock_Smooth_Granite_D.uasset"
[2018.10.06-17.14.49:619][  0]LogPackFactory: Copied "../../../Samples/StarterContent/Content/StarterContent/Textures/T_Shelf_M.uasset" to "D:/Epic Games/2PAC/SurvivalProject/Content/StarterContent/Textures/T_Shelf_M.uasset"
[2018.10.06-17.14.49:627][  0]LogPackFactory: Copied "../../../Samples/StarterContent/Content/StarterContent/Textures/T_Shelf_N.uasset" to "D:/Epic Games/2PAC/SurvivalProject/Content/StarterContent/Textures/T_Shelf_N.uasset"
[2018.10.06-17.14.49:629][  0]LogPackFactory: Copied "../../../Samples/StarterContent/Content/StarterContent/Textures/T_Single_Tile_N.uasset" to "D:/Epic Games/2PAC/SurvivalProject/Content/StarterContent/Textures/T_Single_Tile_N.uasset"
[2018.10.06-17.14.49:633][  0]LogPackFactory: Copied "../../../Samples/StarterContent/Content/StarterContent/Textures/T_Smoke_SubUV.uasset" to "D:/Epic Games/2PAC/SurvivalProject/Content/StarterContent/Textures/T_Smoke_SubUV.uasset"
[2018.10.06-17.14.49:635][  0]LogPackFactory: Copied "../../../Samples/StarterContent/Content/StarterContent/Textures/T_Smoke_Tiled_D.uasset" to "D:/Epic Games/2PAC/SurvivalProject/Content/StarterContent/Textures/T_Smoke_Tiled_D.uasset"
[2018.10.06-17.14.49:649][  0]LogPackFactory: Copied "../../../Samples/StarterContent/Content/StarterContent/Textures/T_Spark_Core.uasset" to "D:/Epic Games/2PAC/SurvivalProject/Content/StarterContent/Textures/T_Spark_Core.uasset"
[2018.10.06-17.14.49:655][  0]LogPackFactory: Copied "../../../Samples/StarterContent/Content/StarterContent/Textures/T_Statue_M.uasset" to "D:/Epic Games/2PAC/SurvivalProject/Content/StarterContent/Textures/T_Statue_M.uasset"
[2018.10.06-17.14.49:661][  0]LogPackFactory: Copied "../../../Samples/StarterContent/Content/StarterContent/Textures/T_Statue_N.uasset" to "D:/Epic Games/2PAC/SurvivalProject/Content/StarterContent/Textures/T_Statue_N.uasset"
[2018.10.06-17.14.49:668][  0]LogPackFactory: Copied "../../../Samples/StarterContent/Content/StarterContent/Textures/T_TableRound_M.uasset" to "D:/Epic Games/2PAC/SurvivalProject/Content/StarterContent/Textures/T_TableRound_M.uasset"
[2018.10.06-17.14.49:676][  0]LogPackFactory: Copied "../../../Samples/StarterContent/Content/StarterContent/Textures/T_TableRound_N.uasset" to "D:/Epic Games/2PAC/SurvivalProject/Content/StarterContent/Textures/T_TableRound_N.uasset"
[2018.10.06-17.14.49:679][  0]LogPackFactory: Copied "../../../Samples/StarterContent/Content/StarterContent/Textures/T_Tech_Dot_M.uasset" to "D:/Epic Games/2PAC/SurvivalProject/Content/StarterContent/Textures/T_Tech_Dot_M.uasset"
[2018.10.06-17.14.49:681][  0]LogPackFactory: Copied "../../../Samples/StarterContent/Content/StarterContent/Textures/T_Tech_Dot_N.uasset" to "D:/Epic Games/2PAC/SurvivalProject/Content/StarterContent/Textures/T_Tech_Dot_N.uasset"
[2018.10.06-17.14.49:687][  0]LogPackFactory: Copied "../../../Samples/StarterContent/Content/StarterContent/Textures/T_Tech_Hex_Tile_M.uasset" to "D:/Epic Games/2PAC/SurvivalProject/Content/StarterContent/Textures/T_Tech_Hex_Tile_M.uasset"
[2018.10.06-17.14.49:693][  0]LogPackFactory: Copied "../../../Samples/StarterContent/Content/StarterContent/Textures/T_Tech_Hex_Tile_N.uasset" to "D:/Epic Games/2PAC/SurvivalProject/Content/StarterContent/Textures/T_Tech_Hex_Tile_N.uasset"
[2018.10.06-17.14.49:699][  0]LogPackFactory: Copied "../../../Samples/StarterContent/Content/StarterContent/Textures/T_Tech_Panel_M.uasset" to "D:/Epic Games/2PAC/SurvivalProject/Content/StarterContent/Textures/T_Tech_Panel_M.uasset"
[2018.10.06-17.14.49:705][  0]LogPackFactory: Copied "../../../Samples/StarterContent/Content/StarterContent/Textures/T_Tech_Panel_N.uasset" to "D:/Epic Games/2PAC/SurvivalProject/Content/StarterContent/Textures/T_Tech_Panel_N.uasset"
[2018.10.06-17.14.49:709][  0]LogPackFactory: Copied "../../../Samples/StarterContent/Content/StarterContent/Textures/T_Water_M.uasset" to "D:/Epic Games/2PAC/SurvivalProject/Content/StarterContent/Textures/T_Water_M.uasset"
[2018.10.06-17.14.49:712][  0]LogPackFactory: Copied "../../../Samples/StarterContent/Content/StarterContent/Textures/T_Water_N.uasset" to "D:/Epic Games/2PAC/SurvivalProject/Content/StarterContent/Textures/T_Water_N.uasset"
[2018.10.06-17.14.49:717][  0]LogPackFactory: Copied "../../../Samples/StarterContent/Content/StarterContent/Textures/T_Wood_Floor_Walnut_D.uasset" to "D:/Epic Games/2PAC/SurvivalProject/Content/StarterContent/Textures/T_Wood_Floor_Walnut_D.uasset"
[2018.10.06-17.14.49:721][  0]LogPackFactory: Copied "../../../Samples/StarterContent/Content/StarterContent/Textures/T_Wood_Floor_Walnut_M.uasset" to "D:/Epic Games/2PAC/SurvivalProject/Content/StarterContent/Textures/T_Wood_Floor_Walnut_M.uasset"
[2018.10.06-17.14.49:724][  0]LogPackFactory: Copied "../../../Samples/StarterContent/Content/StarterContent/Textures/T_Wood_Floor_Walnut_N.uasset" to "D:/Epic Games/2PAC/SurvivalProject/Content/StarterContent/Textures/T_Wood_Floor_Walnut_N.uasset"
[2018.10.06-17.14.49:730][  0]LogPackFactory: Copied "../../../Samples/StarterContent/Content/StarterContent/Textures/T_Wood_Oak_D.uasset" to "D:/Epic Games/2PAC/SurvivalProject/Content/StarterContent/Textures/T_Wood_Oak_D.uasset"
[2018.10.06-17.14.49:735][  0]LogPackFactory: Copied "../../../Samples/StarterContent/Content/StarterContent/Textures/T_Wood_Oak_N.uasset" to "D:/Epic Games/2PAC/SurvivalProject/Content/StarterContent/Textures/T_Wood_Oak_N.uasset"
[2018.10.06-17.14.49:744][  0]LogPackFactory: Copied "../../../Samples/StarterContent/Content/StarterContent/Textures/T_Wood_Pine_D.uasset" to "D:/Epic Games/2PAC/SurvivalProject/Content/StarterContent/Textures/T_Wood_Pine_D.uasset"
[2018.10.06-17.14.49:755][  0]LogPackFactory: Copied "../../../Samples/StarterContent/Content/StarterContent/Textures/T_Wood_Pine_N.uasset" to "D:/Epic Games/2PAC/SurvivalProject/Content/StarterContent/Textures/T_Wood_Pine_N.uasset"
[2018.10.06-17.14.49:762][  0]LogPackFactory: Copied "../../../Samples/StarterContent/Content/StarterContent/Textures/T_Wood_Walnut_D.uasset" to "D:/Epic Games/2PAC/SurvivalProject/Content/StarterContent/Textures/T_Wood_Walnut_D.uasset"
[2018.10.06-17.14.49:782][  0]LogPackFactory: Copied "../../../Samples/StarterContent/Content/StarterContent/Textures/T_Wood_Walnut_N.uasset" to "D:/Epic Games/2PAC/SurvivalProject/Content/StarterContent/Textures/T_Wood_Walnut_N.uasset"
[2018.10.06-17.14.49:817][  0]LogStaticMesh: Floor_400x400 스태틱 메시 빌드중...
[2018.10.06-17.14.49:824][  0]LogStaticMesh: Built static mesh [0.01s] /Game/StarterContent/Architecture/Floor_400x400.Floor_400x400
[2018.10.06-17.14.49:873][  0]LogRenderer: Reallocating scene render targets to support 256x256 Format 9 NumSamples 1 (Frame:1).
[2018.10.06-17.14.49:968][  0]Cmd: OBJ SAVEPACKAGE PACKAGE="/Game/StarterContent/Architecture/Floor_400x400" FILE="D:/Epic Games/2PAC/SurvivalProject/Content/StarterContent/Architecture/Floor_400x400.uasset" SILENT=true
[2018.10.06-17.14.49:995][  0]LogSavePackage: Moving 'D:/Epic Games/2PAC/SurvivalProject/Saved/Floor_400x400D50B5671411A8126EFC56B89EF0F2E0F.tmp' to 'D:/Epic Games/2PAC/SurvivalProject/Content/StarterContent/Architecture/Floor_400x400.uasset'
[2018.10.06-17.14.50:003][  0]LogFeaturePack: Warning: Inserted 1 feature packs
[2018.10.06-17.14.50:006][  0]Cmd: MAP LOAD FILE="D:/Epic Games/2PAC/SurvivalProject/Content/TopDownBP/Maps/TopDownExampleMap.umap" TEMPLATE=0 SHOWPROGRESS=1 FEATURELEVEL=3
[2018.10.06-17.14.50:007][  0]LightingResults: New page: 라이팅 빌드
[2018.10.06-17.14.50:009][  0]MapCheck: New page: 맵 체크
[2018.10.06-17.14.50:009][  0]LightingResults: New page: 라이팅 빌드
[2018.10.06-17.14.50:579][  0]LogAIModule: Creating AISystem for world TopDownExampleMap
[2018.10.06-17.14.50:601][  0]LogEditorServer: Finished looking for orphan Actors (0.000 secs)
[2018.10.06-17.14.50:631][  0]Cmd: MAP CHECKDEP NOCLEARLOG
[2018.10.06-17.14.50:711][  0]MapCheck: 맵 체크 완료: 오류 0 회, 경고 0 회, 소요 시간 79.952ms.
[2018.10.06-17.14.50:711][  0]LogFileHelpers: Loading map 'TopDownExampleMap' took 0.705
[2018.10.06-17.14.50:852][  0]LogSlate: Updating window title bar state: overlay mode, drag disabled, window buttons hidden, title bar hidden
[2018.10.06-17.14.50:859][  0]LogSlate: Updating window title bar state: overlay mode, drag disabled, window buttons hidden, title bar hidden
[2018.10.06-17.14.50:867][  0]LogSlate: Updating window title bar state: overlay mode, drag disabled, window buttons hidden, title bar hidden
[2018.10.06-17.14.50:874][  0]LogSlate: Updating window title bar state: overlay mode, drag disabled, window buttons hidden, title bar hidden
[2018.10.06-17.14.50:888][  0]LogCollectionManager: Loaded 0 collections in 0.001049 seconds
[2018.10.06-17.14.50:976][  0]LogFileCache: Scanning file cache for directory 'D:/Epic Games/2PAC/SurvivalProject/Saved/Collections/' took 0.01s
[2018.10.06-17.14.50:976][  0]LogFileCache: Scanning file cache for directory 'D:/Epic Games/2PAC/SurvivalProject/Content/Developers/Administrator/Collections/' took 0.01s
[2018.10.06-17.14.50:976][  0]LogFileCache: Scanning file cache for directory 'D:/Epic Games/2PAC/SurvivalProject/Content/Collections/' took 0.01s
[2018.10.06-17.14.50:976][  0]LogCollectionManager: Rebuilt the GUID cache for 0 collections in 0.000000 seconds
[2018.10.06-17.14.50:989][  0]LogContentBrowser: Native class hierarchy populated in 0.0108 seconds. Added 2572 classes and 603 folders.
[2018.10.06-17.14.50:997][  0]LogContentBrowser: Native class hierarchy updated for 'WidgetCarousel' in 0.0003 seconds. Added 0 classes and 0 folders.
[2018.10.06-17.14.51:047][  0]LogContentBrowser: Native class hierarchy updated for 'AddContentDialog' in 0.0003 seconds. Added 0 classes and 0 folders.
[2018.10.06-17.14.51:059][  0]LogContentBrowser: Native class hierarchy updated for 'SceneOutliner' in 0.0003 seconds. Added 1 classes and 2 folders.
[2018.10.06-17.14.51:110][  0]LogSlate: Took 0.000222 seconds to synchronously load lazily loaded font '../../../Engine/Content/Slate/Fonts/Roboto-Regular.ttf' (155K)
[2018.10.06-17.14.51:115][  0]LogSlate: Took 0.003924 seconds to synchronously load lazily loaded font '../../../Engine/Content/Editor/Slate/Fonts/NanumGothic.ttf' (4243K)
[2018.10.06-17.14.51:118][  0]LogSlate: Took 0.002872 seconds to synchronously load lazily loaded font '../../../Engine/Content/Editor/Slate/Fonts/NanumGothicBold.ttf' (4188K)
[2018.10.06-17.14.51:119][  0]LogSlate: Took 0.000173 seconds to synchronously load lazily loaded font '../../../Engine/Content/Slate/Fonts/Roboto-Bold.ttf' (160K)
[2018.10.06-17.14.51:124][  0]LogSlate: Took 0.001018 seconds to synchronously load lazily loaded font '../../../Engine/Content/Editor/Slate/Fonts/FontAwesome.ttf' (139K)
[2018.10.06-17.14.51:189][  0]LogRenderer: Reallocating scene render targets to support 1208x576 Format 9 NumSamples 1 (Frame:1).
[2018.10.06-17.14.51:274][  0]LogSlate: Took 0.000232 seconds to synchronously load lazily loaded font '../../../Engine/Content/Slate/Fonts/Roboto-Light.ttf' (167K)
[2018.10.06-17.14.51:402][  0]LogContentBrowser: Native class hierarchy updated for 'HierarchicalLODOutliner' in 0.0003 seconds. Added 0 classes and 0 folders.
[2018.10.06-17.14.51:402][  0]LogLoad: (Engine Initialization) Total time: 13.29 seconds
[2018.10.06-17.14.51:402][  0]LogLoad: (Engine Initialization) Total Blueprint compile time: 0.00 seconds
[2018.10.06-17.14.51:444][  0]LogContentStreaming: Texture pool size now 800 MB
[2018.10.06-17.14.51:470][  1]LogAssetRegistry: Asset discovery search completed in 8.6291 seconds
[2018.10.06-17.14.51:471][  1]LogCollectionManager: Rebuilt the object cache for 0 collections in 0.000000 seconds (found 0 objects)
[2018.10.06-17.14.51:471][  1]LogCollectionManager: Fixed up redirectors for 0 collections in 0.000049 seconds (updated 0 objects)
[2018.10.06-17.15.10:225][958]LogSlate: FSceneViewport::OnFocusLost() reason 0
[2018.10.06-17.15.10:553][997]LogTemp: Repeating last play command: 선택된 뷰포트
[2018.10.06-17.15.10:564][997]LogBlueprintUserMessages: Early PlayInEditor Detection: Level '/Game/TopDownBP/Maps/TopDownExampleMap.TopDownExampleMap:PersistentLevel' has LevelScriptBlueprint '/Game/TopDownBP/Maps/TopDownExampleMap.TopDownExampleMap:PersistentLevel.TopDownExampleMap' with GeneratedClass '/Game/TopDownBP/Maps/TopDownExampleMap.TopDownExampleMap_C' with ClassGeneratedBy '/Game/TopDownBP/Maps/TopDownExampleMap.TopDownExampleMap:PersistentLevel.TopDownExampleMap'
[2018.10.06-17.15.10:564][997]LogPlayLevel: PlayLevel: No blueprints needed recompiling
[2018.10.06-17.15.10:578][997]PIE: New page: PIE 세션: TopDownExampleMap (2018. 10. 7. 오전 11:15:10)
[2018.10.06-17.15.10:578][997]LogPlayLevel: Creating play world package: /Game/TopDownBP/Maps/UEDPIE_0_TopDownExampleMap
[2018.10.06-17.15.10:607][997]LogPlayLevel: PIE: StaticDuplicateObject took: (0.028777s)
[2018.10.06-17.15.10:608][997]LogAIModule: Creating AISystem for world TopDownExampleMap
[2018.10.06-17.15.10:608][997]LogPlayLevel: PIE: World Init took: (0.000750s)
[2018.10.06-17.15.10:608][997]LogPlayLevel: PIE: Created PIE world by copying editor world from /Game/TopDownBP/Maps/TopDownExampleMap.TopDownExampleMap to /Game/TopDownBP/Maps/UEDPIE_0_TopDownExampleMap.TopDownExampleMap (0.029935s)
[2018.10.06-17.15.10:659][997]LogInit: XAudio2 using '스피커(Realtek High Definition Audio)' : 2 channels at 48 kHz using 32 bits per sample (channel mask 0x3)
[2018.10.06-17.15.10:695][997]LogInit: FAudioDevice initialized.
[2018.10.06-17.15.10:754][997]LogLoad: Game class is 'TopDownGameMode_C'
[2018.10.06-17.15.10:758][997]LogWorld: Bringing World /Game/TopDownBP/Maps/UEDPIE_0_TopDownExampleMap.TopDownExampleMap up for play (max tick rate 0) at 2018.10.07-02.15.10
[2018.10.06-17.15.10:759][997]LogWorld: Bringing up level for play took: 0.002248
[2018.10.06-17.15.10:781][997]LogContentBrowser: Native class hierarchy updated for 'MovieSceneCapture' in 0.0003 seconds. Added 10 classes and 0 folders.
[2018.10.06-17.15.10:781][997]PIE: /Game/TopDownBP/Maps/UEDPIE_0_TopDownExampleMap 에 대한 에디터에서 플레이 시작 시간: 0.857
[2018.10.06-17.15.10:782][997]LogBlueprintUserMessages: Late PlayInEditor Detection: Level '/Game/TopDownBP/Maps/TopDownExampleMap.TopDownExampleMap:PersistentLevel' has LevelScriptBlueprint '/Game/TopDownBP/Maps/TopDownExampleMap.TopDownExampleMap:PersistentLevel.TopDownExampleMap' with GeneratedClass '/Game/TopDownBP/Maps/TopDownExampleMap.TopDownExampleMap_C' with ClassGeneratedBy '/Game/TopDownBP/Maps/TopDownExampleMap.TopDownExampleMap:PersistentLevel.TopDownExampleMap'
[2018.10.06-17.16.21:318][333]LogSlate: FSceneViewport::OnFocusLost() reason 0
[2018.10.06-17.16.21:419][345]LogBlueprintUserMessages: Early EndPlayMap Detection: Level '/Game/TopDownBP/Maps/TopDownExampleMap.TopDownExampleMap:PersistentLevel' has LevelScriptBlueprint '/Game/TopDownBP/Maps/TopDownExampleMap.TopDownExampleMap:PersistentLevel.TopDownExampleMap' with GeneratedClass '/Game/TopDownBP/Maps/TopDownExampleMap.TopDownExampleMap_C' with ClassGeneratedBy '/Game/TopDownBP/Maps/TopDownExampleMap.TopDownExampleMap:PersistentLevel.TopDownExampleMap'
[2018.10.06-17.16.21:420][345]LogSlate: Updating window title bar state: overlay mode, drag disabled, window buttons hidden, title bar hidden
[2018.10.06-17.16.21:449][345]LogPlayLevel: Display: Shutting down PIE online subsystems
[2018.10.06-17.16.21:449][345]LogBlueprintUserMessages: Late EndPlayMap Detection: Level '/Game/TopDownBP/Maps/TopDownExampleMap.TopDownExampleMap:PersistentLevel' has LevelScriptBlueprint '/Game/TopDownBP/Maps/TopDownExampleMap.TopDownExampleMap:PersistentLevel.TopDownExampleMap' with GeneratedClass '/Game/TopDownBP/Maps/TopDownExampleMap.TopDownExampleMap_C' with ClassGeneratedBy '/Game/TopDownBP/Maps/TopDownExampleMap.TopDownExampleMap:PersistentLevel.TopDownExampleMap'
[2018.10.06-17.16.21:472][345]LogSlate: Updating window title bar state: overlay mode, drag disabled, window buttons hidden, title bar hidden
[2018.10.06-17.16.21:527][350]LogPlayLevel: Display: Destroying online subsystem :Context_2
[2018.10.06-17.18.47:004][711]LogSlate: Window '튜토리얼' being destroyed
[2018.10.06-17.18.47:007][711]LogSlate: Window '튜토리얼' being destroyed
