Log file open, 10/08/18 14:38:48
LogWindows: Failed to load 'aqProf.dll' (GetLastError=126)
LogWindows: File 'aqProf.dll' does not exist
LogWindows: Failed to load 'VtuneApi.dll' (GetLastError=126)
LogWindows: File 'VtuneApi.dll' does not exist
LogWindows: Failed to load 'VtuneApi32e.dll' (GetLastError=126)
LogWindows: File 'VtuneApi32e.dll' does not exist
LogInit: Display: Running engine for game: SurvivalProject
LogPlatformFile: Not using cached read wrapper
LogTaskGraph: Started task graph with 5 named threads and 14 total threads with 3 sets of task threads.
LogStats: Stats thread started at 0.167785
LogD3D11RHI: Loaded GFSDK_Aftermath_Lib.x64.dll
LogICUInternationalization: Display: ICU TimeZone Detection - Raw Offset: +9:00, Platform Override: ''
LogPluginManager: Mounting plugin Paper2D
LogPluginManager: Mounting plugin AISupport
LogPluginManager: Mounting plugin LightPropagationVolume
LogPluginManager: Mounting plugin CLionSourceCodeAccess
LogPluginManager: Mounting plugin CodeLiteSourceCodeAccess
LogPluginManager: Mounting plugin GitSourceControl
LogPluginManager: Mounting plugin KDevelopSourceCodeAccess
LogPluginManager: Mounting plugin NullSourceCodeAccess
LogPluginManager: Mounting plugin PerforceSourceControl
LogPluginManager: Mounting plugin SubversionSourceControl
LogPluginManager: Mounting plugin UObjectPlugin
LogPluginManager: Mounting plugin VisualStudioCodeSourceCodeAccess
LogPluginManager: Mounting plugin VisualStudioSourceCodeAccess
LogPluginManager: Mounting plugin XCodeSourceCodeAccess
LogPluginManager: Mounting plugin AssetManagerEditor
LogPluginManager: Mounting plugin CryptoKeys
LogPluginManager: Mounting plugin DataValidation
LogPluginManager: Mounting plugin FacialAnimation
LogPluginManager: Mounting plugin GameplayTagsEditor
LogPluginManager: Mounting plugin MacGraphicsSwitching
LogPluginManager: Mounting plugin MeshEditor
LogPluginManager: Mounting plugin MobileLauncherProfileWizard
LogPluginManager: Mounting plugin PluginBrowser
LogPluginManager: Mounting plugin SpeedTreeImporter
LogPluginManager: Mounting plugin DatasmithContent
LogPluginManager: Mounting plugin AlembicImporter
LogPluginManager: Mounting plugin AppleImageUtils
LogPluginManager: Mounting plugin AppleVision
LogPluginManager: Mounting plugin BackChannel
LogPluginManager: Mounting plugin CharacterAI
LogPluginManager: Mounting plugin GeometryCache
LogPluginManager: Mounting plugin HTML5Networking
LogPluginManager: Mounting plugin ProxyLODPlugin
LogPluginManager: Mounting plugin MagicLeap
LogPluginManager: Mounting plugin MagicLeapEmulator
LogPluginManager: Mounting plugin MagicLeapMedia
LogPluginManager: Mounting plugin AndroidMedia
LogPluginManager: Mounting plugin AvfMedia
LogPluginManager: Mounting plugin ImgMedia
LogPluginManager: Mounting plugin LinearTimecode
LogPluginManager: Mounting plugin MediaCompositing
LogPluginManager: Mounting plugin MediaPlayerEditor
LogPluginManager: Mounting plugin WmfMedia
LogPluginManager: Mounting plugin TcpMessaging
LogPluginManager: Mounting plugin UdpMessaging
LogPluginManager: Mounting plugin ActorSequence
LogPluginManager: Mounting plugin LevelSequenceEditor
LogPluginManager: Mounting plugin MatineeToLevelSequence
LogPluginManager: Mounting plugin NetcodeUnitTest
LogPluginManager: Mounting plugin NUTUnrealEngine4
LogPluginManager: Mounting plugin OnlineSubsystemGooglePlay
LogPluginManager: Mounting plugin OnlineSubsystemIOS
LogPluginManager: Mounting plugin OnlineSubsystem
LogPluginManager: Mounting plugin OnlineSubsystemNull
LogPluginManager: Mounting plugin OnlineSubsystemUtils
LogPluginManager: Mounting plugin LauncherChunkInstaller
LogPluginManager: Mounting plugin AndroidDeviceProfileSelector
LogPluginManager: Mounting plugin AndroidMoviePlayer
LogPluginManager: Mounting plugin AndroidPermission
LogPluginManager: Mounting plugin AppleMoviePlayer
LogPluginManager: Mounting plugin ArchVisCharacter
LogPluginManager: Mounting plugin AudioCapture
LogPluginManager: Mounting plugin CableComponent
LogPluginManager: Mounting plugin CustomMeshComponent
LogPluginManager: Mounting plugin EditableMesh
LogPluginManager: Mounting plugin ExampleDeviceProfileSelector
LogPluginManager: Mounting plugin GoogleCloudMessaging
LogPluginManager: Mounting plugin ImmediatePhysics
LogPluginManager: Mounting plugin IOSDeviceProfileSelector
LogPluginManager: Mounting plugin LinuxDeviceProfileSelector
LogPluginManager: Mounting plugin LocationServicesBPLibrary
LogPluginManager: Mounting plugin MobilePatchingUtils
LogPluginManager: Mounting plugin OculusVR
LogPluginManager: Plugin shader directory ../../../Engine/Plugins/Runtime/Oculus/OculusVR/Shaders found
LogPluginManager: Mapping shader source directory ../../../Engine/Plugins/Runtime/Oculus/OculusVR/Shaders to virtual directory /Plugin/OculusVR
LogPluginManager: Mounting plugin PhysXVehicles
LogPluginManager: Mounting plugin ProceduralMeshComponent
LogPluginManager: Mounting plugin RuntimePhysXCooking
LogPluginManager: Mounting plugin SteamVR
LogPluginManager: Mounting plugin WindowsMoviePlayer
LogStreaming: Display: Took  0.193s to configure plugins.
LogInit: Using libcurl 7.55.1-DEV
LogInit:  - built for x86_64-pc-win32
LogInit:  - supports SSL with OpenSSL/1.0.2h
LogInit:  - supports HTTP deflate (compression) using libz 1.2.8
LogInit:  - other features:
LogInit:      CURL_VERSION_SSL
LogInit:      CURL_VERSION_LIBZ
LogInit:      CURL_VERSION_IPV6
LogInit:      CURL_VERSION_ASYNCHDNS
LogInit:      CURL_VERSION_LARGEFILE
LogInit:      CURL_VERSION_IDN
LogInit:  CurlRequestOptions (configurable via config and command line):
LogInit:  - bVerifyPeer = false  - Libcurl will NOT verify peer certificate
LogInit:  - bUseHttpProxy = false  - Libcurl will NOT use HTTP proxy
LogInit:  - bDontReuseConnections = false  - Libcurl will reuse connections
LogInit:  - CertBundlePath = nullptr  - Libcurl will use whatever was configured at build time.
LogInit:  - MaxHostConnections = 16  - Libcurl will limit the number of connections to a host
LogInit:  - LocalHostAddr = Default
LogInit:  - BufferSize = 65536
LogInit: WinSock: version 1.1 (2.2), MaxSocks=32767, MaxUdp=65467
LogInit: Build: ++UE4+Release-4.20-CL-4369336
LogInit: Engine Version: 4.20.3-4369336+++UE4+Release-4.20
LogInit: Compatible Engine Version: 4.20.0-4212847+++UE4+Release-4.20
LogInit: Net CL: 4212847
LogInit: OS: Windows 7 (Service Pack 1), CPU: Intel(R) Core(TM) i5-6600 CPU @ 3.30GHz, GPU: NVIDIA GeForce GTX 960
LogInit: Compiled (64-bit): Sep 17 2018 12:26:19
LogInit: Compiled with Visual C++: 19.13.26129.00
LogInit: Build Configuration: Development
LogInit: Branch Name: ++UE4+Release-4.20
LogInit: Command Line: -EpicPortal 
LogInit: Base Directory: C:/Epic Games/UE_4.20/Engine/Binaries/Win64/
LogInit: Installed Engine Build: 1
LogDevObjectVersion: Number of dev versions registered: 20
LogDevObjectVersion:   Dev-Blueprints (B0D832E4-1F89-4F0D-ACCF-7EB736FD4AA2): 10
LogDevObjectVersion:   Dev-Build (E1C64328-A22C-4D53-A36C-8E866417BD8C): 0
LogDevObjectVersion:   Dev-Core (375EC13C-06E4-48FB-B500-84F0262A717E): 2
LogDevObjectVersion:   Dev-Editor (E4B068ED-F494-42E9-A231-DA0B2E46BB41): 24
LogDevObjectVersion:   Dev-Framework (CFFC743F-43B0-4480-9391-14DF171D2073): 34
LogDevObjectVersion:   Dev-Mobile (B02B49B5-BB20-44E9-A304-32B752E40360): 2
LogDevObjectVersion:   Dev-Networking (A4E4105C-59A1-49B5-A7C5-40C4547EDFEE): 0
LogDevObjectVersion:   Dev-Online (39C831C9-5AE6-47DC-9A44-9C173E1C8E7C): 0
LogDevObjectVersion:   Dev-Physics (78F01B33-EBEA-4F98-B9B4-84EACCB95AA2): 0
LogDevObjectVersion:   Dev-Platform (6631380F-2D4D-43E0-8009-CF276956A95A): 0
LogDevObjectVersion:   Dev-Rendering (12F88B9F-8875-4AFC-A67C-D90C383ABD29): 26
LogDevObjectVersion:   Dev-Sequencer (7B5AE74C-D270-4C10-A958-57980B212A5A): 9
LogDevObjectVersion:   Dev-VR (D7296918-1DD6-4BDD-9DE2-64A83CC13884): 2
LogDevObjectVersion:   Dev-LoadTimes (C2A15278-BFE7-4AFE-6C17-90FF531DF755): 1
LogDevObjectVersion:   Private-Geometry (6EACA3D4-40EC-4CC1-B786-8BED09428FC5): 3
LogDevObjectVersion:   Dev-AnimPhys (29E575DD-E0A3-4627-9D10-D276232CDCEA): 17
LogDevObjectVersion:   Dev-ReflectionCapture (6B266CEC-1EC7-4B8F-A30B-E4D90942FC07): 1
LogDevObjectVersion:   Dev-Automation (0DF73D61-A23F-47EA-B727-89E90C41499A): 1
LogDevObjectVersion:   FortniteMain (601D1886-AC64-4F84-AA16-D3DE0DEAC7D6): 12
LogDevObjectVersion:   Dev-Enterprise (9DFFBCD6-494F-0158-E221-12823C92A888): 1
LogStreaming: Display: Took  0.000s to delete old logs.
LogInit: Presizing for max 8388607 objects, including 0 objects not considered by GC, pre-allocating 0 bytes for permanent pool.
LogInit: Object subsystem initialized
[2018.10.08-05.38.49:137][  0]LogInit: Selected Device Profile: [Windows]
[2018.10.08-05.38.49:137][  0]LogInit: Applying CVar settings loaded from the selected device profile: [Windows]
[2018.10.08-05.38.49:168][  0]LogHAL: Display: Platform has ~ 16 GB [17113346048 / 17179869184 / 16], which maps to Larger [LargestMinGB=32, LargerMinGB=12, DefaultMinGB=8, SmallerMinGB=6, SmallestMinGB=0)
[2018.10.08-05.38.49:168][  0]LogInit: Setting Device Profile CVar: [[r.Vulkan.UseRealUBs:1]]
[2018.10.08-05.38.49:168][  0]LogInit: Going up to parent DeviceProfile []
[2018.10.08-05.38.49:169][  0]LogInit: Computer: MSDN-SPECIAL
[2018.10.08-05.38.49:169][  0]LogInit: User: Administrator
[2018.10.08-05.38.49:169][  0]LogInit: CPU Page size=4096, Cores=4
[2018.10.08-05.38.49:169][  0]LogInit: High frequency timer resolution =3.234394 MHz
[2018.10.08-05.38.49:169][  0]LogMemory: Memory total: Physical=15.9GB (16GB approx)
[2018.10.08-05.38.49:169][  0]LogMemory: Platform Memory Stats for Windows
[2018.10.08-05.38.49:169][  0]LogMemory: Process Physical Memory: 100.30 MB used, 100.30 MB peak
[2018.10.08-05.38.49:169][  0]LogMemory: Process Virtual Memory: 84.30 MB used, 84.30 MB peak
[2018.10.08-05.38.49:169][  0]LogMemory: Physical Memory: 9827.85 MB used,  6492.71 MB free, 16320.56 MB total
[2018.10.08-05.38.49:169][  0]LogMemory: Virtual Memory: 475.75 MB used,  6492.71 MB free, 8388608.00 MB total
[2018.10.08-05.38.49:204][  0]LogInit: Using OS detected language (ko-KR).
[2018.10.08-05.38.49:204][  0]LogInit: Using OS detected locale (ko-KR).
[2018.10.08-05.38.49:204][  0]LogTextLocalizationManager: No specific localization for 'ko-KR' exists, so the 'ko' localization will be used.
[2018.10.08-05.38.49:545][  0]LogStreaming: Display: Took  0.341s to InitEngineTextLocalization.
[2018.10.08-05.38.49:545][  0]LogWindows: Failed to load 'shcore.dll' (GetLastError=126)
[2018.10.08-05.38.49:545][  0]LogWindows: File 'shcore.dll' does not exist
[2018.10.08-05.38.49:545][  0]LogInit: Setting process to DPI aware
[2018.10.08-05.38.49:578][  0]LogSlate: New Slate User Created.  User Index 0, Is Virtual User: 0
[2018.10.08-05.38.49:578][  0]LogSlate: Slate User Registered.  User Index 0, Is Virtual User: 0
[2018.10.08-05.38.49:876][  0]LogHMD: Failed to initialize OpenVR with code 110
[2018.10.08-05.38.49:876][  0]LogD3D11RHI: D3D11 adapters:
[2018.10.08-05.38.49:910][  0]LogD3D11RHI:    0. 'NVIDIA GeForce GTX 960' (Feature Level 11_0)
[2018.10.08-05.38.49:910][  0]LogD3D11RHI:       1969/0/7904 MB DedicatedVideo/DedicatedSystem/SharedSystem, Outputs:2, VendorId:0x10de
[2018.10.08-05.38.49:910][  0]LogD3D11RHI: Chosen D3D11 Adapter: 0
[2018.10.08-05.38.49:918][  0]LogD3D11RHI: Creating new Direct3DDevice
[2018.10.08-05.38.49:918][  0]LogD3D11RHI:     GPU DeviceId: 0x1401 (for the marketing name, search the web for "GPU Device Id")
[2018.10.08-05.38.49:918][  0]LogWindows: EnumDisplayDevices:
[2018.10.08-05.38.49:918][  0]LogWindows:    0. 'NVIDIA GeForce GTX 960' (P:1 D:1)
[2018.10.08-05.38.49:919][  0]LogWindows:    1. 'NVIDIA GeForce GTX 960' (P:0 D:1)
[2018.10.08-05.38.49:920][  0]LogWindows:    2. 'NVIDIA GeForce GTX 960' (P:0 D:0)
[2018.10.08-05.38.49:920][  0]LogWindows:    3. 'NVIDIA GeForce GTX 960' (P:0 D:0)
[2018.10.08-05.38.49:920][  0]LogWindows:    4. 'RDPDD Chained DD' (P:0 D:0)
[2018.10.08-05.38.49:921][  0]LogWindows:    5. 'RDP Encoder Mirror Driver' (P:0 D:0)
[2018.10.08-05.38.49:921][  0]LogWindows:    6. 'RDP Reflector Display Driver' (P:0 D:0)
[2018.10.08-05.38.49:922][  0]LogWindows: DebugString: GetVideoDriverDetailsInvalid PrimaryIsNotTheChoosenAdapter GetVideoDriverDetailsInvalid PrimaryIsNotTheChoosenAdapter GetVideoDriverDetailsInvalid PrimaryIsNotTheChoosenAdapter FoundDriverCount:4 
[2018.10.08-05.38.49:922][  0]LogD3D11RHI:     Adapter Name: NVIDIA GeForce GTX 960
[2018.10.08-05.38.49:922][  0]LogD3D11RHI:   Driver Version: 388.13 (internal:23.21.13.8813, unified:388.13)
[2018.10.08-05.38.49:922][  0]LogD3D11RHI:      Driver Date: 10-27-2017
[2018.10.08-05.38.49:922][  0]LogRHI: Texture pool is 1378 MB (70% of 1969 MB)
[2018.10.08-05.38.49:936][  0]LogD3D11RHI: Async texture creation enabled
[2018.10.08-05.38.50:098][  0]LogD3D11RHI: GPU Timing Frequency: 1000.000000 (Debug: 2 2)
[2018.10.08-05.38.50:105][  0]LogShaderCompilers: Guid format shader working directory is 20 characters bigger than the processId version (D:/Epic Games/2PAC/SurvivalProject/Intermediate/Shaders/WorkingDirectory/1404/).
[2018.10.08-05.38.50:105][  0]LogShaderCompilers: Cleaned the shader compiler working directory 'C:/Users/Administrator/AppData/Local/Temp/UnrealShaderWorkingDir/790510934BC54CE5958504820BBE7D2F/'.
[2018.10.08-05.38.50:408][  0]LogTemp: Display: Loaded TP AllDesktopTargetPlatform
[2018.10.08-05.38.50:420][  0]LogTemp: Display: Loaded TP MacClientTargetPlatform
[2018.10.08-05.38.50:433][  0]LogTemp: Display: Loaded TP MacNoEditorTargetPlatform
[2018.10.08-05.38.50:445][  0]LogTemp: Display: Loaded TP MacServerTargetPlatform
[2018.10.08-05.38.50:458][  0]LogTemp: Display: Loaded TP MacTargetPlatform
[2018.10.08-05.38.50:471][  0]LogTemp: Display: Loaded TP WindowsClientTargetPlatform
[2018.10.08-05.38.50:483][  0]LogTemp: Display: Loaded TP WindowsNoEditorTargetPlatform
[2018.10.08-05.38.50:496][  0]LogTemp: Display: Loaded TP WindowsServerTargetPlatform
[2018.10.08-05.38.50:501][  0]LogTemp: Display: Loaded TP WindowsTargetPlatform
[2018.10.08-05.38.50:576][  0]LogTemp: Display: Loaded TP AndroidTargetPlatform
[2018.10.08-05.38.50:576][  0]LogTemp: Display: Loaded TP AndroidTargetPlatform
[2018.10.08-05.38.50:576][  0]LogTemp: Display: Loaded TP AndroidTargetPlatform
[2018.10.08-05.38.50:576][  0]LogTemp: Display: Loaded TP AndroidTargetPlatform
[2018.10.08-05.38.50:576][  0]LogTemp: Display: Loaded TP AndroidTargetPlatform
[2018.10.08-05.38.50:576][  0]LogTemp: Display: Loaded TP AndroidTargetPlatform
[2018.10.08-05.38.50:576][  0]LogTemp: Display: Loaded TP AndroidTargetPlatform
[2018.10.08-05.38.50:576][  0]LogTemp: Display: Loaded TP AndroidTargetPlatform
[2018.10.08-05.38.50:576][  0]LogTemp: Display: Loaded TP AndroidTargetPlatform
[2018.10.08-05.38.50:576][  0]LogTemp: Display: Loaded TP AndroidTargetPlatform
[2018.10.08-05.38.50:576][  0]LogTemp: Display: Loaded TP AndroidTargetPlatform
[2018.10.08-05.38.50:577][  0]LogTemp: Display: Loaded TP AndroidTargetPlatform
[2018.10.08-05.38.50:577][  0]LogTemp: Display: Loaded TP AndroidTargetPlatform
[2018.10.08-05.38.50:577][  0]LogTemp: Display: Loaded TP AndroidTargetPlatform
[2018.10.08-05.38.50:577][  0]LogTemp: Display: Loaded TP AndroidTargetPlatform
[2018.10.08-05.38.50:577][  0]LogTemp: Display: Loaded TP AndroidTargetPlatform
[2018.10.08-05.38.50:577][  0]LogTemp: Display: Loaded TP AndroidTargetPlatform
[2018.10.08-05.38.50:577][  0]LogTemp: Display: Loaded TP AndroidTargetPlatform
[2018.10.08-05.38.50:578][  0]LogTemp: Display: Loaded TP HTML5TargetPlatform
[2018.10.08-05.38.50:636][  0]LogTemp: Display: Loaded TP IOSTargetPlatform
[2018.10.08-05.38.50:636][  0]LogTemp: Display: Loaded TP IOSTargetPlatform
[2018.10.08-05.38.50:659][  0]LogTemp: Display: Loaded TP TVOSTargetPlatform
[2018.10.08-05.38.50:659][  0]LogTemp: Display: Loaded TP TVOSTargetPlatform
[2018.10.08-05.38.50:671][  0]LogTemp: Display: Loaded TP LinuxClientTargetPlatform
[2018.10.08-05.38.50:683][  0]LogTemp: Display: Loaded TP LinuxNoEditorTargetPlatform
[2018.10.08-05.38.50:695][  0]LogTemp: Display: Loaded TP LinuxServerTargetPlatform
[2018.10.08-05.38.50:707][  0]LogTemp: Display: Loaded TP LinuxTargetPlatform
[2018.10.08-05.38.50:716][  0]LogTemp: Display: Loaded TP LuminTargetPlatform
[2018.10.08-05.38.50:716][  0]LogTargetPlatformManager: Display: Building Assets For Windows
[2018.10.08-05.38.50:767][  0]LogXGEController: Cannot use XGE Controller as Incredibuild is not installed on this machine.
[2018.10.08-05.38.50:767][  0]LogShaderCompilers: Cannot use XGE Shader Compiler as Incredibuild is not installed on this machine.
[2018.10.08-05.38.50:767][  0]LogShaderCompilers: Display: Using Local Shader Compiler.
[2018.10.08-05.38.51:546][  0]LogDerivedDataCache: Display: Max Cache Size: 512 MB
[2018.10.08-05.38.51:618][  0]LogDerivedDataCache: Loaded boot cache 0.07s 87MB C:/Users/Administrator/AppData/Local/UnrealEngine/4.20/DerivedDataCache/Boot.ddc.
[2018.10.08-05.38.51:619][  0]LogDerivedDataCache: Display: Loaded Boot cache: C:/Users/Administrator/AppData/Local/UnrealEngine/4.20/DerivedDataCache/Boot.ddc
[2018.10.08-05.38.51:620][  0]LogDerivedDataCache: FDerivedDataBackendGraph:  Pak pak cache file D:/Epic Games/2PAC/SurvivalProject/DerivedDataCache/DDC.ddp not found, will not use a pak cache.
[2018.10.08-05.38.51:620][  0]LogDerivedDataCache: Unable to find inner node Pak for hierarchical cache Hierarchy.
[2018.10.08-05.38.51:620][  0]LogDerivedDataCache: FDerivedDataBackendGraph:  CompressedPak pak cache file D:/Epic Games/2PAC/SurvivalProject/DerivedDataCache/Compressed.ddp not found, will not use a pak cache.
[2018.10.08-05.38.51:620][  0]LogDerivedDataCache: Unable to find inner node CompressedPak for hierarchical cache Hierarchy.
[2018.10.08-05.38.51:634][  0]LogDerivedDataCache: Display: Pak cache opened for reading ../../../Engine/DerivedDataCache/Compressed.ddp.
[2018.10.08-05.38.51:646][  0]LogDerivedDataCache: Using Local data cache path C:/Users/Administrator/AppData/Local/UnrealEngine/Common/DerivedDataCache: Writable
[2018.10.08-05.38.51:646][  0]LogDerivedDataCache: Shared data cache path not found in *engine.ini, will not use an Shared cache.
[2018.10.08-05.38.51:646][  0]LogDerivedDataCache: Unable to find inner node Shared for hierarchical cache Hierarchy.
[2018.10.08-05.38.51:664][  0]LogMaterial: Verifying Global Shaders for PCD3D_SM5
[2018.10.08-05.38.51:665][  0]LogSlate: Using FreeType 2.6.0
[2018.10.08-05.38.51:666][  0]LogSlate: SlateFontServices - WITH_FREETYPE: 1, WITH_HARFBUZZ: 1
[2018.10.08-05.38.51:746][  0]LogAssetRegistry: FAssetRegistry took 0.0249 seconds to start up
[2018.10.08-05.38.52:041][  0]LogInit: Selected Device Profile: [Windows]
[2018.10.08-05.38.52:176][  0]LogSimplygon: Simplygon DLL not present - disabling.
[2018.10.08-05.38.52:179][  0]LogMeshReduction: Using SimplygonSwarm for distributed automatic mesh merging
[2018.10.08-05.38.52:179][  0]LogMeshReduction: Using ProxyLODMeshReduction for automatic mesh merging
[2018.10.08-05.38.52:179][  0]LogMeshReduction: Using QuadricMeshReduction for automatic static mesh reduction
[2018.10.08-05.38.52:179][  0]LogMeshReduction: No automatic skeletal mesh reduction module available
[2018.10.08-05.38.52:201][  0]LogNetVersion: SurvivalProject 1.0.0, NetCL: 4212847, EngineNetVer: 5, GameNetVer: 0 (Checksum: 3991842112)
[2018.10.08-05.38.52:967][  0]LogPackageLocalizationCache: Processed 11 localized package path(s) for 2 prioritized culture(s) in 0.264588 seconds
[2018.10.08-05.38.52:974][  0]LogUObjectArray: 38425 objects as part of root set at end of initial load.
[2018.10.08-05.38.52:974][  0]LogUObjectAllocator: 6690864 out of 0 bytes used by permanent object pool.
[2018.10.08-05.38.52:974][  0]LogUObjectArray: CloseDisregardForGC: 0/0 objects in disregard for GC pool
[2018.10.08-05.38.53:921][  0]LogTcpMessaging: Initializing TcpMessaging bridge
[2018.10.08-05.38.53:933][  0]LogUdpMessaging: Initializing bridge on interface 0.0.0.0:0 to multicast group 230.0.0.1:6666.
[2018.10.08-05.38.54:092][  0]SourceControl: 소스 컨트롤이 꺼졌습니다.
[2018.10.08-05.38.54:093][  0]SourceControl: 소스 컨트롤이 꺼졌습니다.
[2018.10.08-05.38.54:094][  0]SourceControl: 소스 컨트롤이 꺼졌습니다.
[2018.10.08-05.38.54:095][  0]SourceControl: 소스 컨트롤이 꺼졌습니다.
[2018.10.08-05.38.54:263][  0]LogAndroidPermission: UAndroidPermissionCallbackProxy::GetInstance
[2018.10.08-05.38.54:446][  0]LogOcInput: OculusInput pre-init called
[2018.10.08-05.38.54:508][  0]LogEngine: Initializing Engine...
[2018.10.08-05.38.54:509][  0]LogHMD: Failed to initialize OpenVR with code 110
[2018.10.08-05.38.54:510][  0]LogStats: UGameplayTagsManager::ConstructGameplayTagTree: ImportINI prefixes -  0.000 s
[2018.10.08-05.38.54:510][  0]LogStats: UGameplayTagsManager::ConstructGameplayTagTree: Construct from data asset -  0.000 s
[2018.10.08-05.38.54:510][  0]LogStats: UGameplayTagsManager::ConstructGameplayTagTree: ImportINI -  0.000 s
[2018.10.08-05.38.54:510][  0]LogStats: UGameplayTagsManager::ConstructGameplayTagTree: GameplayTagTreeChangedEvent.Broadcast -  0.000 s
[2018.10.08-05.38.54:775][  0]LogInit: Initializing FReadOnlyCVARCache
[2018.10.08-05.38.54:791][  0]LogAIModule: Creating AISystem for world Untitled
[2018.10.08-05.38.54:836][  0]LogInit: XAudio2 using '스피커(Realtek High Definition Audio)' : 2 channels at 48 kHz using 32 bits per sample (channel mask 0x3)
[2018.10.08-05.38.54:862][  0]LogInit: FAudioDevice initialized.
[2018.10.08-05.38.54:863][  0]LogNetVersion: Set ProjectVersion to 1.0.0.0. Version Checksum will be recalculated on next use.
[2018.10.08-05.38.54:963][  0]LogDerivedDataCache: Saved boot cache 0.10s 71MB C:/Users/Administrator/AppData/Local/UnrealEngine/4.20/DerivedDataCache/Boot.ddc.
[2018.10.08-05.38.54:971][  0]LogInit: Texture streaming: Enabled
[2018.10.08-05.38.54:987][  0]LogEngineSessionManager: EngineSessionManager initialized
[2018.10.08-05.38.54:996][  0]LogInit: Transaction tracking system initialized
[2018.10.08-05.38.55:014][  0]BlueprintLog: New page: 에디터 로드
[2018.10.08-05.38.55:075][  0]LocalizationService: 현지화 서비스가 비활성화되었습니다.
[2018.10.08-05.38.55:396][  0]LogCook: Display: Max memory allowance for cook 16384mb min free memory 0mb
[2018.10.08-05.38.55:396][  0]LogCook: Display: Mobile HDR setting 1
[2018.10.08-05.38.55:396][  0]LogGameplayTags: Display: UGameplayTagsManager::DoneAddingNativeTags. DelegateIsBound: 0
[2018.10.08-05.38.55:396][  0]LogStats: UGameplayTagsManager::ConstructGameplayTagTree: ImportINI prefixes -  0.000 s
[2018.10.08-05.38.55:396][  0]LogStats: UGameplayTagsManager::ConstructGameplayTagTree: Construct from data asset -  0.000 s
[2018.10.08-05.38.55:396][  0]LogStats: UGameplayTagsManager::ConstructGameplayTagTree: ImportINI -  0.000 s
[2018.10.08-05.38.55:396][  0]LogStats: UGameplayTagsManager::ConstructGameplayTagTree: GameplayTagTreeChangedEvent.Broadcast -  0.000 s
[2018.10.08-05.38.55:511][  0]LogFileCache: Scanning file cache for directory 'D:/Epic Games/2PAC/SurvivalProject/Content/' took 0.01s
[2018.10.08-05.38.55:511][  0]SourceControl: 소스 컨트롤이 꺼졌습니다.
[2018.10.08-05.38.55:511][  0]Cmd: MAP LOAD FILE="D:/Epic Games/2PAC/SurvivalProject/Content/TopDownBP/Maps/TopDownExampleMap.umap" TEMPLATE=0 SHOWPROGRESS=1 FEATURELEVEL=3
[2018.10.08-05.38.55:580][  0]LightingResults: New page: 라이팅 빌드
[2018.10.08-05.38.55:582][  0]MapCheck: New page: 맵 체크
[2018.10.08-05.38.55:583][  0]LightingResults: New page: 라이팅 빌드
[2018.10.08-05.39.00:006][  0]LogAIModule: Creating AISystem for world TopDownExampleMap
[2018.10.08-05.39.00:024][  0]LogEditorServer: Finished looking for orphan Actors (0.000 secs)
[2018.10.08-05.39.00:048][  0]Cmd: MAP CHECKDEP NOCLEARLOG
[2018.10.08-05.39.00:125][  0]MapCheck: 맵 체크 완료: 오류 0 회, 경고 0 회, 소요 시간 76.21ms.
[2018.10.08-05.39.00:125][  0]LogFileHelpers: Loading map 'TopDownExampleMap' took 4.614
[2018.10.08-05.39.00:249][  0]LogSlate: Updating window title bar state: overlay mode, drag disabled, window buttons hidden, title bar hidden
[2018.10.08-05.39.00:256][  0]LogSlate: Updating window title bar state: overlay mode, drag disabled, window buttons hidden, title bar hidden
[2018.10.08-05.39.00:262][  0]LogSlate: Updating window title bar state: overlay mode, drag disabled, window buttons hidden, title bar hidden
[2018.10.08-05.39.00:269][  0]LogSlate: Updating window title bar state: overlay mode, drag disabled, window buttons hidden, title bar hidden
[2018.10.08-05.39.00:285][  0]LogCollectionManager: Loaded 0 collections in 0.001138 seconds
[2018.10.08-05.39.00:335][  0]LogFileCache: Scanning file cache for directory 'D:/Epic Games/2PAC/SurvivalProject/Saved/Collections/' took 0.01s
[2018.10.08-05.39.00:335][  0]LogFileCache: Scanning file cache for directory 'D:/Epic Games/2PAC/SurvivalProject/Content/Developers/Administrator/Collections/' took 0.01s
[2018.10.08-05.39.00:335][  0]LogFileCache: Scanning file cache for directory 'D:/Epic Games/2PAC/SurvivalProject/Content/Collections/' took 0.01s
[2018.10.08-05.39.00:335][  0]LogCollectionManager: Rebuilt the GUID cache for 0 collections in 0.000000 seconds
[2018.10.08-05.39.00:345][  0]LogContentBrowser: Native class hierarchy populated in 0.0092 seconds. Added 2572 classes and 603 folders.
[2018.10.08-05.39.00:355][  0]LogContentBrowser: Native class hierarchy updated for 'WidgetCarousel' in 0.0003 seconds. Added 0 classes and 0 folders.
[2018.10.08-05.39.00:616][  0]LogContentBrowser: Native class hierarchy updated for 'AddContentDialog' in 0.0003 seconds. Added 0 classes and 0 folders.
[2018.10.08-05.39.00:639][  0]LogContentBrowser: Native class hierarchy updated for 'SceneOutliner' in 0.0003 seconds. Added 1 classes and 2 folders.
[2018.10.08-05.39.00:679][  0]LogSlate: Took 0.000195 seconds to synchronously load lazily loaded font '../../../Engine/Content/Slate/Fonts/Roboto-Regular.ttf' (155K)
[2018.10.08-05.39.00:685][  0]LogSlate: Took 0.002932 seconds to synchronously load lazily loaded font '../../../Engine/Content/Editor/Slate/Fonts/NanumGothic.ttf' (4243K)
[2018.10.08-05.39.00:689][  0]LogSlate: Took 0.003412 seconds to synchronously load lazily loaded font '../../../Engine/Content/Editor/Slate/Fonts/NanumGothicBold.ttf' (4188K)
[2018.10.08-05.39.00:689][  0]LogSlate: Took 0.000220 seconds to synchronously load lazily loaded font '../../../Engine/Content/Slate/Fonts/Roboto-Bold.ttf' (160K)
[2018.10.08-05.39.00:696][  0]LogSlate: Took 0.001352 seconds to synchronously load lazily loaded font '../../../Engine/Content/Editor/Slate/Fonts/FontAwesome.ttf' (139K)
[2018.10.08-05.39.00:806][  0]LogRenderer: Reallocating scene render targets to support 1208x576 Format 9 NumSamples 1 (Frame:1).
[2018.10.08-05.39.01:060][  0]LogContentBrowser: Native class hierarchy updated for 'HierarchicalLODOutliner' in 0.0003 seconds. Added 0 classes and 0 folders.
[2018.10.08-05.39.01:060][  0]LogLoad: (Engine Initialization) Total time: 13.90 seconds
[2018.10.08-05.39.01:060][  0]LogLoad: (Engine Initialization) Total Blueprint compile time: 0.00 seconds
[2018.10.08-05.39.01:098][  0]LogContentStreaming: Texture pool size now 800 MB
[2018.10.08-05.39.01:117][  0]LogSlate: Took 0.001427 seconds to synchronously load lazily loaded font '../../../Engine/Content/Slate/Fonts/Roboto-Light.ttf' (167K)
[2018.10.08-05.39.02:612][118]LogAssetRegistry: Asset discovery search completed in 10.8872 seconds
[2018.10.08-05.39.02:614][118]LogCollectionManager: Rebuilt the object cache for 0 collections in 0.000000 seconds (found 0 objects)
[2018.10.08-05.39.02:614][118]LogCollectionManager: Fixed up redirectors for 0 collections in 0.000051 seconds (updated 0 objects)
[2018.10.08-05.39.52:775][499]LogSlate: FSceneViewport::OnFocusLost() reason 0
[2018.10.08-05.39.52:908][515]LogTemp: Repeating last play command: 선택된 뷰포트
[2018.10.08-05.39.52:915][515]LogBlueprintUserMessages: Early PlayInEditor Detection: Level '/Game/TopDownBP/Maps/TopDownExampleMap.TopDownExampleMap:PersistentLevel' has LevelScriptBlueprint '/Game/TopDownBP/Maps/TopDownExampleMap.TopDownExampleMap:PersistentLevel.TopDownExampleMap' with GeneratedClass '/Game/TopDownBP/Maps/TopDownExampleMap.TopDownExampleMap_C' with ClassGeneratedBy '/Game/TopDownBP/Maps/TopDownExampleMap.TopDownExampleMap:PersistentLevel.TopDownExampleMap'
[2018.10.08-05.39.52:915][515]LogPlayLevel: PlayLevel: No blueprints needed recompiling
[2018.10.08-05.39.52:927][515]PIE: New page: PIE 세션: TopDownExampleMap (2018. 10. 8. 오후 11:39:52)
[2018.10.08-05.39.52:927][515]LogPlayLevel: Creating play world package: /Game/TopDownBP/Maps/UEDPIE_0_TopDownExampleMap
[2018.10.08-05.39.52:951][515]LogPlayLevel: PIE: StaticDuplicateObject took: (0.023362s)
[2018.10.08-05.39.52:951][515]LogAIModule: Creating AISystem for world TopDownExampleMap
[2018.10.08-05.39.52:951][515]LogPlayLevel: PIE: World Init took: (0.000664s)
[2018.10.08-05.39.52:951][515]LogPlayLevel: PIE: Created PIE world by copying editor world from /Game/TopDownBP/Maps/TopDownExampleMap.TopDownExampleMap to /Game/TopDownBP/Maps/UEDPIE_0_TopDownExampleMap.TopDownExampleMap (0.024386s)
[2018.10.08-05.39.52:988][515]LogInit: XAudio2 using '스피커(Realtek High Definition Audio)' : 2 channels at 48 kHz using 32 bits per sample (channel mask 0x3)
[2018.10.08-05.39.53:010][515]LogInit: FAudioDevice initialized.
[2018.10.08-05.39.53:051][515]LogLoad: Game class is 'TopDownGameMode_C'
[2018.10.08-05.39.53:054][515]LogWorld: Bringing World /Game/TopDownBP/Maps/UEDPIE_0_TopDownExampleMap.TopDownExampleMap up for play (max tick rate 0) at 2018.10.08-14.39.53
[2018.10.08-05.39.53:055][515]LogWorld: Bringing up level for play took: 0.002306
[2018.10.08-05.39.53:073][515]LogContentBrowser: Native class hierarchy updated for 'MovieSceneCapture' in 0.0003 seconds. Added 10 classes and 0 folders.
[2018.10.08-05.39.53:074][515]PIE: /Game/TopDownBP/Maps/UEDPIE_0_TopDownExampleMap 에 대한 에디터에서 플레이 시작 시간: -0.787
[2018.10.08-05.39.53:074][515]LogBlueprintUserMessages: Late PlayInEditor Detection: Level '/Game/TopDownBP/Maps/TopDownExampleMap.TopDownExampleMap:PersistentLevel' has LevelScriptBlueprint '/Game/TopDownBP/Maps/TopDownExampleMap.TopDownExampleMap:PersistentLevel.TopDownExampleMap' with GeneratedClass '/Game/TopDownBP/Maps/TopDownExampleMap.TopDownExampleMap_C' with ClassGeneratedBy '/Game/TopDownBP/Maps/TopDownExampleMap.TopDownExampleMap:PersistentLevel.TopDownExampleMap'
[2018.10.08-05.40.19:406][346]LogSlate: FSceneViewport::OnFocusLost() reason 0
[2018.10.08-05.40.19:485][352]LogBlueprintUserMessages: Early EndPlayMap Detection: Level '/Game/TopDownBP/Maps/TopDownExampleMap.TopDownExampleMap:PersistentLevel' has LevelScriptBlueprint '/Game/TopDownBP/Maps/TopDownExampleMap.TopDownExampleMap:PersistentLevel.TopDownExampleMap' with GeneratedClass '/Game/TopDownBP/Maps/TopDownExampleMap.TopDownExampleMap_C' with ClassGeneratedBy '/Game/TopDownBP/Maps/TopDownExampleMap.TopDownExampleMap:PersistentLevel.TopDownExampleMap'
[2018.10.08-05.40.19:486][352]LogSlate: Updating window title bar state: overlay mode, drag disabled, window buttons hidden, title bar hidden
[2018.10.08-05.40.19:516][352]LogPlayLevel: Display: Shutting down PIE online subsystems
[2018.10.08-05.40.19:516][352]LogBlueprintUserMessages: Late EndPlayMap Detection: Level '/Game/TopDownBP/Maps/TopDownExampleMap.TopDownExampleMap:PersistentLevel' has LevelScriptBlueprint '/Game/TopDownBP/Maps/TopDownExampleMap.TopDownExampleMap:PersistentLevel.TopDownExampleMap' with GeneratedClass '/Game/TopDownBP/Maps/TopDownExampleMap.TopDownExampleMap_C' with ClassGeneratedBy '/Game/TopDownBP/Maps/TopDownExampleMap.TopDownExampleMap:PersistentLevel.TopDownExampleMap'
[2018.10.08-05.40.19:538][352]LogSlate: Updating window title bar state: overlay mode, drag disabled, window buttons hidden, title bar hidden
[2018.10.08-05.40.19:599][355]LogPlayLevel: Display: Destroying online subsystem :Context_1
[2018.10.08-05.40.39:933][704]LogSlate: FSceneViewport::OnFocusLost() reason 2
[2018.10.08-05.40.43:709][125]LogGameProjectGeneration: Warning: Failed to find a suffix for the default project name
[2018.10.08-05.40.43:714][125]LogSlate: FSceneViewport::OnFocusLost() reason 2
[2018.10.08-05.40.57:648][781]LogSlate: Window '새 프로젝트' being destroyed
[2018.10.08-07.32.49:501][ 41]LogSlate: FSceneViewport::OnFocusLost() reason 0
[2018.10.08-12.43.33:802][196]LogSlate: FSceneViewport::OnFocusLost() reason 0
[2018.10.08-13.46.20:707][531]LogSlate: FSceneViewport::OnFocusLost() reason 0
[2018.10.08-13.46.20:872][536]LogSlate: Window 'SurvivalProject - 언리얼 에디터' being destroyed
[2018.10.08-13.46.21:080][537]Cmd: QUIT_EDITOR
[2018.10.08-13.46.21:126][537]LogExit: Preparing to exit.
[2018.10.08-13.46.22:131][537]LogExit: Editor shut down
[2018.10.08-13.46.22:132][537]LogExit: Transaction tracking system shut down
[2018.10.08-13.46.22:826][537]LogExit: Object subsystem successfully closed.
[2018.10.08-13.46.22:855][537]LogShaderCompilers: Display: Shaders left to compile 0
[2018.10.08-13.46.22:859][537]LogD3D11RHI: Shutdown
[2018.10.08-13.46.22:859][537]LogD3D11RHI: CleanupD3DDevice
[2018.10.08-13.46.22:866][537]LogD3D11RHI: ~FD3D11DynamicRHI
[2018.10.08-13.46.22:919][537]LogModuleManager: Shutting down and abandoning module MovieSceneCapture (614)
[2018.10.08-13.46.22:919][537]LogModuleManager: Shutting down and abandoning module Voice (612)
[2018.10.08-13.46.22:919][537]LogModuleManager: Shutting down and abandoning module HierarchicalLODOutliner (610)
[2018.10.08-13.46.22:919][537]LogModuleManager: Shutting down and abandoning module SceneOutliner (608)
[2018.10.08-13.46.22:919][537]LogModuleManager: Shutting down and abandoning module AddContentDialog (606)
[2018.10.08-13.46.22:920][537]LogModuleManager: Shutting down and abandoning module WidgetCarousel (605)
[2018.10.08-13.46.22:920][537]LogModuleManager: Shutting down and abandoning module EditorWidgets (602)
[2018.10.08-13.46.22:920][537]LogModuleManager: Shutting down and abandoning module CollectionManager (600)
[2018.10.08-13.46.22:921][537]LogModuleManager: Shutting down and abandoning module StatsViewer (598)
[2018.10.08-13.46.22:921][537]LogModuleManager: Shutting down and abandoning module FoliageEdit (596)
[2018.10.08-13.46.22:922][537]LogModuleManager: Shutting down and abandoning module LandscapeEditor (594)
[2018.10.08-13.46.22:923][537]LogModuleManager: Shutting down and abandoning module MeshPaintMode (592)
[2018.10.08-13.46.22:923][537]LogModuleManager: Shutting down and abandoning module SceneDepthPickerMode (590)
[2018.10.08-13.46.22:923][537]LogModuleManager: Shutting down and abandoning module ActorPickerMode (588)
[2018.10.08-13.46.22:923][537]LogModuleManager: Shutting down and abandoning module GeometryMode (586)
[2018.10.08-13.46.22:923][537]LogModuleManager: Shutting down and abandoning module TextureAlignMode (584)
[2018.10.08-13.46.22:923][537]LogModuleManager: Shutting down and abandoning module BspMode (582)
[2018.10.08-13.46.22:923][537]LogModuleManager: Shutting down and abandoning module PIEPreviewDeviceProfileSelector (580)
[2018.10.08-13.46.22:924][537]LogModuleManager: Shutting down and abandoning module SequenceRecorderSections (578)
[2018.10.08-13.46.22:924][537]LogModuleManager: Shutting down and abandoning module AutomationWorker (576)
[2018.10.08-13.46.22:924][537]LogModuleManager: Shutting down and abandoning module AudioCaptureEditor (574)
[2018.10.08-13.46.22:924][537]LogModuleManager: Shutting down and abandoning module SequenceRecorder (573)
[2018.10.08-13.46.22:924][537]LogModuleManager: Shutting down and abandoning module MatineeToLevelSequence (570)
[2018.10.08-13.46.22:925][537]LogModuleManager: Shutting down and abandoning module LevelSequenceEditor (568)
[2018.10.08-13.46.22:926][537]LogModuleManager: Shutting down and abandoning module PlacementMode (567)
[2018.10.08-13.46.22:926][537]LogModuleManager: Shutting down and abandoning module MaterialEditor (566)
[2018.10.08-13.46.22:928][537]LogModuleManager: Shutting down and abandoning module WmfMediaFactory (562)
[2018.10.08-13.46.22:928][537]LogModuleManager: Shutting down and abandoning module WmfMediaEditor (560)
[2018.10.08-13.46.22:928][537]LogModuleManager: Shutting down and abandoning module MediaPlayerEditor (558)
[2018.10.08-13.46.22:929][537]LogModuleManager: Shutting down and abandoning module OpenExrWrapper (556)
[2018.10.08-13.46.22:930][537]LogModuleManager: Shutting down and abandoning module ImgMediaFactory (554)
[2018.10.08-13.46.22:930][537]LogModuleManager: Shutting down and abandoning module ImgMediaEditor (552)
[2018.10.08-13.46.22:930][537]LogModuleManager: Shutting down and abandoning module AvfMediaFactory (550)
[2018.10.08-13.46.22:930][537]LogModuleManager: Shutting down and abandoning module AvfMediaEditor (548)
[2018.10.08-13.46.22:930][537]LogModuleManager: Shutting down and abandoning module AndroidMediaFactory (546)
[2018.10.08-13.46.22:930][537]LogModuleManager: Shutting down and abandoning module AndroidMediaEditor (544)
[2018.10.08-13.46.22:930][537]LogModuleManager: Shutting down and abandoning module MagicLeapCameraPreviewFactory (542)
[2018.10.08-13.46.22:930][537]LogModuleManager: Shutting down and abandoning module MagicLeapMediaFactory (540)
[2018.10.08-13.46.22:930][537]LogModuleManager: Shutting down and abandoning module MagicLeapMediaEditor (538)
[2018.10.08-13.46.22:930][537]LogModuleManager: Shutting down and abandoning module CharacterAI (536)
[2018.10.08-13.46.22:930][537]LogModuleManager: Shutting down and abandoning module SmartSnapping (534)
[2018.10.08-13.46.22:930][537]LogModuleManager: Shutting down and abandoning module SessionServices (532)
[2018.10.08-13.46.22:930][537]LogModuleManager: Shutting down and abandoning module ViewportSnapping (530)
[2018.10.08-13.46.22:930][537]LogModuleManager: Shutting down and abandoning module ViewportInteraction (528)
[2018.10.08-13.46.22:930][537]LogModuleManager: Shutting down and abandoning module ClothPainter (526)
[2018.10.08-13.46.22:931][537]LogModuleManager: Shutting down and abandoning module SkeletalMeshEditor (525)
[2018.10.08-13.46.22:932][537]LogModuleManager: Shutting down and abandoning module LogVisualizer (522)
[2018.10.08-13.46.22:933][537]LogModuleManager: Shutting down and abandoning module IntroTutorials (520)
[2018.10.08-13.46.22:933][537]LogModuleManager: Shutting down and abandoning module GameProjectGeneration (519)
[2018.10.08-13.46.22:933][537]LogModuleManager: Shutting down and abandoning module LuminPlatformEditor (516)
[2018.10.08-13.46.22:933][537]LogModuleManager: Shutting down and abandoning module IOSPlatformEditor (514)
[2018.10.08-13.46.22:934][537]LogModuleManager: Shutting down and abandoning module HTML5PlatformEditor (512)
[2018.10.08-13.46.22:934][537]LogModuleManager: Shutting down and abandoning module AndroidPlatformEditor (510)
[2018.10.08-13.46.22:934][537]LogModuleManager: Shutting down and abandoning module AndroidDeviceDetection (509)
[2018.10.08-13.46.24:452][537]LogModuleManager: Shutting down and abandoning module WindowsPlatformEditor (506)
[2018.10.08-13.46.24:452][537]LogModuleManager: Shutting down and abandoning module LuminRuntimeSettings (504)
[2018.10.08-13.46.24:452][537]LogModuleManager: Shutting down and abandoning module IOSRuntimeSettings (502)
[2018.10.08-13.46.24:452][537]LogModuleManager: Shutting down and abandoning module AndroidRuntimeSettings (500)
[2018.10.08-13.46.24:452][537]LogModuleManager: Shutting down and abandoning module InputBindingEditor (498)
[2018.10.08-13.46.24:452][537]LogModuleManager: Shutting down and abandoning module MergeActors (496)
[2018.10.08-13.46.24:453][537]LogModuleManager: Shutting down and abandoning module LocalizationDashboard (494)
[2018.10.08-13.46.24:454][537]LogModuleManager: Shutting down and abandoning module LocalizationService (493)
[2018.10.08-13.46.24:454][537]LogModuleManager: Shutting down and abandoning module HardwareTargeting (490)
[2018.10.08-13.46.24:454][537]LogModuleManager: Shutting down and abandoning module DeviceProfileEditor (488)
[2018.10.08-13.46.24:454][537]LogModuleManager: Shutting down and abandoning module UndoHistory (486)
[2018.10.08-13.46.24:454][537]LogModuleManager: Shutting down and abandoning module XmlParser (484)
[2018.10.08-13.46.24:454][537]LogModuleManager: Shutting down and abandoning module Blutility (482)
[2018.10.08-13.46.24:455][537]LogModuleManager: Shutting down and abandoning module ProjectSettingsViewer (480)
[2018.10.08-13.46.24:455][537]LogModuleManager: Shutting down and abandoning module ProjectTargetPlatformEditor (479)
[2018.10.08-13.46.24:455][537]LogModuleManager: Shutting down and abandoning module EditorSettingsViewer (476)
[2018.10.08-13.46.24:455][537]LogModuleManager: Shutting down and abandoning module SettingsEditor (474)
[2018.10.08-13.46.24:456][537]LogModuleManager: Shutting down and abandoning module ProjectLauncher (472)
[2018.10.08-13.46.24:457][537]LogModuleManager: Shutting down and abandoning module SessionFrontend (470)
[2018.10.08-13.46.24:458][537]LogModuleManager: Shutting down and abandoning module ProfilerClient (468)
[2018.10.08-13.46.24:458][537]LogModuleManager: Shutting down and abandoning module DeviceManager (466)
[2018.10.08-13.46.24:458][537]LogModuleManager: Shutting down and abandoning module TargetDeviceServices (465)
[2018.10.08-13.46.24:509][537]LogModuleManager: Shutting down and abandoning module AutomationController (462)
[2018.10.08-13.46.24:510][537]LogModuleManager: Shutting down and abandoning module AutomationWindow (460)
[2018.10.08-13.46.24:510][537]LogModuleManager: Shutting down and abandoning module Layers (458)
[2018.10.08-13.46.24:512][537]LogModuleManager: Shutting down and abandoning module ComponentVisualizers (456)
[2018.10.08-13.46.24:512][537]LogModuleManager: Shutting down and abandoning module DetailCustomizations (454)
[2018.10.08-13.46.24:513][537]LogModuleManager: Shutting down and abandoning module PackagesDialog (452)
[2018.10.08-13.46.24:513][537]LogModuleManager: Shutting down and abandoning module Persona (450)
[2018.10.08-13.46.24:514][537]LogModuleManager: Shutting down and abandoning module AdvancedPreviewScene (449)
[2018.10.08-13.46.24:514][537]LogModuleManager: Shutting down and abandoning module AnimGraph (447)
[2018.10.08-13.46.24:515][537]LogModuleManager: Shutting down and abandoning module Kismet (444)
[2018.10.08-13.46.24:517][537]LogModuleManager: Shutting down and abandoning module GraphEditor (442)
[2018.10.08-13.46.24:518][537]LogModuleManager: Shutting down and abandoning module ClassViewer (440)
[2018.10.08-13.46.24:518][537]LogModuleManager: Shutting down and abandoning module Toolbox (438)
[2018.10.08-13.46.24:518][537]LogModuleManager: Shutting down and abandoning module ModuleUI (436)
[2018.10.08-13.46.24:519][537]LogModuleManager: Shutting down and abandoning module MovieSceneTools (434)
[2018.10.08-13.46.24:519][537]LogModuleManager: Shutting down and abandoning module OutputLog (432)
[2018.10.08-13.46.24:519][537]LogModuleManager: Shutting down and abandoning module GammaUI (430)
[2018.10.08-13.46.24:520][537]LogModuleManager: Shutting down and abandoning module Documentation (428)
[2018.10.08-13.46.24:520][537]LogModuleManager: Shutting down and abandoning module MovieSceneTracks (426)
[2018.10.08-13.46.24:520][537]LogModuleManager: Shutting down and abandoning module MovieScene (424)
[2018.10.08-13.46.24:520][537]LogModuleManager: Shutting down and abandoning module StreamingPauseRendering (422)
[2018.10.08-13.46.24:521][537]LogModuleManager: Shutting down and abandoning module LauncherPlatform (420)
[2018.10.08-13.46.24:521][537]LogModuleManager: Shutting down and abandoning module AnalyticsET (418)
[2018.10.08-13.46.24:521][537]LogModuleManager: Shutting down and abandoning module PortalServices (416)
[2018.10.08-13.46.24:521][537]LogModuleManager: Shutting down and abandoning module PortalRpc (414)
[2018.10.08-13.46.24:521][537]LogModuleManager: Shutting down and abandoning module MessagingRpc (412)
[2018.10.08-13.46.24:521][537]LogModuleManager: Shutting down and abandoning module AIModule (410)
[2018.10.08-13.46.24:521][537]LogModuleManager: Shutting down and abandoning module GameplayDebugger (409)
[2018.10.08-13.46.24:521][537]LogModuleManager: Shutting down and abandoning module AITestSuite (407)
[2018.10.08-13.46.24:522][537]LogModuleManager: Shutting down and abandoning module NavigationSystem (405)
[2018.10.08-13.46.24:522][537]LogModuleManager: Shutting down and abandoning module DesktopPlatform (402)
[2018.10.08-13.46.24:522][537]LogModuleManager: Shutting down and abandoning module ProfilerService (400)
[2018.10.08-13.46.24:562][537]LogModuleManager: Shutting down and abandoning module TaskGraph (398)
[2018.10.08-13.46.24:563][537]LogModuleManager: Shutting down and abandoning module SteamVRController (396)
[2018.10.08-13.46.24:563][537]LogModuleManager: Shutting down and abandoning module ProceduralMeshComponentEditor (394)
[2018.10.08-13.46.24:563][537]LogModuleManager: Shutting down and abandoning module ProceduralMeshComponent (392)
[2018.10.08-13.46.24:563][537]LogModuleManager: Shutting down and abandoning module OculusInput (390)
[2018.10.08-13.46.24:563][537]LogModuleManager: Shutting down and abandoning module MobilePatchingUtils (388)
[2018.10.08-13.46.24:563][537]LogModuleManager: Shutting down and abandoning module EditableMesh (386)
[2018.10.08-13.46.24:564][537]LogModuleManager: Shutting down and abandoning module CustomMeshComponent (384)
[2018.10.08-13.46.24:564][537]LogModuleManager: Shutting down and abandoning module CableComponent (382)
[2018.10.08-13.46.24:564][537]LogModuleManager: Shutting down and abandoning module AudioCapture (380)
[2018.10.08-13.46.24:564][537]LogModuleManager: Shutting down and abandoning module ArchVisCharacter (378)
[2018.10.08-13.46.24:564][537]LogModuleManager: Shutting down and abandoning module AndroidPermission (376)
[2018.10.08-13.46.24:564][537]LogModuleManager: Shutting down and abandoning module NUTUnrealEngine4 (374)
[2018.10.08-13.46.24:564][537]LogModuleManager: Shutting down and abandoning module NetcodeUnitTest (372)
[2018.10.08-13.46.24:565][537]LogModuleManager: Shutting down and abandoning module MediaCompositingEditor (370)
[2018.10.08-13.46.24:565][537]LogModuleManager: Shutting down and abandoning module MediaCompositing (368)
[2018.10.08-13.46.24:565][537]LogModuleManager: Shutting down and abandoning module LinearTimecode (366)
[2018.10.08-13.46.24:565][537]LogModuleManager: Shutting down and abandoning module ImgMedia (364)
[2018.10.08-13.46.24:568][537]LogModuleManager: Shutting down and abandoning module HTML5Networking (362)
[2018.10.08-13.46.24:568][537]LogModuleManager: Shutting down and abandoning module GeometryCacheTracks (360)
[2018.10.08-13.46.24:568][537]LogModuleManager: Shutting down and abandoning module GeometryCacheSequencer (358)
[2018.10.08-13.46.24:568][537]LogModuleManager: Shutting down and abandoning module BackChannel (356)
[2018.10.08-13.46.24:568][537]LogModuleManager: Shutting down and abandoning module AppleVision (354)
[2018.10.08-13.46.24:568][537]LogModuleManager: Shutting down and abandoning module AppleImageUtils (352)
[2018.10.08-13.46.24:568][537]LogModuleManager: Shutting down and abandoning module AlembicImporter (350)
[2018.10.08-13.46.24:568][537]LogModuleManager: Shutting down and abandoning module AlembicLibrary (349)
[2018.10.08-13.46.24:568][537]LogModuleManager: Shutting down and abandoning module GeometryCache (348)
[2018.10.08-13.46.24:568][537]LogModuleManager: Shutting down and abandoning module GeometryCacheEd (347)
[2018.10.08-13.46.24:569][537]LogModuleManager: Shutting down and abandoning module DatasmithContentEditor (342)
[2018.10.08-13.46.24:569][537]LogModuleManager: Shutting down and abandoning module DatasmithContent (340)
[2018.10.08-13.46.24:569][537]LogModuleManager: Shutting down and abandoning module SpeedTreeImporter (338)
[2018.10.08-13.46.24:569][537]LogModuleManager: Shutting down and abandoning module PluginBrowser (336)
[2018.10.08-13.46.24:571][537]LogModuleManager: Shutting down and abandoning module MobileLauncherProfileWizard (334)
[2018.10.08-13.46.24:571][537]LogModuleManager: Shutting down and abandoning module PolygonModeling (332)
[2018.10.08-13.46.24:571][537]LogModuleManager: Shutting down and abandoning module MeshEditor (330)
[2018.10.08-13.46.24:571][537]LogModuleManager: Shutting down and abandoning module CryptoKeysOpenSSL (328)
[2018.10.08-13.46.24:572][537]LogModuleManager: Shutting down and abandoning module CryptoKeys (326)
[2018.10.08-13.46.24:572][537]LogModuleManager: Shutting down and abandoning module VisualStudioSourceCodeAccess (324)
[2018.10.08-13.46.24:572][537]LogModuleManager: Shutting down and abandoning module VisualStudioCodeSourceCodeAccess (322)
[2018.10.08-13.46.24:572][537]LogModuleManager: Shutting down and abandoning module UObjectPlugin (320)
[2018.10.08-13.46.24:572][537]LogModuleManager: Shutting down and abandoning module SubversionSourceControl (318)
[2018.10.08-13.46.24:572][537]LogModuleManager: Shutting down and abandoning module PerforceSourceControl (316)
[2018.10.08-13.46.24:573][537]LogModuleManager: Shutting down and abandoning module GitSourceControl (314)
[2018.10.08-13.46.24:574][537]LogModuleManager: Shutting down and abandoning module SourceControl (313)
[2018.10.08-13.46.24:574][537]LogModuleManager: Shutting down and abandoning module CLionSourceCodeAccess (310)
[2018.10.08-13.46.24:574][537]LogModuleManager: Shutting down and abandoning module LightPropagationVolumeEditor (308)
[2018.10.08-13.46.24:574][537]LogModuleManager: Shutting down and abandoning module PaperTiledImporter (306)
[2018.10.08-13.46.24:574][537]LogModuleManager: Shutting down and abandoning module PaperSpriteSheetImporter (304)
[2018.10.08-13.46.24:574][537]LogModuleManager: Shutting down and abandoning module Paper2DEditor (302)
[2018.10.08-13.46.24:575][537]LogModuleManager: Shutting down and abandoning module MeshPaint (301)
[2018.10.08-13.46.24:575][537]LogModuleManager: Shutting down and abandoning module RuntimePhysXCooking (298)
[2018.10.08-13.46.24:575][537]LogModuleManager: Shutting down and abandoning module PhysXVehiclesEditor (296)
[2018.10.08-13.46.24:575][537]LogModuleManager: Shutting down and abandoning module PhysXVehicles (294)
[2018.10.08-13.46.24:575][537]LogModuleManager: Shutting down and abandoning module OculusEditor (292)
[2018.10.08-13.46.24:576][537]LogModuleManager: Shutting down and abandoning module LocationServicesBPLibrary (290)
[2018.10.08-13.46.24:576][537]LogModuleManager: Shutting down and abandoning module ImmediatePhysicsEditor (288)
[2018.10.08-13.46.24:576][537]LogModuleManager: Shutting down and abandoning module ImmediatePhysics (286)
[2018.10.08-13.46.24:576][537]LogModuleManager: Shutting down and abandoning module ActorSequence (284)
[2018.10.08-13.46.24:576][537]LogModuleManager: Shutting down and abandoning module UdpMessaging (282)
[2018.10.08-13.46.24:676][537]LogModuleManager: Shutting down and abandoning module TcpMessaging (280)
[2018.10.08-13.46.24:776][537]LogModuleManager: Shutting down and abandoning module MagicLeapAudio (278)
[2018.10.08-13.46.24:776][537]LogModuleManager: Shutting down and abandoning module GameplayTagsEditor (276)
[2018.10.08-13.46.24:777][537]LogModuleManager: Shutting down and abandoning module FacialAnimationEditor (274)
[2018.10.08-13.46.24:777][537]LogModuleManager: Shutting down and abandoning module FacialAnimation (272)
[2018.10.08-13.46.24:777][537]LogModuleManager: Shutting down and abandoning module DataValidation (270)
[2018.10.08-13.46.24:777][537]LogModuleManager: Shutting down and abandoning module AssetManagerEditor (268)
[2018.10.08-13.46.24:777][537]LogModuleManager: Shutting down and abandoning module LevelEditor (267)
[2018.10.08-13.46.24:779][537]LogModuleManager: Shutting down and abandoning module PixelInspectorModule (266)
[2018.10.08-13.46.24:779][537]LogModuleManager: Shutting down and abandoning module CommonMenuExtensions (264)
[2018.10.08-13.46.24:779][537]LogModuleManager: Shutting down and abandoning module MainFrame (262)
[2018.10.08-13.46.24:779][537]LogModuleManager: Shutting down and abandoning module HotReload (261)
[2018.10.08-13.46.24:781][537]LogModuleManager: Shutting down and abandoning module ContentBrowser (257)
[2018.10.08-13.46.24:781][537]LogModuleManager: Shutting down and abandoning module TreeMap (255)
[2018.10.08-13.46.24:782][537]LogModuleManager: Shutting down and abandoning module LightPropagationVolumeRuntime (252)
[2018.10.08-13.46.24:782][537]LogModuleManager: Shutting down and abandoning module AISupportModule (250)
[2018.10.08-13.46.24:782][537]LogModuleManager: Shutting down and abandoning module Paper2D (248)
[2018.10.08-13.46.24:782][537]LogModuleManager: Shutting down and abandoning module WindowsMoviePlayer (246)
[2018.10.08-13.46.24:783][537]LogModuleManager: Shutting down and abandoning module WmfMedia (244)
[2018.10.08-13.46.24:784][537]LogModuleManager: Shutting down and abandoning module Media (243)
[2018.10.08-13.46.24:789][537]LogModuleManager: Shutting down and abandoning module PacketHandler (240)
[2018.10.08-13.46.24:789][537]LogModuleManager: Shutting down and abandoning module ClothingSystemEditor (238)
[2018.10.08-13.46.24:789][537]LogModuleManager: Shutting down and abandoning module ClothingSystemRuntime (236)
[2018.10.08-13.46.24:790][537]LogModuleManager: Shutting down and abandoning module MediaAssets (234)
[2018.10.08-13.46.24:790][537]LogModuleManager: Shutting down and abandoning module Overlay (232)
[2018.10.08-13.46.24:790][537]LogModuleManager: Shutting down and abandoning module OverlayEditor (231)
[2018.10.08-13.46.24:790][537]LogModuleManager: Shutting down and abandoning module VREditor (228)
[2018.10.08-13.46.24:790][537]LogModuleManager: Shutting down and abandoning module StringTableEditor (226)
[2018.10.08-13.46.24:791][537]LogModuleManager: Shutting down and abandoning module GameplayTasksEditor (224)
[2018.10.08-13.46.24:791][537]LogModuleManager: Shutting down and abandoning module BehaviorTreeEditor (222)
[2018.10.08-13.46.24:792][537]LogModuleManager: Shutting down and abandoning module FunctionalTesting (220)
[2018.10.08-13.46.24:793][537]LogModuleManager: Shutting down and abandoning module CollisionAnalyzer (218)
[2018.10.08-13.46.24:794][537]LogModuleManager: Shutting down and abandoning module WorkspaceMenuStructure (217)
[2018.10.08-13.46.24:794][537]LogModuleManager: Shutting down and abandoning module UMG (214)
[2018.10.08-13.46.24:794][537]LogModuleManager: Shutting down and abandoning module UMGEditor (213)
[2018.10.08-13.46.24:796][537]LogModuleManager: Shutting down and abandoning module Sequencer (212)
[2018.10.08-13.46.24:798][537]LogModuleManager: Shutting down and abandoning module MessageLog (209)
[2018.10.08-13.46.24:798][537]LogModuleManager: Shutting down and abandoning module SlateReflector (204)
[2018.10.08-13.46.24:800][537]LogModuleManager: Shutting down and abandoning module Slate (202)
[2018.10.08-13.46.24:800][537]LogModuleManager: Shutting down and abandoning module EditorStyle (200)
[2018.10.08-13.46.24:802][537]LogModuleManager: Shutting down and abandoning module MRMesh (198)
[2018.10.08-13.46.24:802][537]LogModuleManager: Shutting down and abandoning module SourceCodeAccess (196)
[2018.10.08-13.46.24:802][537]LogModuleManager: Shutting down and abandoning module HeadMountedDisplay (194)
[2018.10.08-13.46.24:802][537]LogModuleManager: Shutting down and abandoning module XAudio2 (192)
[2018.10.08-13.46.24:802][537]LogModuleManager: Shutting down and abandoning module Networking (190)
[2018.10.08-13.46.24:802][537]LogModuleManager: Shutting down and abandoning module Core (188)
[2018.10.08-13.46.24:802][537]LogModuleManager: Shutting down and abandoning module LevelSequence (186)
[2018.10.08-13.46.24:802][537]LogModuleManager: Shutting down and abandoning module KismetCompiler (184)
[2018.10.08-13.46.24:802][537]LogModuleManager: Shutting down and abandoning module MeshUtilities (182)
[2018.10.08-13.46.24:803][537]LogModuleManager: Shutting down and abandoning module MeshMergeUtilities (181)
[2018.10.08-13.46.24:804][537]LogModuleManager: Shutting down and abandoning module MeshReductionInterface (180)
[2018.10.08-13.46.24:804][537]LogModuleManager: Shutting down and abandoning module SimplygonSwarm (179)
[2018.10.08-13.46.24:804][537]LogModuleManager: Shutting down and abandoning module ProxyLODMeshReduction (177)
[2018.10.08-13.46.24:805][537]LogModuleManager: Shutting down and abandoning module SimplygonMeshReduction (175)
[2018.10.08-13.46.24:805][537]LogModuleManager: Shutting down and abandoning module QuadricMeshReduction (173)
[2018.10.08-13.46.24:805][537]LogModuleManager: Shutting down and abandoning module MaterialBaking (169)
[2018.10.08-13.46.24:806][537]LogModuleManager: Shutting down and abandoning module DirectoryWatcher (165)
[2018.10.08-13.46.24:806][537]LogModuleManager: Shutting down and abandoning module DerivedDataCache (162)
[2018.10.08-13.46.24:856][537]LogDerivedDataCache: Shutdown
[2018.10.08-13.46.24:856][537]LogModuleManager: Shutting down and abandoning module XGEController (160)
[2018.10.08-13.46.24:856][537]LogModuleManager: Shutting down and abandoning module TargetPlatform (158)
[2018.10.08-13.46.24:856][537]LogModuleManager: Shutting down and abandoning module VulkanShaderFormat (157)
[2018.10.08-13.46.24:856][537]LogModuleManager: Shutting down and abandoning module ShaderFormatVectorVM (155)
[2018.10.08-13.46.24:857][537]LogModuleManager: Shutting down and abandoning module ShaderFormatOpenGL (153)
[2018.10.08-13.46.24:857][537]LogModuleManager: Shutting down and abandoning module ShaderFormatD3D (151)
[2018.10.08-13.46.24:857][537]LogModuleManager: Shutting down and abandoning module MetalShaderFormat (149)
[2018.10.08-13.46.24:858][537]LogModuleManager: Shutting down and abandoning module TextureFormatUncompressed (147)
[2018.10.08-13.46.24:858][537]LogModuleManager: Shutting down and abandoning module TextureFormatPVR (145)
[2018.10.08-13.46.24:858][537]LogModuleManager: Shutting down and abandoning module TextureFormatDXT (143)
[2018.10.08-13.46.24:858][537]LogModuleManager: Shutting down and abandoning module TextureFormatIntelISPCTexComp (141)
[2018.10.08-13.46.24:859][537]LogModuleManager: Shutting down and abandoning module TextureFormatASTC (139)
[2018.10.08-13.46.24:859][537]LogModuleManager: Shutting down and abandoning module ImageWrapper (138)
[2018.10.08-13.46.24:859][537]LogModuleManager: Shutting down and abandoning module TextureFormatAndroid (135)
[2018.10.08-13.46.24:859][537]LogModuleManager: Shutting down and abandoning module AudioFormatOpus (133)
[2018.10.08-13.46.24:859][537]LogModuleManager: Shutting down and abandoning module AudioFormatOgg (131)
[2018.10.08-13.46.24:859][537]LogModuleManager: Shutting down and abandoning module AudioFormatADPCM (129)
[2018.10.08-13.46.24:859][537]LogModuleManager: Shutting down and abandoning module LuminTargetPlatform (127)
[2018.10.08-13.46.24:859][537]LogModuleManager: Shutting down and abandoning module LinuxTargetPlatform (125)
[2018.10.08-13.46.24:859][537]LogModuleManager: Shutting down and abandoning module LinuxServerTargetPlatform (123)
[2018.10.08-13.46.24:859][537]LogModuleManager: Shutting down and abandoning module LinuxNoEditorTargetPlatform (121)
[2018.10.08-13.46.24:860][537]LogModuleManager: Shutting down and abandoning module LinuxClientTargetPlatform (119)
[2018.10.08-13.46.24:861][537]LogModuleManager: Shutting down and abandoning module TVOSTargetPlatform (117)
[2018.10.08-13.46.24:862][537]LogModuleManager: Shutting down and abandoning module Messaging (115)
[2018.10.08-13.46.24:862][537]LogModuleManager: Shutting down and abandoning module IOSTargetPlatform (113)
[2018.10.08-13.46.24:862][537]LogModuleManager: Shutting down and abandoning module HTML5TargetPlatform (111)
[2018.10.08-13.46.24:862][537]LogModuleManager: Shutting down and abandoning module AndroidTargetPlatform (109)
[2018.10.08-13.46.24:867][537]LogModuleManager: Shutting down and abandoning module WindowsTargetPlatform (107)
[2018.10.08-13.46.24:867][537]LogModuleManager: Shutting down and abandoning module WindowsServerTargetPlatform (105)
[2018.10.08-13.46.24:867][537]LogModuleManager: Shutting down and abandoning module WindowsNoEditorTargetPlatform (103)
[2018.10.08-13.46.24:867][537]LogModuleManager: Shutting down and abandoning module WindowsClientTargetPlatform (101)
[2018.10.08-13.46.24:867][537]LogModuleManager: Shutting down and abandoning module MacTargetPlatform (99)
[2018.10.08-13.46.24:867][537]LogModuleManager: Shutting down and abandoning module MacServerTargetPlatform (97)
[2018.10.08-13.46.24:867][537]LogModuleManager: Shutting down and abandoning module MacNoEditorTargetPlatform (95)
[2018.10.08-13.46.24:867][537]LogModuleManager: Shutting down and abandoning module MacClientTargetPlatform (93)
[2018.10.08-13.46.24:867][537]LogModuleManager: Shutting down and abandoning module AllDesktopTargetPlatform (91)
[2018.10.08-13.46.24:867][537]LogModuleManager: Shutting down and abandoning module InputCore (88)
[2018.10.08-13.46.24:867][537]LogModuleManager: Shutting down and abandoning module Settings (86)
[2018.10.08-13.46.24:867][537]LogModuleManager: Shutting down and abandoning module PhysXCooking (84)
[2018.10.08-13.46.24:867][537]LogModuleManager: Shutting down and abandoning module SteamVR (82)
[2018.10.08-13.46.24:867][537]LogModuleManager: Shutting down and abandoning module OculusHMD (80)
[2018.10.08-13.46.24:867][537]LogModuleManager: Shutting down and abandoning module ExampleDeviceProfileSelector (78)
[2018.10.08-13.46.24:867][537]LogModuleManager: Shutting down and abandoning module LauncherChunkInstaller (76)
[2018.10.08-13.46.24:867][537]LogModuleManager: Shutting down and abandoning module OnlineBlueprintSupport (74)
[2018.10.08-13.46.24:867][537]LogModuleManager: Shutting down and abandoning module OnlineSubsystem (70)
[2018.10.08-13.46.24:868][537]LogModuleManager: Shutting down and abandoning module XMPP (65)
[2018.10.08-13.46.24:869][537]LogModuleManager: Shutting down and abandoning module WebSockets (64)
[2018.10.08-13.46.24:887][537]LogModuleManager: Shutting down and abandoning module HTTP (61)
[2018.10.08-13.46.24:887][537]LogHttp: Display: Http module shutting down, but needs to wait on 1 outstanding Http requests:
[2018.10.08-13.46.24:887][537]LogHttp: Display: 	verb=[POST] url=[https://datarouter.ol.epicgames.com/datarouter/api/v1/public/data?SessionID=%7B40DBA8E4-4358-CB90-D42A-EDA58E553011%7D&AppID=UEEditor.Rocket.Release&AppVersion=4.20.3-4369336%2B%2B%2BUE4%2BRelease-4.20&UserID=650198434ccd3cd254a97e9ae1fa0420%7Ce43dd3a23f104cbd9c7b06680d185371%7Cfcdbf40f-1012-446c-a4ff-a3edfe47b01f&AppEnvironment=datacollector-binary&UploadType=eteventstream] status=Processing
[2018.10.08-13.46.24:907][537]LogModuleManager: Shutting down and abandoning module SSL (60)
[2018.10.08-13.46.24:908][537]LogModuleManager: Shutting down and abandoning module MagicLeapEmulator (56)
[2018.10.08-13.46.24:908][537]LogModuleManager: Shutting down and abandoning module MagicLeapPrivileges (54)
[2018.10.08-13.46.24:908][537]LogModuleManager: Shutting down and abandoning module MagicLeapIdentity (52)
[2018.10.08-13.46.24:908][537]LogModuleManager: Shutting down and abandoning module MagicLeapHelperVulkan (50)
[2018.10.08-13.46.24:909][537]LogModuleManager: Shutting down and abandoning module MagicLeapHelperOpenGL (48)
[2018.10.08-13.46.24:909][537]LogModuleManager: Shutting down and abandoning module MagicLeapSecureStorage (46)
[2018.10.08-13.46.24:909][537]LogModuleManager: Shutting down and abandoning module MagicLeapGestures (44)
[2018.10.08-13.46.24:909][537]LogModuleManager: Shutting down and abandoning module MagicLeapEyeTracker (42)
[2018.10.08-13.46.24:909][537]LogModuleManager: Shutting down and abandoning module MagicLeapController (40)
[2018.10.08-13.46.24:909][537]LogSlate: Slate User Destroyed.  User Index 0, Is Virtual User: 0
[2018.10.08-13.46.24:909][537]LogModuleManager: Shutting down and abandoning module MagicLeap (38)
[2018.10.08-13.46.24:909][537]LogModuleManager: Shutting down and abandoning module AnimationModifiers (36)
[2018.10.08-13.46.24:910][537]LogModuleManager: Shutting down and abandoning module PropertyEditor (35)
[2018.10.08-13.46.24:910][537]LogModuleManager: Shutting down and abandoning module AudioEditor (32)
[2018.10.08-13.46.24:911][537]LogModuleManager: Shutting down and abandoning module TextureCompressor (30)
[2018.10.08-13.46.24:912][537]LogModuleManager: Shutting down and abandoning module ShaderCore (28)
[2018.10.08-13.46.24:912][537]LogModuleManager: Shutting down and abandoning module Landscape (26)
[2018.10.08-13.46.24:912][537]LogModuleManager: Shutting down and abandoning module SlateRHIRenderer (24)
[2018.10.08-13.46.24:913][537]LogModuleManager: Shutting down and abandoning module OpenGLDrv (22)
[2018.10.08-13.46.24:913][537]LogModuleManager: Shutting down and abandoning module D3D11RHI (20)
[2018.10.08-13.46.24:913][537]LogModuleManager: Shutting down and abandoning module AnimGraphRuntime (18)
[2018.10.08-13.46.24:914][537]LogModuleManager: Shutting down and abandoning module Renderer (16)
[2018.10.08-13.46.24:914][537]LogModuleManager: Shutting down and abandoning module Engine (14)
[2018.10.08-13.46.24:914][537]LogModuleManager: Shutting down and abandoning module CoreUObject (12)
[2018.10.08-13.46.24:914][537]LogModuleManager: Shutting down and abandoning module NetworkFile (10)
[2018.10.08-13.46.24:914][537]LogModuleManager: Shutting down and abandoning module CookedIterativeFile (8)
[2018.10.08-13.46.24:914][537]LogModuleManager: Shutting down and abandoning module StreamingFile (6)
[2018.10.08-13.46.24:914][537]LogModuleManager: Shutting down and abandoning module SandboxFile (4)
[2018.10.08-13.46.24:914][537]LogModuleManager: Shutting down and abandoning module PakFile (2)
[2018.10.08-13.46.24:918][537]LogExit: Exiting.
[2018.10.08-13.46.24:942][537]Log file closed, 10/08/18 22:46:24
